<?xml version="1.0" encoding="UTF-8" ?>
<testsuite failures="0" time="17.695" errors="0" skipped="0" tests="576" name="TestSuite">
  <properties>
    <property name="java.runtime.name" value="Java(TM) SE Runtime Environment"/>
    <property name="sun.boot.library.path" value="/usr/lib/jvm/jdk1.6.0_33/jre/lib/amd64"/>
    <property name="java.vm.version" value="20.8-b03"/>
    <property name="java.vm.vendor" value="Sun Microsystems Inc."/>
    <property name="java.vendor.url" value="http://java.sun.com/"/>
    <property name="path.separator" value=":"/>
    <property name="java.vm.name" value="Java HotSpot(TM) 64-Bit Server VM"/>
    <property name="file.encoding.pkg" value="sun.io"/>
    <property name="user.country" value="US"/>
    <property name="sun.java.launcher" value="SUN_STANDARD"/>
    <property name="sun.os.patch.level" value="unknown"/>
    <property name="java.vm.specification.name" value="Java Virtual Machine Specification"/>
    <property name="user.dir" value="/software/weld/core/jboss-tck-runner"/>
    <property name="java.runtime.version" value="1.6.0_33-b04"/>
    <property name="java.awt.graphicsenv" value="sun.awt.X11GraphicsEnvironment"/>
    <property name="basedir" value="/software/weld/core/jboss-tck-runner"/>
    <property name="java.endorsed.dirs" value="/usr/lib/jvm/jdk1.6.0_33/jre/lib/endorsed"/>
    <property name="os.arch" value="amd64"/>
    <property name="surefire.real.class.path" value="/tmp/surefirebooter2231509771429696471.jar"/>
    <property name="java.io.tmpdir" value="/tmp"/>
    <property name="line.separator" value="
"/>
    <property name="java.vm.specification.vendor" value="Sun Microsystems Inc."/>
    <property name="os.name" value="Linux"/>
    <property name="sun.jnu.encoding" value="UTF-8"/>
    <property name="java.library.path" value="/usr/lib/jvm/jdk1.6.0_33/jre/lib/amd64/server:/usr/lib/jvm/jdk1.6.0_33/jre/lib/amd64:/usr/lib/jvm/jdk1.6.0_33/jre/../lib/amd64:/usr/java/packages/lib/amd64:/usr/lib64:/lib64:/lib:/usr/lib"/>
    <property name="surefire.test.class.path" value="/software/weld/core/jboss-tck-runner/target/test-classes:/software/weld/core/jboss-tck-runner/target/classes:/opt/apache-maven/repository/javax/enterprise/cdi-api/1.0-SP4/cdi-api-1.0-SP4.jar:/opt/apache-maven/repository/org/jboss/spec/javax/interceptor/jboss-interceptors-api_1.1_spec/1.0.0.Beta1/jboss-interceptors-api_1.1_spec-1.0.0.Beta1.jar:/opt/apache-maven/repository/javax/annotation/jsr250-api/1.0/jsr250-api-1.0.jar:/opt/apache-maven/repository/javax/inject/javax.inject/1/javax.inject-1.jar:/software/weld/core/impl/target/weld-core-1.1.9.Final.jar:/opt/apache-maven/repository/org/jboss/weld/weld-api/1.1.Final/weld-api-1.1.Final.jar:/opt/apache-maven/repository/org/jboss/weld/weld-spi/1.1.Final/weld-spi-1.1.Final.jar:/opt/apache-maven/repository/org/javassist/javassist/3.14.0-GA/javassist-3.14.0-GA.jar:/opt/apache-maven/repository/com/google/guava/guava/11.0.2/guava-11.0.2.jar:/opt/apache-maven/repository/com/google/code/findbugs/jsr305/1.3.9/jsr305-1.3.9.jar:/opt/apache-maven/repository/org/slf4j/slf4j-ext/1.6.1/slf4j-ext-1.6.1.jar:/opt/apache-maven/repository/ch/qos/cal10n/cal10n-api/0.7.2/cal10n-api-0.7.2.jar:/opt/apache-maven/repository/org/slf4j/slf4j-api/1.6.1/slf4j-api-1.6.1.jar:/software/weld/core/porting-package/target/weld-porting-package-1.1.9.Final.jar:/opt/apache-maven/repository/org/jboss/jsr299/tck/jsr299-tck-api/1.0.4.SP3/jsr299-tck-api-1.0.4.SP3.jar:/opt/apache-maven/repository/javax/el/el-api/2.2/el-api-2.2.jar:/software/weld/core/tests/target/weld-core-test-1.1.9.Final.jar:/opt/apache-maven/repository/org/jboss/spec/javax/servlet/jboss-servlet-api_3.0_spec/1.0.0.Beta2/jboss-servlet-api_3.0_spec-1.0.0.Beta2.jar:/opt/apache-maven/repository/org/jboss/spec/javax/ejb/jboss-ejb-api_3.1_spec/1.0.0.CR2/jboss-ejb-api_3.1_spec-1.0.0.CR2.jar:/opt/apache-maven/repository/org/jboss/spec/javax/transaction/jboss-transaction-api_1.1_spec/1.0.0.Beta1/jboss-transaction-api_1.1_spec-1.0.0.Beta1.jar:/opt/apache-maven/repository/javax/xml/jaxrpc-api/1.1/jaxrpc-api-1.1.jar:/opt/apache-maven/repository/javax/jms/jms/1.1/jms-1.1.jar:/opt/apache-maven/repository/org/jboss/test-harness/jboss-test-harness/1.1.0-CR9/jboss-test-harness-1.1.0-CR9.jar:/opt/apache-maven/repository/org/testng/testng/5.10/testng-5.10-jdk15.jar:/opt/apache-maven/repository/org/jboss/arquillian/container/arquillian-container-spi/1.0.0.CR7/arquillian-container-spi-1.0.0.CR7.jar:/opt/apache-maven/repository/org/jboss/arquillian/core/arquillian-core-spi/1.0.0.CR7/arquillian-core-spi-1.0.0.CR7.jar:/opt/apache-maven/repository/org/jboss/arquillian/config/arquillian-config-api/1.0.0.CR7/arquillian-config-api-1.0.0.CR7.jar:/opt/apache-maven/repository/org/jboss/arquillian/config/arquillian-config-impl-base/1.0.0.CR7/arquillian-config-impl-base-1.0.0.CR7.jar:/opt/apache-maven/repository/org/jboss/shrinkwrap/descriptors/shrinkwrap-descriptors-spi/1.1.0-beta-1/shrinkwrap-descriptors-spi-1.1.0-beta-1.jar:/opt/apache-maven/repository/org/jboss/shrinkwrap/shrinkwrap-api/1.0.0-cr-1/shrinkwrap-api-1.0.0-cr-1.jar:/opt/apache-maven/repository/org/jboss/shrinkwrap/descriptors/shrinkwrap-descriptors-api/1.1.0-beta-1/shrinkwrap-descriptors-api-1.1.0-beta-1.jar:/opt/apache-maven/repository/org/jboss/as/jboss-as-arquillian-common/7.1.1.Final/jboss-as-arquillian-common-7.1.1.Final.jar:/opt/apache-maven/repository/org/jboss/arquillian/container/arquillian-container-osgi/1.0.2.Final/arquillian-container-osgi-1.0.2.Final.jar:/opt/apache-maven/repository/org/jboss/arquillian/testenricher/arquillian-testenricher-cdi/1.0.0.CR7/arquillian-testenricher-cdi-1.0.0.CR7.jar:/opt/apache-maven/repository/org/jboss/arquillian/testenricher/arquillian-testenricher-ejb/1.0.0.CR7/arquillian-testenricher-ejb-1.0.0.CR7.jar:/opt/apache-maven/repository/org/jboss/arquillian/testenricher/arquillian-testenricher-initialcontext/1.0.0.CR7/arquillian-testenricher-initialcontext-1.0.0.CR7.jar:/opt/apache-maven/repository/org/jboss/arquillian/testenricher/arquillian-testenricher-osgi/1.0.2.Final/arquillian-testenricher-osgi-1.0.2.Final.jar:/opt/apache-maven/repository/org/jboss/arquillian/testenricher/arquillian-testenricher-resource/1.0.0.CR7/arquillian-testenricher-resource-1.0.0.CR7.jar:/opt/apache-maven/repository/org/jboss/as/jboss-as-arquillian-testenricher-msc/7.1.1.Final/jboss-as-arquillian-testenricher-msc-7.1.1.Final.jar:/opt/apache-maven/repository/org/jboss/logging/jboss-logging/3.1.0.GA/jboss-logging-3.1.0.GA.jar:/opt/apache-maven/repository/org/jboss/msc/jboss-msc/1.0.2.GA/jboss-msc-1.0.2.GA.jar:/opt/apache-maven/repository/org/jboss/as/jboss-as-controller-client/7.1.1.Final/jboss-as-controller-client-7.1.1.Final.jar:/opt/apache-maven/repository/org/jboss/as/jboss-as-protocol/7.1.1.Final/jboss-as-protocol-7.1.1.Final.jar:/opt/apache-maven/repository/org/jboss/xnio/xnio-nio/3.0.3.GA/xnio-nio-3.0.3.GA.jar:/opt/apache-maven/repository/org/jboss/jboss-dmr/1.1.1.Final/jboss-dmr-1.1.1.Final.jar:/opt/apache-maven/repository/org/jboss/threads/jboss-threads/2.0.0.GA/jboss-threads-2.0.0.GA.jar:/opt/apache-maven/repository/org/jboss/as/jboss-as-jmx/7.1.1.Final/jboss-as-jmx-7.1.1.Final.jar:/opt/apache-maven/repository/org/jboss/jboss-common-core/2.2.17.GA/jboss-common-core-2.2.17.GA.jar:/opt/apache-maven/repository/org/jboss/as/jboss-as-server/7.1.1.Final/jboss-as-server-7.1.1.Final.jar:/opt/apache-maven/repository/org/jboss/as/jboss-as-controller/7.1.1.Final/jboss-as-controller-7.1.1.Final.jar:/opt/apache-maven/repository/org/jboss/staxmapper/1.1.0.Final/staxmapper-1.1.0.Final.jar:/opt/apache-maven/repository/org/jboss/as/jboss-as-domain-http-interface/7.1.1.Final/jboss-as-domain-http-interface-7.1.1.Final.jar:/opt/apache-maven/repository/org/jboss/as/jboss-as-domain-management/7.1.1.Final/jboss-as-domain-management-7.1.1.Final.jar:/opt/apache-maven/repository/org/jboss/com/sun/httpserver/httpserver/1.0.0.Final/httpserver-1.0.0.Final.jar:/opt/apache-maven/repository/org/jboss/as/jboss-as-deployment-repository/7.1.1.Final/jboss-as-deployment-repository-7.1.1.Final.jar:/opt/apache-maven/repository/org/jboss/as/jboss-as-embedded/7.1.1.Final/jboss-as-embedded-7.1.1.Final.jar:/opt/apache-maven/repository/org/jboss/as/jboss-as-platform-mbean/7.1.1.Final/jboss-as-platform-mbean-7.1.1.Final.jar:/opt/apache-maven/repository/org/jboss/as/jboss-as-process-controller/7.1.1.Final/jboss-as-process-controller-7.1.1.Final.jar:/usr/lib/jvm/jdk1.6.0_33/jre/../lib/tools.jar:/opt/apache-maven/repository/org/jboss/as/jboss-as-remoting/7.1.1.Final/jboss-as-remoting-7.1.1.Final.jar:/opt/apache-maven/repository/org/jboss/as/jboss-as-network/7.1.1.Final/jboss-as-network-7.1.1.Final.jar:/opt/apache-maven/repository/org/jboss/as/jboss-as-threads/7.1.1.Final/jboss-as-threads-7.1.1.Final.jar:/opt/apache-maven/repository/org/jboss/jandex/1.0.3.Final/jandex-1.0.3.Final.jar:/opt/apache-maven/repository/org/jboss/invocation/jboss-invocation/1.1.1.Final/jboss-invocation-1.1.1.Final.jar:/opt/apache-maven/repository/org/jboss/logmanager/jboss-logmanager-log4j/1.0.0.GA/jboss-logmanager-log4j-1.0.0.GA.jar:/opt/apache-maven/repository/org/jboss/modules/jboss-modules/1.1.1.GA/jboss-modules-1.1.1.GA.jar:/opt/apache-maven/repository/org/jboss/stdio/jboss-stdio/1.0.1.GA/jboss-stdio-1.0.1.GA.jar:/opt/apache-maven/repository/org/jboss/jboss-vfs/2.1.3.SP1/jboss-vfs-2.1.3.SP1.jar:/opt/apache-maven/repository/org/jboss/marshalling/jboss-marshalling/1.3.11.GA/jboss-marshalling-1.3.11.GA.jar:/opt/apache-maven/repository/org/jboss/marshalling/jboss-marshalling-river/1.3.11.GA/jboss-marshalling-river-1.3.11.GA.jar:/opt/apache-maven/repository/org/jboss/osgi/spi/jbosgi-spi/3.0.1.Final/jbosgi-spi-3.0.1.Final.jar:/opt/apache-maven/repository/org/jboss/osgi/vfs/jbosgi-vfs/1.0.7.Final/jbosgi-vfs-1.0.7.Final.jar:/opt/apache-maven/repository/org/jboss/shrinkwrap/resolver/shrinkwrap-resolver-impl-maven/1.0.0-beta-5/shrinkwrap-resolver-impl-maven-1.0.0-beta-5.jar:/opt/apache-maven/repository/org/jboss/shrinkwrap/resolver/shrinkwrap-resolver-api/1.0.0-beta-5/shrinkwrap-resolver-api-1.0.0-beta-5.jar:/opt/apache-maven/repository/org/jboss/shrinkwrap/resolver/shrinkwrap-resolver-api-maven/1.0.0-beta-5/shrinkwrap-resolver-api-maven-1.0.0-beta-5.jar:/opt/apache-maven/repository/org/sonatype/aether/aether-api/1.8/aether-api-1.8.jar:/opt/apache-maven/repository/org/sonatype/aether/aether-util/1.8/aether-util-1.8.jar:/opt/apache-maven/repository/org/sonatype/aether/aether-connector-wagon/1.8/aether-connector-wagon-1.8.jar:/opt/apache-maven/repository/org/sonatype/aether/aether-spi/1.8/aether-spi-1.8.jar:/opt/apache-maven/repository/org/codehaus/plexus/plexus-container-default/1.5.5/plexus-container-default-1.5.5.jar:/opt/apache-maven/repository/org/codehaus/plexus/plexus-classworlds/2.2.2/plexus-classworlds-2.2.2.jar:/opt/apache-maven/repository/org/apache/xbean/xbean-reflect/3.4/xbean-reflect-3.4.jar:/opt/apache-maven/repository/log4j/log4j/1.2.12/log4j-1.2.12.jar:/opt/apache-maven/repository/com/google/collections/google-collections/1.0/google-collections-1.0.jar:/opt/apache-maven/repository/org/apache/maven/maven-aether-provider/3.0.1/maven-aether-provider-3.0.1.jar:/opt/apache-maven/repository/org/apache/maven/maven-model/3.0.1/maven-model-3.0.1.jar:/opt/apache-maven/repository/org/apache/maven/maven-model-builder/3.0.1/maven-model-builder-3.0.1.jar:/opt/apache-maven/repository/org/apache/maven/maven-repository-metadata/3.0.1/maven-repository-metadata-3.0.1.jar:/opt/apache-maven/repository/org/sonatype/aether/aether-impl/1.8/aether-impl-1.8.jar:/opt/apache-maven/repository/org/codehaus/plexus/plexus-component-annotations/1.5.5/plexus-component-annotations-1.5.5.jar:/opt/apache-maven/repository/org/codehaus/plexus/plexus-utils/2.0.4/plexus-utils-2.0.4.jar:/opt/apache-maven/repository/org/apache/maven/maven-settings-builder/3.0.1/maven-settings-builder-3.0.1.jar:/opt/apache-maven/repository/org/codehaus/plexus/plexus-interpolation/1.14/plexus-interpolation-1.14.jar:/opt/apache-maven/repository/org/apache/maven/maven-settings/3.0.1/maven-settings-3.0.1.jar:/opt/apache-maven/repository/org/sonatype/plexus/plexus-sec-dispatcher/1.3/plexus-sec-dispatcher-1.3.jar:/opt/apache-maven/repository/org/sonatype/plexus/plexus-cipher/1.4/plexus-cipher-1.4.jar:/opt/apache-maven/repository/org/apache/maven/wagon/wagon-provider-api/1.0-beta-7/wagon-provider-api-1.0-beta-7.jar:/opt/apache-maven/repository/org/apache/maven/wagon/wagon-file/1.0-beta-7/wagon-file-1.0-beta-7.jar:/opt/apache-maven/repository/org/apache/maven/wagon/wagon-http-lightweight/1.0-beta-7/wagon-http-lightweight-1.0-beta-7.jar:/opt/apache-maven/repository/org/apache/maven/wagon/wagon-http-shared/1.0-beta-7/wagon-http-shared-1.0-beta-7.jar:/opt/apache-maven/repository/org/jboss/remotingjmx/remoting-jmx/1.0.2.Final/remoting-jmx-1.0.2.Final.jar:/opt/apache-maven/repository/org/jboss/logmanager/jboss-logmanager/1.2.2.GA/jboss-logmanager-1.2.2.GA.jar:/opt/apache-maven/repository/org/jboss/remoting3/jboss-remoting/3.2.2.GA/jboss-remoting-3.2.2.GA.jar:/opt/apache-maven/repository/org/jboss/xnio/xnio-api/3.0.3.GA/xnio-api-3.0.3.GA.jar:/opt/apache-maven/repository/org/jboss/sasl/jboss-sasl/1.0.0.Final/jboss-sasl-1.0.0.Final.jar:/opt/apache-maven/repository/org/osgi/org.osgi.core/4.2.0/org.osgi.core-4.2.0.jar:/opt/apache-maven/repository/org/jboss/arquillian/core/arquillian-core-api/1.0.0.CR7/arquillian-core-api-1.0.0.CR7.jar:/opt/apache-maven/repository/org/jboss/as/jboss-as-build-config/7.1.1.Final/jboss-as-build-config-7.1.1.Final.jar:/opt/apache-maven/repository/org/jboss/jbossas/as7-cdi-tck/jbossas-container/1.0.0.CR2/jbossas-container-1.0.0.CR2.jar:/opt/apache-maven/repository/org/jboss/test-harness/jboss-test-harness-api/1.1.0-CR9/jboss-test-harness-api-1.1.0-CR9.jar:/opt/apache-maven/repository/org/jboss/shrinkwrap/shrinkwrap-impl-base/1.0.0-cr-1/shrinkwrap-impl-base-1.0.0-cr-1.jar:/opt/apache-maven/repository/org/jboss/shrinkwrap/shrinkwrap-spi/1.0.0-cr-1/shrinkwrap-spi-1.0.0-cr-1.jar:/opt/apache-maven/repository/org/jboss/arquillian/core/arquillian-core-impl-base/1.0.0.CR7/arquillian-core-impl-base-1.0.0.CR7.jar:/opt/apache-maven/repository/org/jboss/as/jboss-as-arquillian-container-managed/7.1.1.Final/jboss-as-arquillian-container-managed-7.1.1.Final.jar:/opt/apache-maven/repository/org/jboss/as/jboss-as-arquillian-protocol-jmx/7.1.1.Final/jboss-as-arquillian-protocol-jmx-7.1.1.Final.jar:/opt/apache-maven/repository/org/jboss/as/jboss-as-osgi-service/7.1.1.Final/jboss-as-osgi-service-7.1.1.Final.jar:/opt/apache-maven/repository/org/jboss/as/jboss-as-ee/7.1.1.Final/jboss-as-ee-7.1.1.Final.jar:/opt/apache-maven/repository/org/hibernate/hibernate-validator/4.2.0.Final/hibernate-validator-4.2.0.Final.jar:/opt/apache-maven/repository/org/jboss/interceptor/jboss-interceptor-spi/2.0.0.Final/jboss-interceptor-spi-2.0.0.Final.jar:/opt/apache-maven/repository/org/jboss/metadata/jboss-metadata-common/7.0.1.Final/jboss-metadata-common-7.0.1.Final.jar:/opt/apache-maven/repository/org/jboss/metadata/jboss-metadata-ear/7.0.1.Final/jboss-metadata-ear-7.0.1.Final.jar:/opt/apache-maven/repository/org/jboss/spec/javax/annotation/jboss-annotations-api_1.1_spec/1.0.0.Final/jboss-annotations-api_1.1_spec-1.0.0.Final.jar:/opt/apache-maven/repository/org/jboss/as/jboss-as-naming/7.1.1.Final/jboss-as-naming-7.1.1.Final.jar:/opt/apache-maven/repository/org/jboss/jboss-remote-naming/1.0.2.Final/jboss-remote-naming-1.0.2.Final.jar:/opt/apache-maven/repository/org/jboss/jboss-ejb-client/1.0.0.Final/jboss-ejb-client-1.0.0.Final.jar:/opt/apache-maven/repository/org/jboss/osgi/framework/jbosgi-framework-core/1.1.8.Final/jbosgi-framework-core-1.1.8.Final.jar:/opt/apache-maven/repository/org/jboss/osgi/deployment/jbosgi-deployment/1.0.12.Final/jbosgi-deployment-1.0.12.Final.jar:/opt/apache-maven/repository/org/jboss/osgi/resolver/jbosgi-resolver-felix/1.0.13.Final/jbosgi-resolver-felix-1.0.13.Final.jar:/opt/apache-maven/repository/org/jboss/osgi/resolver/jbosgi-resolver-api/1.0.13.Final/jbosgi-resolver-api-1.0.13.Final.jar:/opt/apache-maven/repository/org/jboss/osgi/metadata/jbosgi-metadata/2.0.3.Final/jbosgi-metadata-2.0.3.Final.jar:/opt/apache-maven/repository/org/jboss/osgi/resolver/jbosgi-resolver-spi/1.0.13.Final/jbosgi-resolver-spi-1.0.13.Final.jar:/opt/apache-maven/repository/org/jboss/osgi/vfs/jbosgi-vfs30/1.0.7.Final/jbosgi-vfs30-1.0.7.Final.jar:/opt/apache-maven/repository/org/osgi/org.osgi.compendium/4.2.0/org.osgi.compendium-4.2.0.jar:/opt/apache-maven/repository/org/jboss/osgi/repository/jbosgi-repository-core/1.0.5/jbosgi-repository-core-1.0.5.jar:/opt/apache-maven/repository/org/jboss/osgi/repository/jbosgi-repository-api/1.0.5/jbosgi-repository-api-1.0.5.jar:/opt/apache-maven/repository/org/jboss/osgi/resolver/jbosgi-resolver-api-v2/2.0.0.Beta2/jbosgi-resolver-api-v2-2.0.0.Beta2.jar:/opt/apache-maven/repository/org/apache/felix/org.apache.felix.resolver/0.1.0.Beta1/org.apache.felix.resolver-0.1.0.Beta1.jar:/opt/apache-maven/repository/org/osgi/org.osgi.enterprise/4.2.0/org.osgi.enterprise-4.2.0.jar:/opt/apache-maven/repository/org/jboss/arquillian/protocol/arquillian-protocol-jmx/1.0.0.CR7/arquillian-protocol-jmx-1.0.0.CR7.jar:/opt/apache-maven/repository/org/jboss/arquillian/container/arquillian-container-impl-base/1.0.0.CR7/arquillian-container-impl-base-1.0.0.CR7.jar:/opt/apache-maven/repository/org/jboss/arquillian/container/arquillian-weld-ee-embedded-1.1/1.0.0.CR3/arquillian-weld-ee-embedded-1.1-1.0.0.CR3.jar:/opt/apache-maven/repository/org/jboss/arquillian/container/arquillian-container-test-spi/1.0.0.CR7/arquillian-container-test-spi-1.0.0.CR7.jar:/opt/apache-maven/repository/org/jboss/arquillian/test/arquillian-test-spi/1.0.0.CR7/arquillian-test-spi-1.0.0.CR7.jar:/opt/apache-maven/repository/org/jboss/arquillian/test/arquillian-test-impl-base/1.0.0.CR7/arquillian-test-impl-base-1.0.0.CR7.jar:/opt/apache-maven/repository/org/jboss/arquillian/test/arquillian-test-api/1.0.0.CR7/arquillian-test-api-1.0.0.CR7.jar:/opt/apache-maven/repository/org/jboss/arquillian/container/arquillian-container-test-impl-base/1.0.0.CR7/arquillian-container-test-impl-base-1.0.0.CR7.jar:/opt/apache-maven/repository/org/jboss/arquillian/container/arquillian-container-test-api/1.0.0.CR7/arquillian-container-test-api-1.0.0.CR7.jar:/opt/apache-maven/repository/org/slf4j/slf4j-simple/1.6.1/slf4j-simple-1.6.1.jar:/opt/apache-maven/repository/javax/servlet/servlet-api/2.5/servlet-api-2.5.jar:/opt/apache-maven/repository/javax/servlet/jsp/jsp-api/2.1/jsp-api-2.1.jar:/opt/apache-maven/repository/javax/transaction/jta/1.1/jta-1.1.jar:/opt/apache-maven/repository/javax/validation/validation-api/1.0.0.GA/validation-api-1.0.0.GA.jar:/opt/apache-maven/repository/org/jboss/test-audit/jboss-test-audit-api/1.1.0.CR1/jboss-test-audit-api-1.1.0.CR1.jar:/opt/apache-maven/repository/org/jboss/ejb3/jboss-ejb3-api/3.1.0/jboss-ejb3-api-3.1.0.jar:/opt/apache-maven/repository/javax/jws/jsr181-api/1.0-MR1/jsr181-api-1.0-MR1.jar:/opt/apache-maven/repository/javax/faces/jsf-api/2.0/jsf-api-2.0.jar:/opt/apache-maven/repository/javax/persistence/persistence-api/1.0/persistence-api-1.0.jar:/opt/apache-maven/repository/commons-httpclient/commons-httpclient/3.1/commons-httpclient-3.1.jar:/opt/apache-maven/repository/commons-logging/commons-logging/1.0.4/commons-logging-1.0.4.jar:/opt/apache-maven/repository/commons-codec/commons-codec/1.2/commons-codec-1.2.jar:/opt/apache-maven/repository/net/sourceforge/htmlunit/htmlunit/2.4/htmlunit-2.4.jar:/opt/apache-maven/repository/xalan/xalan/2.7.1/xalan-2.7.1.jar:/opt/apache-maven/repository/xalan/serializer/2.7.1/serializer-2.7.1.jar:/opt/apache-maven/repository/xml-apis/xml-apis/1.3.04/xml-apis-1.3.04.jar:/opt/apache-maven/repository/commons-collections/commons-collections/3.2.1/commons-collections-3.2.1.jar:/opt/apache-maven/repository/commons-lang/commons-lang/2.4/commons-lang-2.4.jar:/opt/apache-maven/repository/net/sourceforge/htmlunit/htmlunit-core-js/2.4/htmlunit-core-js-2.4.jar:/opt/apache-maven/repository/net/sourceforge/nekohtml/nekohtml/1.9.11/nekohtml-1.9.11.jar:/opt/apache-maven/repository/xerces/xercesImpl/2.8.1/xercesImpl-2.8.1.jar:/opt/apache-maven/repository/net/sourceforge/cssparser/cssparser/0.9.5/cssparser-0.9.5.jar:/opt/apache-maven/repository/org/w3c/css/sac/1.3/sac-1.3.jar:/opt/apache-maven/repository/commons-io/commons-io/1.4/commons-io-1.4.jar:/opt/apache-maven/repository/org/jboss/test-audit/jboss-test-audit-impl/1.1.0.CR1/jboss-test-audit-impl-1.1.0.CR1.jar:/opt/apache-maven/repository/org/glassfish/web/el-impl/2.1.2-b04/el-impl-2.1.2-b04.jar:/opt/apache-maven/repository/org/jboss/jsr299/tck/jsr299-tck-impl/1.0.4.SP3/jsr299-tck-impl-1.0.4.SP3.jar:"/>
    <property name="java.specification.name" value="Java Platform API Specification"/>
    <property name="java.class.version" value="50.0"/>
    <property name="sun.management.compiler" value="HotSpot 64-Bit Tiered Compilers"/>
    <property name="os.version" value="3.0.0-17-generic"/>
    <property name="user.home" value="/home/jsnyder"/>
    <property name="user.timezone" value="America/New_York"/>
    <property name="java.awt.printerjob" value="sun.print.PSPrinterJob"/>
    <property name="file.encoding" value="UTF-8"/>
    <property name="java.specification.version" value="1.6"/>
    <property name="user.name" value="jsnyder"/>
    <property name="java.class.path" value="/software/weld/core/jboss-tck-runner/target/test-classes:/software/weld/core/jboss-tck-runner/target/classes:/opt/apache-maven/repository/javax/enterprise/cdi-api/1.0-SP4/cdi-api-1.0-SP4.jar:/opt/apache-maven/repository/org/jboss/spec/javax/interceptor/jboss-interceptors-api_1.1_spec/1.0.0.Beta1/jboss-interceptors-api_1.1_spec-1.0.0.Beta1.jar:/opt/apache-maven/repository/javax/annotation/jsr250-api/1.0/jsr250-api-1.0.jar:/opt/apache-maven/repository/javax/inject/javax.inject/1/javax.inject-1.jar:/software/weld/core/impl/target/weld-core-1.1.9.Final.jar:/opt/apache-maven/repository/org/jboss/weld/weld-api/1.1.Final/weld-api-1.1.Final.jar:/opt/apache-maven/repository/org/jboss/weld/weld-spi/1.1.Final/weld-spi-1.1.Final.jar:/opt/apache-maven/repository/org/javassist/javassist/3.14.0-GA/javassist-3.14.0-GA.jar:/opt/apache-maven/repository/com/google/guava/guava/11.0.2/guava-11.0.2.jar:/opt/apache-maven/repository/com/google/code/findbugs/jsr305/1.3.9/jsr305-1.3.9.jar:/opt/apache-maven/repository/org/slf4j/slf4j-ext/1.6.1/slf4j-ext-1.6.1.jar:/opt/apache-maven/repository/ch/qos/cal10n/cal10n-api/0.7.2/cal10n-api-0.7.2.jar:/opt/apache-maven/repository/org/slf4j/slf4j-api/1.6.1/slf4j-api-1.6.1.jar:/software/weld/core/porting-package/target/weld-porting-package-1.1.9.Final.jar:/opt/apache-maven/repository/org/jboss/jsr299/tck/jsr299-tck-api/1.0.4.SP3/jsr299-tck-api-1.0.4.SP3.jar:/opt/apache-maven/repository/javax/el/el-api/2.2/el-api-2.2.jar:/software/weld/core/tests/target/weld-core-test-1.1.9.Final.jar:/opt/apache-maven/repository/org/jboss/spec/javax/servlet/jboss-servlet-api_3.0_spec/1.0.0.Beta2/jboss-servlet-api_3.0_spec-1.0.0.Beta2.jar:/opt/apache-maven/repository/org/jboss/spec/javax/ejb/jboss-ejb-api_3.1_spec/1.0.0.CR2/jboss-ejb-api_3.1_spec-1.0.0.CR2.jar:/opt/apache-maven/repository/org/jboss/spec/javax/transaction/jboss-transaction-api_1.1_spec/1.0.0.Beta1/jboss-transaction-api_1.1_spec-1.0.0.Beta1.jar:/opt/apache-maven/repository/javax/xml/jaxrpc-api/1.1/jaxrpc-api-1.1.jar:/opt/apache-maven/repository/javax/jms/jms/1.1/jms-1.1.jar:/opt/apache-maven/repository/org/jboss/test-harness/jboss-test-harness/1.1.0-CR9/jboss-test-harness-1.1.0-CR9.jar:/opt/apache-maven/repository/org/testng/testng/5.10/testng-5.10-jdk15.jar:/opt/apache-maven/repository/org/jboss/arquillian/container/arquillian-container-spi/1.0.0.CR7/arquillian-container-spi-1.0.0.CR7.jar:/opt/apache-maven/repository/org/jboss/arquillian/core/arquillian-core-spi/1.0.0.CR7/arquillian-core-spi-1.0.0.CR7.jar:/opt/apache-maven/repository/org/jboss/arquillian/config/arquillian-config-api/1.0.0.CR7/arquillian-config-api-1.0.0.CR7.jar:/opt/apache-maven/repository/org/jboss/arquillian/config/arquillian-config-impl-base/1.0.0.CR7/arquillian-config-impl-base-1.0.0.CR7.jar:/opt/apache-maven/repository/org/jboss/shrinkwrap/descriptors/shrinkwrap-descriptors-spi/1.1.0-beta-1/shrinkwrap-descriptors-spi-1.1.0-beta-1.jar:/opt/apache-maven/repository/org/jboss/shrinkwrap/shrinkwrap-api/1.0.0-cr-1/shrinkwrap-api-1.0.0-cr-1.jar:/opt/apache-maven/repository/org/jboss/shrinkwrap/descriptors/shrinkwrap-descriptors-api/1.1.0-beta-1/shrinkwrap-descriptors-api-1.1.0-beta-1.jar:/opt/apache-maven/repository/org/jboss/as/jboss-as-arquillian-common/7.1.1.Final/jboss-as-arquillian-common-7.1.1.Final.jar:/opt/apache-maven/repository/org/jboss/arquillian/container/arquillian-container-osgi/1.0.2.Final/arquillian-container-osgi-1.0.2.Final.jar:/opt/apache-maven/repository/org/jboss/arquillian/testenricher/arquillian-testenricher-cdi/1.0.0.CR7/arquillian-testenricher-cdi-1.0.0.CR7.jar:/opt/apache-maven/repository/org/jboss/arquillian/testenricher/arquillian-testenricher-ejb/1.0.0.CR7/arquillian-testenricher-ejb-1.0.0.CR7.jar:/opt/apache-maven/repository/org/jboss/arquillian/testenricher/arquillian-testenricher-initialcontext/1.0.0.CR7/arquillian-testenricher-initialcontext-1.0.0.CR7.jar:/opt/apache-maven/repository/org/jboss/arquillian/testenricher/arquillian-testenricher-osgi/1.0.2.Final/arquillian-testenricher-osgi-1.0.2.Final.jar:/opt/apache-maven/repository/org/jboss/arquillian/testenricher/arquillian-testenricher-resource/1.0.0.CR7/arquillian-testenricher-resource-1.0.0.CR7.jar:/opt/apache-maven/repository/org/jboss/as/jboss-as-arquillian-testenricher-msc/7.1.1.Final/jboss-as-arquillian-testenricher-msc-7.1.1.Final.jar:/opt/apache-maven/repository/org/jboss/logging/jboss-logging/3.1.0.GA/jboss-logging-3.1.0.GA.jar:/opt/apache-maven/repository/org/jboss/msc/jboss-msc/1.0.2.GA/jboss-msc-1.0.2.GA.jar:/opt/apache-maven/repository/org/jboss/as/jboss-as-controller-client/7.1.1.Final/jboss-as-controller-client-7.1.1.Final.jar:/opt/apache-maven/repository/org/jboss/as/jboss-as-protocol/7.1.1.Final/jboss-as-protocol-7.1.1.Final.jar:/opt/apache-maven/repository/org/jboss/xnio/xnio-nio/3.0.3.GA/xnio-nio-3.0.3.GA.jar:/opt/apache-maven/repository/org/jboss/jboss-dmr/1.1.1.Final/jboss-dmr-1.1.1.Final.jar:/opt/apache-maven/repository/org/jboss/threads/jboss-threads/2.0.0.GA/jboss-threads-2.0.0.GA.jar:/opt/apache-maven/repository/org/jboss/as/jboss-as-jmx/7.1.1.Final/jboss-as-jmx-7.1.1.Final.jar:/opt/apache-maven/repository/org/jboss/jboss-common-core/2.2.17.GA/jboss-common-core-2.2.17.GA.jar:/opt/apache-maven/repository/org/jboss/as/jboss-as-server/7.1.1.Final/jboss-as-server-7.1.1.Final.jar:/opt/apache-maven/repository/org/jboss/as/jboss-as-controller/7.1.1.Final/jboss-as-controller-7.1.1.Final.jar:/opt/apache-maven/repository/org/jboss/staxmapper/1.1.0.Final/staxmapper-1.1.0.Final.jar:/opt/apache-maven/repository/org/jboss/as/jboss-as-domain-http-interface/7.1.1.Final/jboss-as-domain-http-interface-7.1.1.Final.jar:/opt/apache-maven/repository/org/jboss/as/jboss-as-domain-management/7.1.1.Final/jboss-as-domain-management-7.1.1.Final.jar:/opt/apache-maven/repository/org/jboss/com/sun/httpserver/httpserver/1.0.0.Final/httpserver-1.0.0.Final.jar:/opt/apache-maven/repository/org/jboss/as/jboss-as-deployment-repository/7.1.1.Final/jboss-as-deployment-repository-7.1.1.Final.jar:/opt/apache-maven/repository/org/jboss/as/jboss-as-embedded/7.1.1.Final/jboss-as-embedded-7.1.1.Final.jar:/opt/apache-maven/repository/org/jboss/as/jboss-as-platform-mbean/7.1.1.Final/jboss-as-platform-mbean-7.1.1.Final.jar:/opt/apache-maven/repository/org/jboss/as/jboss-as-process-controller/7.1.1.Final/jboss-as-process-controller-7.1.1.Final.jar:/usr/lib/jvm/jdk1.6.0_33/jre/../lib/tools.jar:/opt/apache-maven/repository/org/jboss/as/jboss-as-remoting/7.1.1.Final/jboss-as-remoting-7.1.1.Final.jar:/opt/apache-maven/repository/org/jboss/as/jboss-as-network/7.1.1.Final/jboss-as-network-7.1.1.Final.jar:/opt/apache-maven/repository/org/jboss/as/jboss-as-threads/7.1.1.Final/jboss-as-threads-7.1.1.Final.jar:/opt/apache-maven/repository/org/jboss/jandex/1.0.3.Final/jandex-1.0.3.Final.jar:/opt/apache-maven/repository/org/jboss/invocation/jboss-invocation/1.1.1.Final/jboss-invocation-1.1.1.Final.jar:/opt/apache-maven/repository/org/jboss/logmanager/jboss-logmanager-log4j/1.0.0.GA/jboss-logmanager-log4j-1.0.0.GA.jar:/opt/apache-maven/repository/org/jboss/modules/jboss-modules/1.1.1.GA/jboss-modules-1.1.1.GA.jar:/opt/apache-maven/repository/org/jboss/stdio/jboss-stdio/1.0.1.GA/jboss-stdio-1.0.1.GA.jar:/opt/apache-maven/repository/org/jboss/jboss-vfs/2.1.3.SP1/jboss-vfs-2.1.3.SP1.jar:/opt/apache-maven/repository/org/jboss/marshalling/jboss-marshalling/1.3.11.GA/jboss-marshalling-1.3.11.GA.jar:/opt/apache-maven/repository/org/jboss/marshalling/jboss-marshalling-river/1.3.11.GA/jboss-marshalling-river-1.3.11.GA.jar:/opt/apache-maven/repository/org/jboss/osgi/spi/jbosgi-spi/3.0.1.Final/jbosgi-spi-3.0.1.Final.jar:/opt/apache-maven/repository/org/jboss/osgi/vfs/jbosgi-vfs/1.0.7.Final/jbosgi-vfs-1.0.7.Final.jar:/opt/apache-maven/repository/org/jboss/shrinkwrap/resolver/shrinkwrap-resolver-impl-maven/1.0.0-beta-5/shrinkwrap-resolver-impl-maven-1.0.0-beta-5.jar:/opt/apache-maven/repository/org/jboss/shrinkwrap/resolver/shrinkwrap-resolver-api/1.0.0-beta-5/shrinkwrap-resolver-api-1.0.0-beta-5.jar:/opt/apache-maven/repository/org/jboss/shrinkwrap/resolver/shrinkwrap-resolver-api-maven/1.0.0-beta-5/shrinkwrap-resolver-api-maven-1.0.0-beta-5.jar:/opt/apache-maven/repository/org/sonatype/aether/aether-api/1.8/aether-api-1.8.jar:/opt/apache-maven/repository/org/sonatype/aether/aether-util/1.8/aether-util-1.8.jar:/opt/apache-maven/repository/org/sonatype/aether/aether-connector-wagon/1.8/aether-connector-wagon-1.8.jar:/opt/apache-maven/repository/org/sonatype/aether/aether-spi/1.8/aether-spi-1.8.jar:/opt/apache-maven/repository/org/codehaus/plexus/plexus-container-default/1.5.5/plexus-container-default-1.5.5.jar:/opt/apache-maven/repository/org/codehaus/plexus/plexus-classworlds/2.2.2/plexus-classworlds-2.2.2.jar:/opt/apache-maven/repository/org/apache/xbean/xbean-reflect/3.4/xbean-reflect-3.4.jar:/opt/apache-maven/repository/log4j/log4j/1.2.12/log4j-1.2.12.jar:/opt/apache-maven/repository/com/google/collections/google-collections/1.0/google-collections-1.0.jar:/opt/apache-maven/repository/org/apache/maven/maven-aether-provider/3.0.1/maven-aether-provider-3.0.1.jar:/opt/apache-maven/repository/org/apache/maven/maven-model/3.0.1/maven-model-3.0.1.jar:/opt/apache-maven/repository/org/apache/maven/maven-model-builder/3.0.1/maven-model-builder-3.0.1.jar:/opt/apache-maven/repository/org/apache/maven/maven-repository-metadata/3.0.1/maven-repository-metadata-3.0.1.jar:/opt/apache-maven/repository/org/sonatype/aether/aether-impl/1.8/aether-impl-1.8.jar:/opt/apache-maven/repository/org/codehaus/plexus/plexus-component-annotations/1.5.5/plexus-component-annotations-1.5.5.jar:/opt/apache-maven/repository/org/codehaus/plexus/plexus-utils/2.0.4/plexus-utils-2.0.4.jar:/opt/apache-maven/repository/org/apache/maven/maven-settings-builder/3.0.1/maven-settings-builder-3.0.1.jar:/opt/apache-maven/repository/org/codehaus/plexus/plexus-interpolation/1.14/plexus-interpolation-1.14.jar:/opt/apache-maven/repository/org/apache/maven/maven-settings/3.0.1/maven-settings-3.0.1.jar:/opt/apache-maven/repository/org/sonatype/plexus/plexus-sec-dispatcher/1.3/plexus-sec-dispatcher-1.3.jar:/opt/apache-maven/repository/org/sonatype/plexus/plexus-cipher/1.4/plexus-cipher-1.4.jar:/opt/apache-maven/repository/org/apache/maven/wagon/wagon-provider-api/1.0-beta-7/wagon-provider-api-1.0-beta-7.jar:/opt/apache-maven/repository/org/apache/maven/wagon/wagon-file/1.0-beta-7/wagon-file-1.0-beta-7.jar:/opt/apache-maven/repository/org/apache/maven/wagon/wagon-http-lightweight/1.0-beta-7/wagon-http-lightweight-1.0-beta-7.jar:/opt/apache-maven/repository/org/apache/maven/wagon/wagon-http-shared/1.0-beta-7/wagon-http-shared-1.0-beta-7.jar:/opt/apache-maven/repository/org/jboss/remotingjmx/remoting-jmx/1.0.2.Final/remoting-jmx-1.0.2.Final.jar:/opt/apache-maven/repository/org/jboss/logmanager/jboss-logmanager/1.2.2.GA/jboss-logmanager-1.2.2.GA.jar:/opt/apache-maven/repository/org/jboss/remoting3/jboss-remoting/3.2.2.GA/jboss-remoting-3.2.2.GA.jar:/opt/apache-maven/repository/org/jboss/xnio/xnio-api/3.0.3.GA/xnio-api-3.0.3.GA.jar:/opt/apache-maven/repository/org/jboss/sasl/jboss-sasl/1.0.0.Final/jboss-sasl-1.0.0.Final.jar:/opt/apache-maven/repository/org/osgi/org.osgi.core/4.2.0/org.osgi.core-4.2.0.jar:/opt/apache-maven/repository/org/jboss/arquillian/core/arquillian-core-api/1.0.0.CR7/arquillian-core-api-1.0.0.CR7.jar:/opt/apache-maven/repository/org/jboss/as/jboss-as-build-config/7.1.1.Final/jboss-as-build-config-7.1.1.Final.jar:/opt/apache-maven/repository/org/jboss/jbossas/as7-cdi-tck/jbossas-container/1.0.0.CR2/jbossas-container-1.0.0.CR2.jar:/opt/apache-maven/repository/org/jboss/test-harness/jboss-test-harness-api/1.1.0-CR9/jboss-test-harness-api-1.1.0-CR9.jar:/opt/apache-maven/repository/org/jboss/shrinkwrap/shrinkwrap-impl-base/1.0.0-cr-1/shrinkwrap-impl-base-1.0.0-cr-1.jar:/opt/apache-maven/repository/org/jboss/shrinkwrap/shrinkwrap-spi/1.0.0-cr-1/shrinkwrap-spi-1.0.0-cr-1.jar:/opt/apache-maven/repository/org/jboss/arquillian/core/arquillian-core-impl-base/1.0.0.CR7/arquillian-core-impl-base-1.0.0.CR7.jar:/opt/apache-maven/repository/org/jboss/as/jboss-as-arquillian-container-managed/7.1.1.Final/jboss-as-arquillian-container-managed-7.1.1.Final.jar:/opt/apache-maven/repository/org/jboss/as/jboss-as-arquillian-protocol-jmx/7.1.1.Final/jboss-as-arquillian-protocol-jmx-7.1.1.Final.jar:/opt/apache-maven/repository/org/jboss/as/jboss-as-osgi-service/7.1.1.Final/jboss-as-osgi-service-7.1.1.Final.jar:/opt/apache-maven/repository/org/jboss/as/jboss-as-ee/7.1.1.Final/jboss-as-ee-7.1.1.Final.jar:/opt/apache-maven/repository/org/hibernate/hibernate-validator/4.2.0.Final/hibernate-validator-4.2.0.Final.jar:/opt/apache-maven/repository/org/jboss/interceptor/jboss-interceptor-spi/2.0.0.Final/jboss-interceptor-spi-2.0.0.Final.jar:/opt/apache-maven/repository/org/jboss/metadata/jboss-metadata-common/7.0.1.Final/jboss-metadata-common-7.0.1.Final.jar:/opt/apache-maven/repository/org/jboss/metadata/jboss-metadata-ear/7.0.1.Final/jboss-metadata-ear-7.0.1.Final.jar:/opt/apache-maven/repository/org/jboss/spec/javax/annotation/jboss-annotations-api_1.1_spec/1.0.0.Final/jboss-annotations-api_1.1_spec-1.0.0.Final.jar:/opt/apache-maven/repository/org/jboss/as/jboss-as-naming/7.1.1.Final/jboss-as-naming-7.1.1.Final.jar:/opt/apache-maven/repository/org/jboss/jboss-remote-naming/1.0.2.Final/jboss-remote-naming-1.0.2.Final.jar:/opt/apache-maven/repository/org/jboss/jboss-ejb-client/1.0.0.Final/jboss-ejb-client-1.0.0.Final.jar:/opt/apache-maven/repository/org/jboss/osgi/framework/jbosgi-framework-core/1.1.8.Final/jbosgi-framework-core-1.1.8.Final.jar:/opt/apache-maven/repository/org/jboss/osgi/deployment/jbosgi-deployment/1.0.12.Final/jbosgi-deployment-1.0.12.Final.jar:/opt/apache-maven/repository/org/jboss/osgi/resolver/jbosgi-resolver-felix/1.0.13.Final/jbosgi-resolver-felix-1.0.13.Final.jar:/opt/apache-maven/repository/org/jboss/osgi/resolver/jbosgi-resolver-api/1.0.13.Final/jbosgi-resolver-api-1.0.13.Final.jar:/opt/apache-maven/repository/org/jboss/osgi/metadata/jbosgi-metadata/2.0.3.Final/jbosgi-metadata-2.0.3.Final.jar:/opt/apache-maven/repository/org/jboss/osgi/resolver/jbosgi-resolver-spi/1.0.13.Final/jbosgi-resolver-spi-1.0.13.Final.jar:/opt/apache-maven/repository/org/jboss/osgi/vfs/jbosgi-vfs30/1.0.7.Final/jbosgi-vfs30-1.0.7.Final.jar:/opt/apache-maven/repository/org/osgi/org.osgi.compendium/4.2.0/org.osgi.compendium-4.2.0.jar:/opt/apache-maven/repository/org/jboss/osgi/repository/jbosgi-repository-core/1.0.5/jbosgi-repository-core-1.0.5.jar:/opt/apache-maven/repository/org/jboss/osgi/repository/jbosgi-repository-api/1.0.5/jbosgi-repository-api-1.0.5.jar:/opt/apache-maven/repository/org/jboss/osgi/resolver/jbosgi-resolver-api-v2/2.0.0.Beta2/jbosgi-resolver-api-v2-2.0.0.Beta2.jar:/opt/apache-maven/repository/org/apache/felix/org.apache.felix.resolver/0.1.0.Beta1/org.apache.felix.resolver-0.1.0.Beta1.jar:/opt/apache-maven/repository/org/osgi/org.osgi.enterprise/4.2.0/org.osgi.enterprise-4.2.0.jar:/opt/apache-maven/repository/org/jboss/arquillian/protocol/arquillian-protocol-jmx/1.0.0.CR7/arquillian-protocol-jmx-1.0.0.CR7.jar:/opt/apache-maven/repository/org/jboss/arquillian/container/arquillian-container-impl-base/1.0.0.CR7/arquillian-container-impl-base-1.0.0.CR7.jar:/opt/apache-maven/repository/org/jboss/arquillian/container/arquillian-weld-ee-embedded-1.1/1.0.0.CR3/arquillian-weld-ee-embedded-1.1-1.0.0.CR3.jar:/opt/apache-maven/repository/org/jboss/arquillian/container/arquillian-container-test-spi/1.0.0.CR7/arquillian-container-test-spi-1.0.0.CR7.jar:/opt/apache-maven/repository/org/jboss/arquillian/test/arquillian-test-spi/1.0.0.CR7/arquillian-test-spi-1.0.0.CR7.jar:/opt/apache-maven/repository/org/jboss/arquillian/test/arquillian-test-impl-base/1.0.0.CR7/arquillian-test-impl-base-1.0.0.CR7.jar:/opt/apache-maven/repository/org/jboss/arquillian/test/arquillian-test-api/1.0.0.CR7/arquillian-test-api-1.0.0.CR7.jar:/opt/apache-maven/repository/org/jboss/arquillian/container/arquillian-container-test-impl-base/1.0.0.CR7/arquillian-container-test-impl-base-1.0.0.CR7.jar:/opt/apache-maven/repository/org/jboss/arquillian/container/arquillian-container-test-api/1.0.0.CR7/arquillian-container-test-api-1.0.0.CR7.jar:/opt/apache-maven/repository/org/slf4j/slf4j-simple/1.6.1/slf4j-simple-1.6.1.jar:/opt/apache-maven/repository/javax/servlet/servlet-api/2.5/servlet-api-2.5.jar:/opt/apache-maven/repository/javax/servlet/jsp/jsp-api/2.1/jsp-api-2.1.jar:/opt/apache-maven/repository/javax/transaction/jta/1.1/jta-1.1.jar:/opt/apache-maven/repository/javax/validation/validation-api/1.0.0.GA/validation-api-1.0.0.GA.jar:/opt/apache-maven/repository/org/jboss/test-audit/jboss-test-audit-api/1.1.0.CR1/jboss-test-audit-api-1.1.0.CR1.jar:/opt/apache-maven/repository/org/jboss/ejb3/jboss-ejb3-api/3.1.0/jboss-ejb3-api-3.1.0.jar:/opt/apache-maven/repository/javax/jws/jsr181-api/1.0-MR1/jsr181-api-1.0-MR1.jar:/opt/apache-maven/repository/javax/faces/jsf-api/2.0/jsf-api-2.0.jar:/opt/apache-maven/repository/javax/persistence/persistence-api/1.0/persistence-api-1.0.jar:/opt/apache-maven/repository/commons-httpclient/commons-httpclient/3.1/commons-httpclient-3.1.jar:/opt/apache-maven/repository/commons-logging/commons-logging/1.0.4/commons-logging-1.0.4.jar:/opt/apache-maven/repository/commons-codec/commons-codec/1.2/commons-codec-1.2.jar:/opt/apache-maven/repository/net/sourceforge/htmlunit/htmlunit/2.4/htmlunit-2.4.jar:/opt/apache-maven/repository/xalan/xalan/2.7.1/xalan-2.7.1.jar:/opt/apache-maven/repository/xalan/serializer/2.7.1/serializer-2.7.1.jar:/opt/apache-maven/repository/xml-apis/xml-apis/1.3.04/xml-apis-1.3.04.jar:/opt/apache-maven/repository/commons-collections/commons-collections/3.2.1/commons-collections-3.2.1.jar:/opt/apache-maven/repository/commons-lang/commons-lang/2.4/commons-lang-2.4.jar:/opt/apache-maven/repository/net/sourceforge/htmlunit/htmlunit-core-js/2.4/htmlunit-core-js-2.4.jar:/opt/apache-maven/repository/net/sourceforge/nekohtml/nekohtml/1.9.11/nekohtml-1.9.11.jar:/opt/apache-maven/repository/xerces/xercesImpl/2.8.1/xercesImpl-2.8.1.jar:/opt/apache-maven/repository/net/sourceforge/cssparser/cssparser/0.9.5/cssparser-0.9.5.jar:/opt/apache-maven/repository/org/w3c/css/sac/1.3/sac-1.3.jar:/opt/apache-maven/repository/commons-io/commons-io/1.4/commons-io-1.4.jar:/opt/apache-maven/repository/org/jboss/test-audit/jboss-test-audit-impl/1.1.0.CR1/jboss-test-audit-impl-1.1.0.CR1.jar:/opt/apache-maven/repository/org/glassfish/web/el-impl/2.1.2-b04/el-impl-2.1.2-b04.jar:/opt/apache-maven/repository/org/jboss/jsr299/tck/jsr299-tck-impl/1.0.4.SP3/jsr299-tck-impl-1.0.4.SP3.jar:"/>
    <property name="java.vm.specification.version" value="1.0"/>
    <property name="sun.arch.data.model" value="64"/>
    <property name="java.home" value="/usr/lib/jvm/jdk1.6.0_33/jre"/>
    <property name="sun.java.command" value="/tmp/surefirebooter2231509771429696471.jar /tmp/surefire7338823790018661426tmp /tmp/surefire2145857671038106482tmp"/>
    <property name="java.specification.vendor" value="Sun Microsystems Inc."/>
    <property name="user.language" value="en"/>
    <property name="java.vm.info" value="mixed mode"/>
    <property name="java.version" value="1.6.0_33"/>
    <property name="java.ext.dirs" value="/usr/lib/jvm/jdk1.6.0_33/jre/lib/ext:/usr/java/packages/lib/ext"/>
    <property name="sun.boot.class.path" value="/usr/lib/jvm/jdk1.6.0_33/jre/lib/resources.jar:/usr/lib/jvm/jdk1.6.0_33/jre/lib/rt.jar:/usr/lib/jvm/jdk1.6.0_33/jre/lib/sunrsasign.jar:/usr/lib/jvm/jdk1.6.0_33/jre/lib/jsse.jar:/usr/lib/jvm/jdk1.6.0_33/jre/lib/jce.jar:/usr/lib/jvm/jdk1.6.0_33/jre/lib/charsets.jar:/usr/lib/jvm/jdk1.6.0_33/jre/lib/modules/jdk.boot.jar:/usr/lib/jvm/jdk1.6.0_33/jre/classes"/>
    <property name="java.vendor" value="Sun Microsystems Inc."/>
    <property name="localRepository" value="/opt/apache-maven/repository"/>
    <property name="file.separator" value="/"/>
    <property name="java.vendor.url.bug" value="http://java.sun.com/cgi-bin/bugreport.cgi"/>
    <property name="sun.cpu.endian" value="little"/>
    <property name="sun.io.unicode.encoding" value="UnicodeLittle"/>
    <property name="sun.desktop" value="gnome"/>
    <property name="sun.cpu.isalist" value=""/>
  </properties>
  <testcase time="0.01" classname="org.jboss.jsr299.tck.interceptors.tests.aroundInvoke.AroundInvokeInterceptorTest" name="testPackagePrivateAroundInvokeInterceptor"/>
  <testcase time="0.001" classname="org.jboss.jsr299.tck.interceptors.tests.aroundInvoke.AroundInvokeInterceptorTest" name="testPrivateAroundInvokeInterceptor"/>
  <testcase time="0.001" classname="org.jboss.jsr299.tck.interceptors.tests.aroundInvoke.AroundInvokeInterceptorTest" name="testProtectedAroundInvokeInterceptor"/>
  <testcase time="0" classname="org.jboss.jsr299.tck.interceptors.tests.aroundInvoke.exception.ExceptionTest" name="testInvocationOrder"/>
  <testcase time="0.002" classname="org.jboss.jsr299.tck.interceptors.tests.aroundInvoke.order.InvocationOrderTest" name="testInvocationOrder"/>
  <testcase time="0.001" classname="org.jboss.jsr299.tck.interceptors.tests.definition.DefinitionTest" name="testInterceptorMethodDefinedOnTargetClass"/>
  <testcase time="0.003" classname="org.jboss.jsr299.tck.interceptors.tests.invocationContext.InvocationContextTest" name="testBusinessMethodNotCalledWithoutProceedInvocation"/>
  <testcase time="0.001" classname="org.jboss.jsr299.tck.interceptors.tests.invocationContext.InvocationContextTest" name="testContextData"/>
  <testcase time="0.001" classname="org.jboss.jsr299.tck.interceptors.tests.invocationContext.InvocationContextTest" name="testGetMethodForAroundInvokeInterceptorMethod"/>
  <testcase time="0.001" classname="org.jboss.jsr299.tck.interceptors.tests.invocationContext.InvocationContextTest" name="testGetMethodForLifecycleCallbackInterceptorMethod"/>
  <testcase time="0.001" classname="org.jboss.jsr299.tck.interceptors.tests.invocationContext.InvocationContextTest" name="testGetTargetMethod"/>
  <testcase time="0.001" classname="org.jboss.jsr299.tck.interceptors.tests.invocationContext.InvocationContextTest" name="testGetTimerMethod"/>
  <testcase time="0.001" classname="org.jboss.jsr299.tck.interceptors.tests.invocationContext.InvocationContextTest" name="testIllegalNumberOfParameters"/>
  <testcase time="0.002" classname="org.jboss.jsr299.tck.interceptors.tests.invocationContext.InvocationContextTest" name="testIllegalTypeOfParameters"/>
  <testcase time="0.001" classname="org.jboss.jsr299.tck.interceptors.tests.invocationContext.InvocationContextTest" name="testMethodParameters"/>
  <testcase time="0.001" classname="org.jboss.jsr299.tck.interceptors.tests.invocationContext.InvocationContextTest" name="testProceedReturnsNullForVoidMethod"/>
  <testcase time="0.001" classname="org.jboss.jsr299.tck.interceptors.tests.lifecycleCallback.LifecycleCallbackInterceptorTest" name="testAroundInvokeAndLifeCycleCallbackInterceptorsCanBeDefinedOnTheSameClass"/>
  <testcase time="0" classname="org.jboss.jsr299.tck.interceptors.tests.lifecycleCallback.LifecycleCallbackInterceptorTest" name="testLifeCycleCallbackInterceptorNotInvokedForMethodLevelInterceptor"/>
  <testcase time="0.001" classname="org.jboss.jsr299.tck.interceptors.tests.lifecycleCallback.LifecycleCallbackInterceptorTest" name="testPackagePrivateLifecycleInterceptorMethod"/>
  <testcase time="0" classname="org.jboss.jsr299.tck.interceptors.tests.lifecycleCallback.LifecycleCallbackInterceptorTest" name="testPostConstructInterceptor"/>
  <testcase time="0.001" classname="org.jboss.jsr299.tck.interceptors.tests.lifecycleCallback.LifecycleCallbackInterceptorTest" name="testPreDestroyInterceptor"/>
  <testcase time="0" classname="org.jboss.jsr299.tck.interceptors.tests.lifecycleCallback.LifecycleCallbackInterceptorTest" name="testPrivateLifecycleInterceptorMethod"/>
  <testcase time="0.001" classname="org.jboss.jsr299.tck.interceptors.tests.lifecycleCallback.LifecycleCallbackInterceptorTest" name="testProtectedLifecycleInterceptorMethod"/>
  <testcase time="0" classname="org.jboss.jsr299.tck.interceptors.tests.lifecycleCallback.LifecycleCallbackInterceptorTest" name="testPublicLifecycleInterceptorMethod"/>
  <testcase time="0.001" classname="org.jboss.jsr299.tck.interceptors.tests.lifecycleCallback.exceptions.LifecycleCallbackInterceptorExceptionTest" name="testLifecycleCallbackInterceptorCanCatchException"/>
  <testcase time="0.001" classname="org.jboss.jsr299.tck.interceptors.tests.lifecycleCallback.exceptions.LifecycleCallbackInterceptorExceptionTest" name="testPostConstructCanThrowRuntimeException"/>
  <testcase time="0.002" classname="org.jboss.jsr299.tck.interceptors.tests.lifecycleCallback.order.InvocationOrderTest" name="testInvocationOrder"/>
  <testcase time="0.001" classname="org.jboss.jsr299.tck.interceptors.tests.method.MethodLevelInterceptorTest" name="testExcludeClassInterceptors"/>
  <testcase time="0.001" classname="org.jboss.jsr299.tck.interceptors.tests.method.MethodLevelInterceptorTest" name="testInterceptorCanBeAppliedToMoreThanOneMethod"/>
  <testcase time="0.001" classname="org.jboss.jsr299.tck.tests.context.DestroyForSameCreationalContext2Test" name="testDestroyForSameCreationalContextOnly"/>
  <testcase time="0" classname="org.jboss.jsr299.tck.tests.context.DestroyForSameCreationalContextTest" name="testDestroyForSameCreationalContextOnly"/>
  <testcase time="0.002" classname="org.jboss.jsr299.tck.tests.context.GetFromContextualTest" name="testGetMayNotCreateNewInstanceUnlessCreationalContextGiven"/>
  <testcase time="0.001" classname="org.jboss.jsr299.tck.tests.context.GetOnInactiveContextTest" name="testInvokingGetOnInactiveContextFails"/>
  <testcase time="0" classname="org.jboss.jsr299.tck.tests.context.GetWithNoCreationalContextTest" name="testGetWithoutCreationalContextReturnsNull"/>
  <testcase time="0.002" classname="org.jboss.jsr299.tck.tests.context.dependent.DependentContextTest" name="testCallingCreationalContextReleaseDestroysDependents"/>
  <testcase time="0" classname="org.jboss.jsr299.tck.tests.context.dependent.DependentContextTest" name="testContextGetWithCreateFalseReturnsNull"/>
  <testcase time="0" classname="org.jboss.jsr299.tck.tests.context.dependent.DependentContextTest" name="testContextGetWithCreationalContextReturnsNewInstance"/>
  <testcase time="0" classname="org.jboss.jsr299.tck.tests.context.dependent.DependentContextTest" name="testContextIsActive"/>
  <testcase time="0" classname="org.jboss.jsr299.tck.tests.context.dependent.DependentContextTest" name="testContextIsActiveDuringBeanCreation"/>
  <testcase time="0" classname="org.jboss.jsr299.tck.tests.context.dependent.DependentContextTest" name="testContextIsActiveDuringInjection"/>
  <testcase time="0.01" classname="org.jboss.jsr299.tck.tests.context.dependent.DependentContextTest" name="testContextIsActiveWhenCreatingObserverMethodInstance"/>
  <testcase time="0.037" classname="org.jboss.jsr299.tck.tests.context.dependent.DependentContextTest" name="testContextIsActiveWhenEvaluatingElExpression"/>
  <testcase time="0.001" classname="org.jboss.jsr299.tck.tests.context.dependent.DependentContextTest" name="testContextIsActiveWhenInvokingDisposalMethod"/>
  <testcase time="0" classname="org.jboss.jsr299.tck.tests.context.dependent.DependentContextTest" name="testContextIsActiveWhenInvokingProducerField"/>
  <testcase time="0.001" classname="org.jboss.jsr299.tck.tests.context.dependent.DependentContextTest" name="testContextIsActiveWhenInvokingProducerMethod"/>
  <testcase time="0" classname="org.jboss.jsr299.tck.tests.context.dependent.DependentContextTest" name="testContextScopeType"/>
  <testcase time="0.001" classname="org.jboss.jsr299.tck.tests.context.dependent.DependentContextTest" name="testDependentBeanIsDependentObjectOfBeanInjectedInto"/>
  <testcase time="0.003" classname="org.jboss.jsr299.tck.tests.context.dependent.DependentContextTest" name="testDependentScopedDecoratorsAreDependentObjectsOfBean"/>
  <testcase time="0.001" classname="org.jboss.jsr299.tck.tests.context.dependent.DependentContextTest" name="testDependentScopedInterceptorsAreDependentObjectsOfBean"/>
  <testcase time="0.001" classname="org.jboss.jsr299.tck.tests.context.dependent.DependentContextTest" name="testDependentsDestroyedWhenDisposerMethodCompletes"/>
  <testcase time="0.001" classname="org.jboss.jsr299.tck.tests.context.dependent.DependentContextTest" name="testDependentsDestroyedWhenElEvaluationCompletes"/>
  <testcase time="0" classname="org.jboss.jsr299.tck.tests.context.dependent.DependentContextTest" name="testDependentsDestroyedWhenObserverMethodEvaluationCompletes"/>
  <testcase time="0.001" classname="org.jboss.jsr299.tck.tests.context.dependent.DependentContextTest" name="testDependentsDestroyedWhenProducerFieldCompletes"/>
  <testcase time="0.001" classname="org.jboss.jsr299.tck.tests.context.dependent.DependentContextTest" name="testDependentsDestroyedWhenProducerMethodCompletes"/>
  <testcase time="0" classname="org.jboss.jsr299.tck.tests.context.dependent.DependentContextTest" name="testDestroyingManagedParentDestroysDependentsOfSameBean"/>
  <testcase time="0.001" classname="org.jboss.jsr299.tck.tests.context.dependent.DependentContextTest" name="testDestroyingSimpleParentDestroysDependents"/>
  <testcase time="0" classname="org.jboss.jsr299.tck.tests.context.dependent.DependentContextTest" name="testInstanceNotSharedBetweenInjectionPoints"/>
  <testcase time="0.001" classname="org.jboss.jsr299.tck.tests.context.dependent.DependentContextTest" name="testInstanceUsedForDisposalMethodNotShared"/>
  <testcase time="0.001" classname="org.jboss.jsr299.tck.tests.context.dependent.DependentContextTest" name="testInstanceUsedForElEvaluationNotShared"/>
  <testcase time="0" classname="org.jboss.jsr299.tck.tests.context.dependent.DependentContextTest" name="testInstanceUsedForObserverMethodNotShared"/>
  <testcase time="0.001" classname="org.jboss.jsr299.tck.tests.context.dependent.DependentContextTest" name="testInstanceUsedForProducerFieldNotShared"/>
  <testcase time="0" classname="org.jboss.jsr299.tck.tests.context.dependent.DependentContextTest" name="testInstanceUsedForProducerMethodNotShared"/>
  <testcase time="0.001" classname="org.jboss.jsr299.tck.tests.context.passivating.PassivatingContextTest" name="testBeanWithNonSerializableImplementationInjectedIntoTransientFieldOK"/>
  <testcase time="0.003" classname="org.jboss.jsr299.tck.tests.context.passivating.PassivatingContextTest" name="testInjectionOfDependentPrimitiveProductIntoNormalBean"/>
  <testcase time="0.002" classname="org.jboss.jsr299.tck.tests.context.passivating.PassivatingContextTest" name="testInjectionOfDependentSerializableProductIntoNormalBean"/>
  <testcase time="0.001" classname="org.jboss.jsr299.tck.tests.context.passivating.PassivatingContextTest" name="testManagedBeanWithSerializableDecoratorOK"/>
  <testcase time="0" classname="org.jboss.jsr299.tck.tests.context.passivating.PassivatingContextTest" name="testManagedBeanWithSerializableImplementationClassOK"/>
  <testcase time="0" classname="org.jboss.jsr299.tck.tests.context.passivating.PassivatingContextTest" name="testManagedBeanWithSerializableInterceptorClassOK"/>
  <testcase time="0.003" classname="org.jboss.jsr299.tck.tests.context.passivating.PassivatingContextTest" name="testNonSerializableProducerFieldDeclaredPassivatingThrowsIllegalProductException"/>
  <testcase time="0.003" classname="org.jboss.jsr299.tck.tests.context.passivating.PassivatingContextTest" name="testPassivatingScopeProducerMethodReturnsUnserializableObjectNotOk"/>
  <testcase time="0" classname="org.jboss.jsr299.tck.tests.context.passivating.PassivatingContextTest" name="testPassivationCapableProducerFieldIsOK"/>
  <testcase time="0.001" classname="org.jboss.jsr299.tck.tests.context.passivating.PassivatingContextTest" name="testPassivationCapableProducerMethodIsOK"/>
  <testcase time="0.003" classname="org.jboss.jsr299.tck.tests.context.passivating.PassivatingContextTest" name="testPassivationOccurs"/>
  <testcase time="0" classname="org.jboss.jsr299.tck.tests.context.passivating.broken.decoratorWithNonPassivatingBeanConstructor.DecoratorWithNonPassivatingBeanConstructorTest" name="testPassivationCapableBeanWithNonPassivatingDecoratorBeanConstructorFails"/>
  <testcase time="0.001" classname="org.jboss.jsr299.tck.tests.context.passivating.broken.decoratorWithNonPassivatingInitializerMethod.DecoratorWithNonPassivatingInitializerMethodTest" name="testPassivationCapableBeanWithNonPassivatingInitializerInDecoratorFails"/>
  <testcase time="0" classname="org.jboss.jsr299.tck.tests.context.passivating.broken.decoratorWithNonPassivatingInjectedField.DecoratorWithNonPassivatingInjectedFieldTest" name="testPassivationCapableBeanWithNonPassivatingDecoratorInjectedFieldFails"/>
  <testcase time="0" classname="org.jboss.jsr299.tck.tests.context.passivating.broken.enterpriseBeanWithNonPassivatingBeanConstructorParameterInInterceptor.EnterpriseBeanWithNonPassivatingBeanConstructorParameterInInterceptorTest" name="testSessionBeanWithNonPassivatingBeanConstructorParamInInterceptorFails"/>
  <testcase time="0" classname="org.jboss.jsr299.tck.tests.context.passivating.broken.enterpriseBeanWithNonPassivatingConstructorFieldInDecorator.EnterpriseBeanWithNonPassivatingFieldInDecoratorTest" name="testSessionBeanWithNonPassivatingConstructorFieldInDecoratorFails"/>
  <testcase time="0" classname="org.jboss.jsr299.tck.tests.context.passivating.broken.enterpriseBeanWithNonPassivatingDecorator.EnterpriseBeanWithNonPassivatingDecoratorTest" name="testEnterpriseBeanWithNonPassivatingDecoratorFails"/>
  <testcase time="0" classname="org.jboss.jsr299.tck.tests.context.passivating.broken.enterpriseBeanWithNonPassivatingInitializerInDecorator.EnterpriseBeanWithNonPassivatingInitializerInDecoratorTest" name="testSessionBeanWithNonPassivatingInitializerFieldInDecoratorFails"/>
  <testcase time="0" classname="org.jboss.jsr299.tck.tests.context.passivating.broken.enterpriseBeanWithNonPassivatingInitializerParameterInInterceptor.EnterpriseBeanWithNonPassivatingInitializerParameterInInterceptorTest" name="testSessionBeanWithNonPassivatingInitializerParamInInterceptorFails"/>
  <testcase time="0" classname="org.jboss.jsr299.tck.tests.context.passivating.broken.enterpriseBeanWithNonPassivatingInjectedFieldInDecorator.EnterpriseBeanWithNonPassivatingInjectedFieldInDecoratorTest" name="testSessionBeanWithNonPassivatingInjectedFieldInDecoratorFails"/>
  <testcase time="0.001" classname="org.jboss.jsr299.tck.tests.context.passivating.broken.enterpriseBeanWithNonPassivatingInjectedFieldInInterceptor.EnterpriseBeanWithNonPassivatingInjectedFieldInInterceptorTest" name="testSessionBeanWithNonPassivatingInjectedFieldInInterceptorFails"/>
  <testcase time="0" classname="org.jboss.jsr299.tck.tests.context.passivating.broken.enterpriseBeanWithNonSerializableIntializerMethod.EnterpriseBeanWithNonSerializableIntializerMethodTest" name="testDependentBeanWithNonSerializableImplementationInStatefulSessionBeanInitializerFails"/>
  <testcase time="0" classname="org.jboss.jsr299.tck.tests.context.passivating.broken.finalProducerFieldNotPassivationCapable.NonPassivationCapableProducerFieldTest" name="testNonPassivationCapableProducerFieldNotOk"/>
  <testcase time="0" classname="org.jboss.jsr299.tck.tests.context.passivating.broken.interceptorWithNonPassivatingBeanConstructorParameter.PassivationCapableBeanWithNonPassivatingInterceptorTest" name="testPassivationCapableBeanWithNonPassivatingInterceptorFails"/>
  <testcase time="0" classname="org.jboss.jsr299.tck.tests.context.passivating.broken.interceptorWithNonPassivatingInitializerMethodParameter.PassivationCapableBeanWithNonPassivatingInterceptorTest" name="testPassivationCapableBeanWithNonPassivatingInterceptorFails"/>
  <testcase time="0" classname="org.jboss.jsr299.tck.tests.context.passivating.broken.interceptorWithNonPassivatingInjectedField.PassivationCapableBeanWithNonPassivatingInterceptorTest" name="testPassivationCapableBeanWithNonPassivatingInterceptorFails"/>
  <testcase time="0" classname="org.jboss.jsr299.tck.tests.context.passivating.broken.managedBeanWithNonPassivatingDecorator.ManagedBeanWithNonPassivatingDecoratorTest" name="testManagedBeanWithNonPassivatingDecoratorFails"/>
  <testcase time="0" classname="org.jboss.jsr299.tck.tests.context.passivating.broken.managedBeanWithNonSerializableInterceptorClass.ManagedBeanWithNonSerializableInterceptorClassTest" name="testManagedBeanWithNonSerializableInterceptorClassNotOK"/>
  <testcase time="0" classname="org.jboss.jsr299.tck.tests.context.passivating.broken.nonPassivationCapableManagedBeanHasPassivatingScope.NonPassivationManagedBeanHasPassivatingScopeTest" name="testSimpleWebBeanWithNonSerializableImplementationClassFails"/>
  <testcase time="0" classname="org.jboss.jsr299.tck.tests.context.passivating.broken.nonPassivationCapableProducerField.NonPassivationCapableProducerFieldTest" name="testNonPassivationCapableProducerFieldNotOk"/>
  <testcase time="0" classname="org.jboss.jsr299.tck.tests.context.passivating.broken.nonPassivationCapableProducerMethod.NonPassivationCapableProducerMethodTest" name="testNonPassivationCapableProducerMethodNotOk"/>
  <testcase time="0" classname="org.jboss.jsr299.tck.tests.context.passivating.broken.passivatingManagedBeanWithNonPassivatingBeanConstructor.PassivatingManagedBeanWithNonPassivatingBeanConstructorTest" name="testSimpleDependentWebBeanWithNonSerializableImplementationInjectedIntoConstructorParameterOfWebBeanWithPassivatingScopeFails"/>
  <testcase time="0.001" classname="org.jboss.jsr299.tck.tests.context.passivating.broken.passivatingManagedBeanWithNonPassivatingInitializerMethod.PassivatingManagedBeanWithNonPassivatingInitializerMethodTest" name="testSimpleDependentWebBeanWithNonSerializableImplementationInjectedIntoInitializerParameterOfWebBeanWithPassivatingScopeFails"/>
  <testcase time="0.001" classname="org.jboss.jsr299.tck.tests.context.passivating.broken.passivatingManagedBeanWithNonPassivatingInjcetedField.PassivatingManagedBeanWithNonPassivatingInjcetedFieldTest" name="testSimpleDependentWebBeanWithNonSerializableImplementationInjectedIntoNonTransientFieldOfWebBeanWithPassivatingScopeFails"/>
  <testcase time="0" classname="org.jboss.jsr299.tck.tests.context.passivating.broken.passivatingProducerMethodWithNonPassivatingParameter.PassivatingProducerMethodWithNonPassivatingParameterTest" name="testSimpleDependentWebBeanWithNonSerializableImplementationInjectedIntoProducerMethodParameterWithPassivatingScopeFails"/>
  <testcase time="0" classname="org.jboss.jsr299.tck.tests.context.passivating.broken.unserializableSimpleInjectedIntoPassivatingEnterpriseBean.UnserializableSimpleInjectedIntoPassivatingEnterpriseBeanTest" name="testSimpleDependentWebBeanWithNonSerializableImplementationInjectedIntoStatefulSessionBeanFails"/>
  <testcase time="0.001" classname="org.jboss.jsr299.tck.tests.decorators.definition.DecoratorDefinitionTest" name="testDecoratedTypes"/>
  <testcase time="0" classname="org.jboss.jsr299.tck.tests.decorators.definition.DecoratorDefinitionTest" name="testDecoratorDoesNotImplementDelegateType"/>
  <testcase time="0" classname="org.jboss.jsr299.tck.tests.decorators.definition.DecoratorDefinitionTest" name="testDecoratorIsManagedBean"/>
  <testcase time="0" classname="org.jboss.jsr299.tck.tests.decorators.definition.DecoratorDefinitionTest" name="testDecoratorOrdering"/>
  <testcase time="0" classname="org.jboss.jsr299.tck.tests.decorators.definition.DecoratorDefinitionTest" name="testDelegateInjectionPoint"/>
  <testcase time="0" classname="org.jboss.jsr299.tck.tests.decorators.definition.DecoratorDefinitionTest" name="testDuplicateBindingsOnResolveDecoratorsFails"/>
  <testcase time="0" classname="org.jboss.jsr299.tck.tests.decorators.definition.DecoratorDefinitionTest" name="testEmptyTypeSetOnResolveDecoratorsFails"/>
  <testcase time="0.001" classname="org.jboss.jsr299.tck.tests.decorators.definition.DecoratorDefinitionTest" name="testInstanceOfDecoratorForEachEnabled"/>
  <testcase time="0" classname="org.jboss.jsr299.tck.tests.decorators.definition.DecoratorDefinitionTest" name="testNonBindingsOnResolveDecoratorsFails"/>
  <testcase time="0" classname="org.jboss.jsr299.tck.tests.decorators.definition.DecoratorDefinitionTest" name="testNonEnabledDecoratorNotResolved"/>
  <testcase time="0" classname="org.jboss.jsr299.tck.tests.decorators.definition.broken.decoratorListedTwiceInBeansXml.DecoratorListedTwiceInBeansXmlTest" name="testDecoratorListedTwiceInBeansXmlNotOK"/>
  <testcase time="0" classname="org.jboss.jsr299.tck.tests.decorators.definition.broken.enabledDecoratorIsNotDecorator.EnabledDecoratorNotADecoratorTest" name="testEnabledDecoratorNotADecoratorTest"/>
  <testcase time="0" classname="org.jboss.jsr299.tck.tests.decorators.definition.broken.finalBeanClass.FinalBeanClassTest" name="testAppliesToFinalManagedBeanClass"/>
  <testcase time="0" classname="org.jboss.jsr299.tck.tests.decorators.definition.broken.finalBeanMethod.FinalBeanMethodTest" name="testAppliesToFinalMethodOnManagedBeanClass"/>
  <testcase time="0" classname="org.jboss.jsr299.tck.tests.decorators.definition.broken.multipleDelegateInjectionPoints.MultipleDelegateInjectionPointsTest" name="testMultipleDelegateInjectionPoints"/>
  <testcase time="0" classname="org.jboss.jsr299.tck.tests.decorators.definition.broken.noDelegateInjectionPoints.NoDelegateInjectionPointsTest" name="testNoDelegateInjectionPoints"/>
  <testcase time="0" classname="org.jboss.jsr299.tck.tests.decorators.definition.broken.nonDecoratorWithDecorates.NonDecoratorWithDecoratesTest" name="testNonDecoratorWithDecoratesAnnotationNotOK"/>
  <testcase time="0" classname="org.jboss.jsr299.tck.tests.decorators.definition.broken.nonExistantClassInBeansXml.NonExistantDecoratorClassInBeansXmlTest" name="testNonExistantDecoratorClassInBeansXmlNotOK"/>
  <testcase time="0" classname="org.jboss.jsr299.tck.tests.decorators.definition.broken.notAllDecoratedTypesImplemented.NotAllDecoratedTypesImplementedTest" name="testNotAllDecoratedTypesImplemented"/>
  <testcase time="0" classname="org.jboss.jsr299.tck.tests.decorators.definition.inject.broken.delegateProducerMethod.DelegateInjectionPointTest" name="testDecoratorDelegateInjectionPoints"/>
  <testcase time="0.001" classname="org.jboss.jsr299.tck.tests.decorators.definition.inject.delegateConstructor.DelegateInjectionPointTest" name="testDecoratorDelegateInjectionPoints"/>
  <testcase time="0.001" classname="org.jboss.jsr299.tck.tests.decorators.definition.inject.delegateField.DelegateFieldInjectionPointTest" name="testDecoratorDelegateInjectionPoints"/>
  <testcase time="0.001" classname="org.jboss.jsr299.tck.tests.decorators.definition.inject.delegateInitializerMethod.DelegateInjectionPointTest" name="testDecoratorDelegateInjectionPoints"/>
  <testcase time="0.001" classname="org.jboss.jsr299.tck.tests.decorators.interceptor.DecoratorAndInterceptorTest" name="testInterceptorCalledBeforeDecorator"/>
  <testcase time="0.002" classname="org.jboss.jsr299.tck.tests.decorators.invocation.DecoratorInvocationTest" name="testChainedDecoratorInvocation"/>
  <testcase time="0.001" classname="org.jboss.jsr299.tck.tests.decorators.invocation.DecoratorInvocationTest" name="testDecoratorInvocation"/>
  <testcase time="0.001" classname="org.jboss.jsr299.tck.tests.decorators.invocation.observer.DecoratorInvocationTest" name="testDecoratorInvocation"/>
  <testcase time="0.002" classname="org.jboss.jsr299.tck.tests.decorators.invocation.producer.method.DecoratorInvocationTest" name="testDecoratorInvocation"/>
  <testcase time="0.001" classname="org.jboss.jsr299.tck.tests.decorators.resolution.DecoratorResolutionTest" name="testDelegateTypeVariableBeanActualType"/>
  <testcase time="0" classname="org.jboss.jsr299.tck.tests.decorators.resolution.DecoratorResolutionTest" name="testDelegateTypeVariableBeanTypeVariable"/>
  <testcase time="0" classname="org.jboss.jsr299.tck.tests.decorators.resolution.DecoratorResolutionTest" name="testDelegateWildcardBeanActualType"/>
  <testcase time="0.001" classname="org.jboss.jsr299.tck.tests.decorators.resolution.DecoratorResolutionTest" name="testDelegateWildcardBeanTypeVariable"/>
  <testcase time="0" classname="org.jboss.jsr299.tck.tests.decorators.resolution.DecoratorResolutionTest" name="testIdenticalTypeParamerters"/>
  <testcase time="0" classname="org.jboss.jsr299.tck.tests.decorators.resolution.DecoratorResolutionTest" name="testNestedIdenticalTypeParamerters"/>
  <testcase time="0.001" classname="org.jboss.jsr299.tck.tests.decorators.resolution.DecoratorResolutionTest" name="testObject"/>
  <testcase time="0" classname="org.jboss.jsr299.tck.tests.decorators.resolution.DecoratorResolutionTest" name="testUnboundedTypeVariables"/>
  <testcase time="0" classname="org.jboss.jsr299.tck.tests.decorators.resolution.DecoratorResolutionTest" name="testUnboundedTypeVariablesAndObject"/>
  <testcase time="0" classname="org.jboss.jsr299.tck.tests.definition.bean.BeanDefinitionTest" name="testAbstractApiType"/>
  <testcase time="0" classname="org.jboss.jsr299.tck.tests.definition.bean.BeanDefinitionTest" name="testBeanClassOnSimpleBean"/>
  <testcase time="0" classname="org.jboss.jsr299.tck.tests.definition.bean.BeanDefinitionTest" name="testBeanClientCanCastBeanInstanceToAnyBeanType"/>
  <testcase time="0" classname="org.jboss.jsr299.tck.tests.definition.bean.BeanDefinitionTest" name="testBeanExtendsAnotherBean"/>
  <testcase time="0" classname="org.jboss.jsr299.tck.tests.definition.bean.BeanDefinitionTest" name="testBeanTypes"/>
  <testcase time="0" classname="org.jboss.jsr299.tck.tests.definition.bean.BeanDefinitionTest" name="testBeanTypesNonEmpty"/>
  <testcase time="0.001" classname="org.jboss.jsr299.tck.tests.definition.bean.BeanDefinitionTest" name="testFinalApiType"/>
  <testcase time="0" classname="org.jboss.jsr299.tck.tests.definition.bean.BeanDefinitionTest" name="testHasScopeType"/>
  <testcase time="0.001" classname="org.jboss.jsr299.tck.tests.definition.bean.BeanDefinitionTest" name="testIsNullable"/>
  <testcase time="0" classname="org.jboss.jsr299.tck.tests.definition.bean.BeanDefinitionTest" name="testMultipleStereotypes"/>
  <testcase time="0" classname="org.jboss.jsr299.tck.tests.definition.bean.BeanDefinitionTest" name="testQualifiersNonEmpty"/>
  <testcase time="0" classname="org.jboss.jsr299.tck.tests.definition.bean.genericbroken.GenericManagedBeanTest" name="testNonDependentGenericManagedBeanNotOk"/>
  <testcase time="0" classname="org.jboss.jsr299.tck.tests.definition.name.NameDefinitionTest" name="testDefaultNamed"/>
  <testcase time="0.001" classname="org.jboss.jsr299.tck.tests.definition.name.NameDefinitionTest" name="testNonDefaultNamed"/>
  <testcase time="0" classname="org.jboss.jsr299.tck.tests.definition.name.NameDefinitionTest" name="testNotNamedInJava"/>
  <testcase time="0" classname="org.jboss.jsr299.tck.tests.definition.name.NameDefinitionTest" name="testNotNamedInStereotype"/>
  <testcase time="0" classname="org.jboss.jsr299.tck.tests.definition.name.NameDefinitionTest" name="testStereotypeDefaultsName"/>
  <testcase time="0" classname="org.jboss.jsr299.tck.tests.definition.qualifier.QualifierDefinitionTest" name="testDefaultQualifierDeclaredInJava"/>
  <testcase time="0" classname="org.jboss.jsr299.tck.tests.definition.qualifier.QualifierDefinitionTest" name="testDefaultQualifierForInjectionPoint"/>
  <testcase time="0" classname="org.jboss.jsr299.tck.tests.definition.qualifier.QualifierDefinitionTest" name="testFieldInjectedFromProducerMethod"/>
  <testcase time="0" classname="org.jboss.jsr299.tck.tests.definition.qualifier.QualifierDefinitionTest" name="testMultipleQualifiers"/>
  <testcase time="0" classname="org.jboss.jsr299.tck.tests.definition.qualifier.QualifierDefinitionTest" name="testQualifierDeclaredInheritedIsBlockedByIntermediateClass"/>
  <testcase time="0.001" classname="org.jboss.jsr299.tck.tests.definition.qualifier.QualifierDefinitionTest" name="testQualifierDeclaredInheritedIsIndirectlyInherited"/>
  <testcase time="0" classname="org.jboss.jsr299.tck.tests.definition.qualifier.QualifierDefinitionTest" name="testQualifierDeclaredInheritedIsInherited"/>
  <testcase time="0" classname="org.jboss.jsr299.tck.tests.definition.qualifier.QualifierDefinitionTest" name="testQualifierDeclaresBindingAnnotation"/>
  <testcase time="0" classname="org.jboss.jsr299.tck.tests.definition.qualifier.QualifierDefinitionTest" name="testQualifierNotDeclaredInheritedIsNotIndirectlyInherited"/>
  <testcase time="0.001" classname="org.jboss.jsr299.tck.tests.definition.qualifier.QualifierDefinitionTest" name="testQualifierNotDeclaredInheritedIsNotInherited"/>
  <testcase time="0" classname="org.jboss.jsr299.tck.tests.definition.qualifier.QualifierDefinitionTest" name="testQualifiersDeclaredInJava"/>
  <testcase time="0.001" classname="org.jboss.jsr299.tck.tests.definition.scope.ScopeDefinitionTest" name="testDefaultScope"/>
  <testcase time="0" classname="org.jboss.jsr299.tck.tests.definition.scope.ScopeDefinitionTest" name="testMultipleCompatibleScopeStereotypes"/>
  <testcase time="0" classname="org.jboss.jsr299.tck.tests.definition.scope.ScopeDefinitionTest" name="testMultipleIncompatibleScopeStereotypesWithScopeSpecified"/>
  <testcase time="0" classname="org.jboss.jsr299.tck.tests.definition.scope.ScopeDefinitionTest" name="testScopeDeclaredInJava"/>
  <testcase time="0.001" classname="org.jboss.jsr299.tck.tests.definition.scope.ScopeDefinitionTest" name="testScopeSpecifiedAndStereotyped"/>
  <testcase time="0" classname="org.jboss.jsr299.tck.tests.definition.scope.ScopeDefinitionTest" name="testScopeTypeDeclaredInheritedIsBlockedByIntermediateScopeTypeMarkedInherited"/>
  <testcase time="0" classname="org.jboss.jsr299.tck.tests.definition.scope.ScopeDefinitionTest" name="testScopeTypeDeclaredInheritedIsBlockedByIntermediateScopeTypeNotMarkedInherited"/>
  <testcase time="0" classname="org.jboss.jsr299.tck.tests.definition.scope.ScopeDefinitionTest" name="testScopeTypeDeclaredInheritedIsIndirectlyInherited"/>
  <testcase time="0" classname="org.jboss.jsr299.tck.tests.definition.scope.ScopeDefinitionTest" name="testScopeTypeDeclaredInheritedIsInherited"/>
  <testcase time="0.001" classname="org.jboss.jsr299.tck.tests.definition.scope.ScopeDefinitionTest" name="testScopeTypeDeclaresScopeTypeAnnotation"/>
  <testcase time="0" classname="org.jboss.jsr299.tck.tests.definition.scope.ScopeDefinitionTest" name="testScopeTypeHasCorrectTarget"/>
  <testcase time="0" classname="org.jboss.jsr299.tck.tests.definition.scope.ScopeDefinitionTest" name="testScopeTypeNotDeclaredInheritedIsNotIndirectlyInherited"/>
  <testcase time="0" classname="org.jboss.jsr299.tck.tests.definition.scope.ScopeDefinitionTest" name="testScopeTypeNotDeclaredInheritedIsNotInherited"/>
  <testcase time="0" classname="org.jboss.jsr299.tck.tests.definition.scope.ScopeDefinitionTest" name="testScopeTypesAreExtensible"/>
  <testcase time="0" classname="org.jboss.jsr299.tck.tests.definition.scope.ScopeDefinitionTest" name="testWebBeanScopeTypeOverridesStereotype"/>
  <testcase time="0.001" classname="org.jboss.jsr299.tck.tests.definition.scope.broken.tooManyScopes.TooManyScopesTest" name="testTooManyScopesSpecifiedInJava"/>
  <testcase time="0" classname="org.jboss.jsr299.tck.tests.definition.scope.enterprise.EnterpriseScopeDefinitionTest" name="testScopeTypeDeclaredInheritedIsIndirectlyInherited"/>
  <testcase time="0" classname="org.jboss.jsr299.tck.tests.definition.scope.enterprise.EnterpriseScopeDefinitionTest" name="testScopeTypeDeclaredInheritedIsInherited"/>
  <testcase time="0" classname="org.jboss.jsr299.tck.tests.definition.scope.enterprise.EnterpriseScopeDefinitionTest" name="testScopeTypeNotDeclaredInheritedIsNotIndirectlyInherited"/>
  <testcase time="0.001" classname="org.jboss.jsr299.tck.tests.definition.scope.enterprise.EnterpriseScopeDefinitionTest" name="testScopeTypeNotDeclaredInheritedIsNotInherited"/>
  <testcase time="0" classname="org.jboss.jsr299.tck.tests.definition.stereotype.StereotypeDefinitionTest" name="testExplicitScopeOverridesMergedScopesFromMultipleStereotype"/>
  <testcase time="0" classname="org.jboss.jsr299.tck.tests.definition.stereotype.StereotypeDefinitionTest" name="testMultipleStereotypesAllowed"/>
  <testcase time="0" classname="org.jboss.jsr299.tck.tests.definition.stereotype.StereotypeDefinitionTest" name="testOneStereotypeAllowed"/>
  <testcase time="0.001" classname="org.jboss.jsr299.tck.tests.definition.stereotype.StereotypeDefinitionTest" name="testStereotypeDeclaredInheritedIsIndirectlyInherited"/>
  <testcase time="0" classname="org.jboss.jsr299.tck.tests.definition.stereotype.StereotypeDefinitionTest" name="testStereotypeDeclaredInheritedIsInherited"/>
  <testcase time="0" classname="org.jboss.jsr299.tck.tests.definition.stereotype.StereotypeDefinitionTest" name="testStereotypeNotDeclaredInheritedIsNotIndirectlyInherited"/>
  <testcase time="0.001" classname="org.jboss.jsr299.tck.tests.definition.stereotype.StereotypeDefinitionTest" name="testStereotypeNotDeclaredInheritedIsNotInherited"/>
  <testcase time="0" classname="org.jboss.jsr299.tck.tests.definition.stereotype.StereotypeDefinitionTest" name="testStereotypeScopeIsOverriddenByIndirectlyInheritedScope"/>
  <testcase time="0" classname="org.jboss.jsr299.tck.tests.definition.stereotype.StereotypeDefinitionTest" name="testStereotypeScopeIsOverriddenByInheritedScope"/>
  <testcase time="0.001" classname="org.jboss.jsr299.tck.tests.definition.stereotype.StereotypeDefinitionTest" name="testStereotypeWithScopeType"/>
  <testcase time="0" classname="org.jboss.jsr299.tck.tests.definition.stereotype.StereotypeDefinitionTest" name="testStereotypeWithoutScopeType"/>
  <testcase time="0" classname="org.jboss.jsr299.tck.tests.definition.stereotype.broken.nonEmptyNamed.NonEmptyNamedTest" name="testStereotypeWithNonEmptyNamed"/>
  <testcase time="0" classname="org.jboss.jsr299.tck.tests.definition.stereotype.broken.scopeConflict.IncompatibleStereotypesTest" name="testMultipleIncompatibleScopeStereotypes"/>
  <testcase time="0" classname="org.jboss.jsr299.tck.tests.definition.stereotype.broken.tooManyScopes.TooManyScopeTypesTest" name="testStereotypeWithTooManyScopeTypes"/>
  <testcase time="0.001" classname="org.jboss.jsr299.tck.tests.definition.stereotype.defaultNamed.DefaultNamedTest" name="testStereotypeWithEmptyNamed"/>
  <testcase time="0" classname="org.jboss.jsr299.tck.tests.definition.stereotype.inheritance.StereotypeInheritenceTest" name="testInheritence"/>
  <testcase time="0" classname="org.jboss.jsr299.tck.tests.deployment.lifecycle.broken.failsDuringBeanDiscovery.DeploymentFailureTest" name="testDeploymentFailsBeforeNotifyingObserversAfterBeanDiscovery"/>
  <testcase time="0" classname="org.jboss.jsr299.tck.tests.deployment.lifecycle.broken.failsDuringValidation.AfterBeanDiscoveryFailureTest" name="testDeploymentFailsDuringValidation"/>
  <testcase time="0" classname="org.jboss.jsr299.tck.tests.event.EventTest" name="testEventObjectContainsTypeVariablesWhenResolvingFails"/>
  <testcase time="0.001" classname="org.jboss.jsr299.tck.tests.event.EventTest" name="testGetTransactionPhaseOnObserverMethod"/>
  <testcase time="0" classname="org.jboss.jsr299.tck.tests.event.EventTest" name="testInstanceOfBeanForEveryEnabledObserverMethod"/>
  <testcase time="0.001" classname="org.jboss.jsr299.tck.tests.event.EventTest" name="testNonStaticObserverMethodIndirectlyInherited"/>
  <testcase time="0" classname="org.jboss.jsr299.tck.tests.event.EventTest" name="testNonStaticObserverMethodInherited"/>
  <testcase time="0" classname="org.jboss.jsr299.tck.tests.event.EventTest" name="testObserverCalledOnMostSpecializedInstance"/>
  <testcase time="0.001" classname="org.jboss.jsr299.tck.tests.event.EventTest" name="testObserverMethodNotifiedWhenBindingsMatch"/>
  <testcase time="0" classname="org.jboss.jsr299.tck.tests.event.EventTest" name="testObserverMethodReceivesInjectionsOnNonObservesParameters"/>
  <testcase time="0" classname="org.jboss.jsr299.tck.tests.event.EventTest" name="testStaticObserverMethodInvoked"/>
  <testcase time="0.001" classname="org.jboss.jsr299.tck.tests.event.bindingTypes.EventBindingTypesTest" name="testEventAlwaysHasAnyBinding"/>
  <testcase time="0.001" classname="org.jboss.jsr299.tck.tests.event.bindingTypes.EventBindingTypesTest" name="testEventBindingTypeTargetsFieldParameterElementTypes"/>
  <testcase time="0" classname="org.jboss.jsr299.tck.tests.event.bindingTypes.EventBindingTypesTest" name="testEventBindingTypeTargetsMethodFieldParameterElementTypes"/>
  <testcase time="0.001" classname="org.jboss.jsr299.tck.tests.event.bindingTypes.EventBindingTypesTest" name="testFireEventWithNonBindingAnnotationsFails"/>
  <testcase time="0" classname="org.jboss.jsr299.tck.tests.event.bindingTypes.EventBindingTypesTest" name="testFireEventWithNonRuntimeBindingTypeFails"/>
  <testcase time="0.003" classname="org.jboss.jsr299.tck.tests.event.bindingTypes.EventBindingTypesTest" name="testNonRuntimeBindingTypeIsNotAnEventBindingType"/>
  <testcase time="0" classname="org.jboss.jsr299.tck.tests.event.broken.inject.withoutType.EventInjectionWithoutTypeTest" name="testAnyAnnotationOnEventInjectionPointWithoutTypeParameterFails"/>
  <testcase time="0.001" classname="org.jboss.jsr299.tck.tests.event.broken.observer.beanNotManaged.ObserverMethodOnIncorrectBeanTest" name="testObserverMethodNotOnManagedOrSessionBeanFails"/>
  <testcase time="0" classname="org.jboss.jsr299.tck.tests.event.broken.observer.dependentIsConditionalObserver.DependentIsConditionalObserverTest" name="testDependentBeanWithConditionalObserverMethodIsDefinitionError"/>
  <testcase time="0" classname="org.jboss.jsr299.tck.tests.event.broken.observer.isDisposer.ObserverMethodAnnotatedDisposesTest" name="testObserverMethodWithDisposesParamFails"/>
  <testcase time="0" classname="org.jboss.jsr299.tck.tests.event.broken.observer.isInitializer.ObserverMethodAnnotatedInitialzerTest" name="testObserverMethodAnnotatedInitializerFails"/>
  <testcase time="0" classname="org.jboss.jsr299.tck.tests.event.broken.observer.isProducer.ObserverMethodAnnotatedProducesTest" name="testObserverMethodAnnotatedProducesFails"/>
  <testcase time="0" classname="org.jboss.jsr299.tck.tests.event.broken.observer.notBusinessMethod.EJBObserverMethodNotBusinessMethodTest" name="testObserverMethodOnEnterpriseBeanNotBusinessMethodOrStaticFails"/>
  <testcase time="0" classname="org.jboss.jsr299.tck.tests.event.broken.observer.tooManyParameters.ObserverMethodWithTwoEventParametersTest" name="testObserverMethodMustHaveOnlyOneEventParameter"/>
  <testcase time="0.001" classname="org.jboss.jsr299.tck.tests.event.eventTypes.EventTypesTest" name="testEventTypeIncludesAllSuperclassesAndInterfacesOfEventObject"/>
  <testcase time="0.006" classname="org.jboss.jsr299.tck.tests.event.eventTypes.EventTypesTest" name="testEventTypeIsConcreteTypeWithNoTypeVariables"/>
  <testcase time="0.006" classname="org.jboss.jsr299.tck.tests.event.fires.FireEventTest" name="testBeanManagerFireEvent"/>
  <testcase time="0" classname="org.jboss.jsr299.tck.tests.event.fires.FireEventTest" name="testBeanManagerInterfaceForFireEventMethod"/>
  <testcase time="0" classname="org.jboss.jsr299.tck.tests.event.fires.FireEventTest" name="testDuplicateBindingsToFireEventFails"/>
  <testcase time="0.001" classname="org.jboss.jsr299.tck.tests.event.fires.FireEventTest" name="testEventFireThrowsExceptionIfEventObjectContainsTypeVariable"/>
  <testcase time="0.003" classname="org.jboss.jsr299.tck.tests.event.fires.FireEventTest" name="testEventProvidesMethodForFiringEventsWithCombinationOfTypeAndBindings"/>
  <testcase time="0.001" classname="org.jboss.jsr299.tck.tests.event.fires.FireEventTest" name="testEventSelectedFiresAndObserversNotified"/>
  <testcase time="0" classname="org.jboss.jsr299.tck.tests.event.fires.FireEventTest" name="testInjectedAnyEventCanFireEvent"/>
  <testcase time="0.001" classname="org.jboss.jsr299.tck.tests.event.fires.FireEventTest" name="testInjectedEventAcceptsEventObject"/>
  <testcase time="0.001" classname="org.jboss.jsr299.tck.tests.event.fires.FireEventTest" name="testInjectedEventCanHaveBindings"/>
  <testcase time="0" classname="org.jboss.jsr299.tck.tests.event.fires.FireEventTest" name="testInjectedEventCanSpecifyBindingsDynamically"/>
  <testcase time="0" classname="org.jboss.jsr299.tck.tests.event.fires.FireEventTest" name="testTypeVariableEventTypeFails"/>
  <testcase time="0.001" classname="org.jboss.jsr299.tck.tests.event.fires.nonbinding.NonBindingTypePassedToFireTest" name="testExceptionThrownIfNonBindingTypePassedToFire"/>
  <testcase time="0.001" classname="org.jboss.jsr299.tck.tests.event.implicit.ImplicitEventTest" name="testImplicitEventExistsForEachEventType"/>
  <testcase time="0" classname="org.jboss.jsr299.tck.tests.event.implicit.ImplicitEventTest" name="testImplicitEventHasAllExplicitBindingTypes"/>
  <testcase time="0.001" classname="org.jboss.jsr299.tck.tests.event.implicit.ImplicitEventTest" name="testImplicitEventHasDependentScope"/>
  <testcase time="0.004" classname="org.jboss.jsr299.tck.tests.event.implicit.ImplicitEventTest" name="testImplicitEventHasImplementation"/>
  <testcase time="0" classname="org.jboss.jsr299.tck.tests.event.implicit.ImplicitEventTest" name="testImplicitEventHasNoName"/>
  <testcase time="0.013" classname="org.jboss.jsr299.tck.tests.event.implicit.ImplicitEventTest" name="testImplicitEventIsPassivationCapable"/>
  <testcase time="0" classname="org.jboss.jsr299.tck.tests.event.observer.ObserverTest" name="testGetBeanOnObserverMethod"/>
  <testcase time="0.001" classname="org.jboss.jsr299.tck.tests.event.observer.ObserverTest" name="testGetNotifyOnObserverMethod"/>
  <testcase time="0" classname="org.jboss.jsr299.tck.tests.event.observer.ObserverTest" name="testGetObservedBindingsOnObserverMethod"/>
  <testcase time="0" classname="org.jboss.jsr299.tck.tests.event.observer.ObserverTest" name="testGetObservedTypeOnObserverMethod"/>
  <testcase time="0.003" classname="org.jboss.jsr299.tck.tests.event.observer.ObserverTest" name="testObserverNotifiedWhenEventTypeAndAllBindingsMatch"/>
  <testcase time="0.001" classname="org.jboss.jsr299.tck.tests.event.observer.abortProcessing.ObserverExceptionAbortsProcessingTest" name="testObserverThrowsExceptionAbortsNotifications"/>
  <testcase time="0.001" classname="org.jboss.jsr299.tck.tests.event.observer.checkedException.CheckedExceptionWrappedTest" name="testNonTransactionalObserverThrowsCheckedExceptionIsWrappedAndRethrown"/>
  <testcase time="0.002" classname="org.jboss.jsr299.tck.tests.event.observer.conditional.ConditionalObserverTest" name="testConditionalObserver"/>
  <testcase time="0" classname="org.jboss.jsr299.tck.tests.event.observer.conditional.ConditionalObserverTest" name="testNotifyEnumerationContainsNotifyValues"/>
  <testcase time="0" classname="org.jboss.jsr299.tck.tests.event.observer.conditional.ConditionalObserverTest" name="testObserverMethodInvokedOnReturnedInstanceFromContext"/>
  <testcase time="0" classname="org.jboss.jsr299.tck.tests.event.observer.resolve.ResolveEventObserversTest" name="testBeanManagerResolveObserversSignature"/>
  <testcase time="0.001" classname="org.jboss.jsr299.tck.tests.event.observer.resolve.ResolveEventObserversTest" name="testMethodWithParameterAnnotatedWithObservesRegistersObserverMethod"/>
  <testcase time="0" classname="org.jboss.jsr299.tck.tests.event.observer.resolve.ResolveEventObserversTest" name="testMultipleObserverMethodsForSameEventPermissible"/>
  <testcase time="0.001" classname="org.jboss.jsr299.tck.tests.event.observer.resolve.ResolveEventObserversTest" name="testMultipleObserverMethodsOnBeanPermissible"/>
  <testcase time="0" classname="org.jboss.jsr299.tck.tests.event.observer.resolve.ResolveEventObserversTest" name="testObserverMethodAutomaticallyRegistered"/>
  <testcase time="0" classname="org.jboss.jsr299.tck.tests.event.observer.resolve.ResolveEventObserversTest" name="testObserverMethodMayHaveMultipleBindingTypes"/>
  <testcase time="0" classname="org.jboss.jsr299.tck.tests.event.observer.resolve.ResolveEventObserversTest" name="testObserverMethodNotAutomaticallyRegisteredForDisabledBeans"/>
  <testcase time="0.001" classname="org.jboss.jsr299.tck.tests.event.observer.resolve.ResolveEventObserversTest" name="testObserverMethodRegistration"/>
  <testcase time="0" classname="org.jboss.jsr299.tck.tests.event.observer.resolve.ResolveEventObserversTest" name="testObserverMethodWithoutBindingTypesObservesEventsWithoutBindingTypes"/>
  <testcase time="0" classname="org.jboss.jsr299.tck.tests.event.observer.resolve.enterprise.ResolveEnterpriseEventObserverTest" name="testObserverMethodOnEnterpriseBeanIsBusinessMethodOrStatic"/>
  <testcase time="0" classname="org.jboss.jsr299.tck.tests.event.observer.runtimeException.ObserverExceptionRethrownTest" name="testNonTransactionalObserverThrowsNonCheckedExceptionIsRethrown"/>
  <testcase time="0" classname="org.jboss.jsr299.tck.tests.event.observer.wildcardAndTypeVariable.ObserverMethodWithParametertizedTypeTest" name="testObserverMethodCanObserveTypeVariable"/>
  <testcase time="0" classname="org.jboss.jsr299.tck.tests.event.observer.wildcardAndTypeVariable.ObserverMethodWithParametertizedTypeTest" name="testObserverMethodCanObserveWildcardType"/>
  <testcase time="0.001" classname="org.jboss.jsr299.tck.tests.event.resolve.binding.DuplicateBindingTypesWhenResolvingTest" name="testDuplicateBindingTypesWhenResolvingFails"/>
  <testcase time="0.001" classname="org.jboss.jsr299.tck.tests.event.resolve.binding.ResolvingChecksBindingTypeMembersTest" name="testResolvingChecksBindingTypeMembers"/>
  <testcase time="0" classname="org.jboss.jsr299.tck.tests.event.resolve.nonbinding.NonBindingTypesWhenResolvingTest" name="testNonBindingTypeAnnotationWhenResolvingFails"/>
  <testcase time="0.001" classname="org.jboss.jsr299.tck.tests.event.resolve.typeWithParameters.CheckTypeParametersWhenResolvingObserversTest" name="testResolvingChecksTypeParameters"/>
  <testcase time="0" classname="org.jboss.jsr299.tck.tests.event.resolve.typeWithParameters.CheckTypeParametersWhenResolvingObserversTest" name="testResolvingChecksTypeParametersOnObservesMethod"/>
  <testcase time="0" classname="org.jboss.jsr299.tck.tests.event.resolve.typeWithParameters.ChecksEventTypeWhenResolvingTest" name="testResolvingChecksEventType"/>
  <testcase time="0.005" classname="org.jboss.jsr299.tck.tests.event.select.SelectEventTest" name="testEventSelectReturnsEventOfSameType"/>
  <testcase time="0.001" classname="org.jboss.jsr299.tck.tests.event.select.SelectEventTest" name="testEventSelectThrowsExceptionForDuplicateBindingType"/>
  <testcase time="0" classname="org.jboss.jsr299.tck.tests.event.select.SelectEventTest" name="testEventSelectThrowsExceptionIfAnnotationIsNotBindingType"/>
  <testcase time="0.001" classname="org.jboss.jsr299.tck.tests.event.select.SelectEventTest" name="testEventSelectThrowsExceptionIfEventTypeHasTypeVariable"/>
  <testcase time="0.001" classname="org.jboss.jsr299.tck.tests.event.select.SelectEventTest" name="testEventSelectWithSubtypeThrowsExceptionForDuplicateBindingType"/>
  <testcase time="0" classname="org.jboss.jsr299.tck.tests.event.select.SelectEventTest" name="testEventSelectWithSubtypeThrowsExceptionIfAnnotationIsNotBindingType"/>
  <testcase time="0" classname="org.jboss.jsr299.tck.tests.extensions.annotated.AlternativeMetaDataTest" name="testBaseType"/>
  <testcase time="0" classname="org.jboss.jsr299.tck.tests.extensions.annotated.AlternativeMetaDataTest" name="testGetAnnotation"/>
  <testcase time="0" classname="org.jboss.jsr299.tck.tests.extensions.annotated.AlternativeMetaDataTest" name="testGetAnnotations"/>
  <testcase time="0" classname="org.jboss.jsr299.tck.tests.extensions.annotated.AlternativeMetaDataTest" name="testIsAnnotationPresent"/>
  <testcase time="0.001" classname="org.jboss.jsr299.tck.tests.extensions.annotated.AlternativeMetaDataTest" name="testTypeClosure"/>
  <testcase time="0" classname="org.jboss.jsr299.tck.tests.extensions.bean.bytype.BeanByTypeTest" name="testGetBeans"/>
  <testcase time="0.001" classname="org.jboss.jsr299.tck.tests.extensions.bean.bytype.BeanByTypeTest" name="testNoBindingImpliesCurrent"/>
  <testcase time="0" classname="org.jboss.jsr299.tck.tests.extensions.bean.bytype.BeanByTypeTest" name="testNonBindingType"/>
  <testcase time="0" classname="org.jboss.jsr299.tck.tests.extensions.bean.bytype.BeanByTypeTest" name="testSameBindingTwice"/>
  <testcase time="0" classname="org.jboss.jsr299.tck.tests.extensions.bean.bytype.BeanByTypeTest" name="testTypeVariable"/>
  <testcase time="0" classname="org.jboss.jsr299.tck.tests.extensions.beanManager.BeanManagerTest" name="testAmbiguousDependencyNotResolved"/>
  <testcase time="0.001" classname="org.jboss.jsr299.tck.tests.extensions.beanManager.BeanManagerTest" name="testAmbiguousDependencyResolved"/>
  <testcase time="0" classname="org.jboss.jsr299.tck.tests.extensions.beanManager.BeanManagerTest" name="testDetermineBindingType"/>
  <testcase time="0" classname="org.jboss.jsr299.tck.tests.extensions.beanManager.BeanManagerTest" name="testDetermineInterceptorBindingType"/>
  <testcase time="0.001" classname="org.jboss.jsr299.tck.tests.extensions.beanManager.BeanManagerTest" name="testDetermineScopeType"/>
  <testcase time="0" classname="org.jboss.jsr299.tck.tests.extensions.beanManager.BeanManagerTest" name="testDetermineStereotype"/>
  <testcase time="0" classname="org.jboss.jsr299.tck.tests.extensions.beanManager.BeanManagerTest" name="testGetELResolver"/>
  <testcase time="0" classname="org.jboss.jsr299.tck.tests.extensions.beanManager.BeanManagerTest" name="testGetMetaAnnotationsForInterceptorBindingType"/>
  <testcase time="0.001" classname="org.jboss.jsr299.tck.tests.extensions.beanManager.BeanManagerTest" name="testGetMetaAnnotationsForStereotype"/>
  <testcase time="0" classname="org.jboss.jsr299.tck.tests.extensions.beanManager.BeanManagerTest" name="testObtainingAnnotatedType"/>
  <testcase time="0" classname="org.jboss.jsr299.tck.tests.extensions.beanManager.BeanManagerTest" name="testObtainingInjectionTarget"/>
  <testcase time="0.004" classname="org.jboss.jsr299.tck.tests.extensions.beanManager.BeanManagerTest" name="testValidateThrowsException"/>
  <testcase time="0" classname="org.jboss.jsr299.tck.tests.extensions.beanManager.BeanManagerTest" name="testgetScope"/>
  <testcase time="0.001" classname="org.jboss.jsr299.tck.tests.implementation.disposal.method.definition.DisposalMethodDefinitionTest" name="testBindingTypesAppliedToDisposalMethodParameters"/>
  <testcase time="0" classname="org.jboss.jsr299.tck.tests.implementation.disposal.method.definition.DisposalMethodDefinitionTest" name="testDisposalMethodOnNonBean"/>
  <testcase time="0" classname="org.jboss.jsr299.tck.tests.implementation.disposal.method.definition.DisposalMethodDefinitionTest" name="testDisposalMethodParametersGetInjected"/>
  <testcase time="0" classname="org.jboss.jsr299.tck.tests.implementation.disposal.method.definition.broken.initializerUnallowed.InitializerUnallowedDefinitionTest" name="testInitializerUnallowed"/>
  <testcase time="0" classname="org.jboss.jsr299.tck.tests.implementation.disposal.method.definition.broken.multiParams.MultipleDisposeParametersDefinitionTest" name="testMultipleDisposeParameters"/>
  <testcase time="0" classname="org.jboss.jsr299.tck.tests.implementation.disposal.method.definition.broken.observesUnallowed.ObserverParameterUnallowedDefinitionTest" name="testObserverParameterUnallowed"/>
  <testcase time="0" classname="org.jboss.jsr299.tck.tests.implementation.disposal.method.definition.broken.producesUnallowed.ProducesUnallowedDefinitionTest" name="testProducesUnallowed"/>
  <testcase time="0" classname="org.jboss.jsr299.tck.tests.implementation.disposal.method.definition.broken.unresolvedMethod.UnresolvedDisposalMethodDefinitionTest" name="testUnresolvedDisposalMethod"/>
  <testcase time="0" classname="org.jboss.jsr299.tck.tests.implementation.enterprise.broken.singletonWithConversationScope.SingletonWithConversationScopeTest" name="testSingletonWithConversationScopeFails"/>
  <testcase time="0" classname="org.jboss.jsr299.tck.tests.implementation.enterprise.broken.singletonWithRequestScope.SingletonWithRequestScopeTest" name="testSingletonWithRequestScopeFails"/>
  <testcase time="0" classname="org.jboss.jsr299.tck.tests.implementation.enterprise.broken.singletonWithSessionScope.SingletonWithSessionScopeTest" name="testSingletonWithSessionScopeFails"/>
  <testcase time="0" classname="org.jboss.jsr299.tck.tests.implementation.enterprise.broken.statelessWithApplicationScope.StatelessWithApplicationScopeTest" name="testStatelessWithSessionScopeFails"/>
  <testcase time="0" classname="org.jboss.jsr299.tck.tests.implementation.enterprise.broken.statelessWithConversationScope.StatelessWithConversationScopeTest" name="testStatelessWithConversationScopeFails"/>
  <testcase time="0" classname="org.jboss.jsr299.tck.tests.implementation.enterprise.broken.statelessWithRequestScope.StatelessWithRequestScopeTest" name="testStatelessWithRequestScopeFails"/>
  <testcase time="0" classname="org.jboss.jsr299.tck.tests.implementation.enterprise.broken.statelessWithSessionScope.StatelessWithSessionScopeTest" name="testStatelessWithSessionScopeFails"/>
  <testcase time="0.001" classname="org.jboss.jsr299.tck.tests.implementation.initializer.InitializerMethodTest" name="testBindingTypeOnInitializerParameter"/>
  <testcase time="0.001" classname="org.jboss.jsr299.tck.tests.implementation.initializer.InitializerMethodTest" name="testMultipleInitializerMethodsAreCalled"/>
  <testcase time="0" classname="org.jboss.jsr299.tck.tests.implementation.initializer.broken.methodAnnotatedProduces.InitializerMethodAnnotatedProducesTest" name="testInitializerMethodAnnotatedProduces"/>
  <testcase time="0" classname="org.jboss.jsr299.tck.tests.implementation.initializer.broken.parameterAnnotatedDisposes.ParameterAnnotatedDisposesTest" name="testInitializerMethodHasParameterAnnotatedDisposes"/>
  <testcase time="0" classname="org.jboss.jsr299.tck.tests.implementation.initializer.broken.parameterAnnotatedObserves.ParameterAnnotatedObservesTest" name="testInitializerMethodHasParameterAnnotatedObserves"/>
  <testcase time="0" classname="org.jboss.jsr299.tck.tests.implementation.producer.field.definition.ProducerFieldDefinitionTest" name="testApiTypeForArrayTypeReturn"/>
  <testcase time="0.001" classname="org.jboss.jsr299.tck.tests.implementation.producer.field.definition.ProducerFieldDefinitionTest" name="testApiTypeForClassReturn"/>
  <testcase time="0.001" classname="org.jboss.jsr299.tck.tests.implementation.producer.field.definition.ProducerFieldDefinitionTest" name="testApiTypeForInterfaceReturn"/>
  <testcase time="0.001" classname="org.jboss.jsr299.tck.tests.implementation.producer.field.definition.ProducerFieldDefinitionTest" name="testApiTypeForPrimitiveReturn"/>
  <testcase time="0.001" classname="org.jboss.jsr299.tck.tests.implementation.producer.field.definition.ProducerFieldDefinitionTest" name="testBeanDeclaresMultipleProducerFields"/>
  <testcase time="0" classname="org.jboss.jsr299.tck.tests.implementation.producer.field.definition.ProducerFieldDefinitionTest" name="testBindingType"/>
  <testcase time="0.001" classname="org.jboss.jsr299.tck.tests.implementation.producer.field.definition.ProducerFieldDefinitionTest" name="testDefaultBindingType"/>
  <testcase time="0" classname="org.jboss.jsr299.tck.tests.implementation.producer.field.definition.ProducerFieldDefinitionTest" name="testDefaultNamedField"/>
  <testcase time="0" classname="org.jboss.jsr299.tck.tests.implementation.producer.field.definition.ProducerFieldDefinitionTest" name="testNamedField"/>
  <testcase time="0" classname="org.jboss.jsr299.tck.tests.implementation.producer.field.definition.ProducerFieldDefinitionTest" name="testNonStaticProducerFieldNotIndirectlyInherited"/>
  <testcase time="0.001" classname="org.jboss.jsr299.tck.tests.implementation.producer.field.definition.ProducerFieldDefinitionTest" name="testNonStaticProducerFieldNotInherited"/>
  <testcase time="0" classname="org.jboss.jsr299.tck.tests.implementation.producer.field.definition.ProducerFieldDefinitionTest" name="testParameterizedReturnType"/>
  <testcase time="0" classname="org.jboss.jsr299.tck.tests.implementation.producer.field.definition.ProducerFieldDefinitionTest" name="testScopeType"/>
  <testcase time="0" classname="org.jboss.jsr299.tck.tests.implementation.producer.field.definition.ProducerFieldDefinitionTest" name="testStereotype"/>
  <testcase time="0" classname="org.jboss.jsr299.tck.tests.implementation.producer.field.definition.broken.parameterizedReturnTypeWithWildcard.ParameterizedReturnTypeWithWildcardTest" name="testParameterizedReturnTypeWithWildcard"/>
  <testcase time="0" classname="org.jboss.jsr299.tck.tests.implementation.producer.method.broken.enterprise.nonbusiness.ProducerMethodNotBusinessMethodTest" name="testProducerMethodOnSessionBeanMustBeBusinessMethod"/>
  <testcase time="0" classname="org.jboss.jsr299.tck.tests.implementation.producer.method.broken.parameterAnnotatedDisposes.ParameterAnnotatedDisposesTest" name="testProducerMethodWithParameterAnnotatedDisposes"/>
  <testcase time="0" classname="org.jboss.jsr299.tck.tests.implementation.producer.method.broken.parameterAnnotatedObserves.ParameterAnnotatedObservesTest" name="testProducerMethodWithParameterAnnotatedObserves"/>
  <testcase time="0" classname="org.jboss.jsr299.tck.tests.implementation.producer.method.broken.parameterizedTypeWithTypeParameter2.ParameterizedTypeWithTypeParameterTest" name="testParameterizedType"/>
  <testcase time="0" classname="org.jboss.jsr299.tck.tests.implementation.producer.method.broken.parameterizedTypeWithWildcard.ParameterizedTypeWithWildcardTest" name="testParameterizedReturnTypeWithWildcard"/>
  <testcase time="0.001" classname="org.jboss.jsr299.tck.tests.implementation.producer.method.definition.ProducerMethodDefinitionTest" name="testApiTypeForArrayTypeReturn"/>
  <testcase time="0" classname="org.jboss.jsr299.tck.tests.implementation.producer.method.definition.ProducerMethodDefinitionTest" name="testApiTypeForClassReturn"/>
  <testcase time="0" classname="org.jboss.jsr299.tck.tests.implementation.producer.method.definition.ProducerMethodDefinitionTest" name="testApiTypeForInterfaceReturn"/>
  <testcase time="0" classname="org.jboss.jsr299.tck.tests.implementation.producer.method.definition.ProducerMethodDefinitionTest" name="testApiTypeForPrimitiveReturn"/>
  <testcase time="0" classname="org.jboss.jsr299.tck.tests.implementation.producer.method.definition.ProducerMethodDefinitionTest" name="testBindingType"/>
  <testcase time="0" classname="org.jboss.jsr299.tck.tests.implementation.producer.method.definition.ProducerMethodDefinitionTest" name="testBindingTypesAppliedToProducerMethodParameters"/>
  <testcase time="0.001" classname="org.jboss.jsr299.tck.tests.implementation.producer.method.definition.ProducerMethodDefinitionTest" name="testDefaultBindingType"/>
  <testcase time="0" classname="org.jboss.jsr299.tck.tests.implementation.producer.method.definition.ProducerMethodDefinitionTest" name="testDefaultNamedMethod"/>
  <testcase time="0" classname="org.jboss.jsr299.tck.tests.implementation.producer.method.definition.ProducerMethodDefinitionTest" name="testDependentProducerReturnsNullValue"/>
  <testcase time="0" classname="org.jboss.jsr299.tck.tests.implementation.producer.method.definition.ProducerMethodDefinitionTest" name="testNamedMethod"/>
  <testcase time="0.002" classname="org.jboss.jsr299.tck.tests.implementation.producer.method.definition.ProducerMethodDefinitionTest" name="testNonDependentProducerReturnsNullValue"/>
  <testcase time="0.001" classname="org.jboss.jsr299.tck.tests.implementation.producer.method.definition.ProducerMethodDefinitionTest" name="testNonStaticProducerMethodNotInherited"/>
  <testcase time="0" classname="org.jboss.jsr299.tck.tests.implementation.producer.method.definition.ProducerMethodDefinitionTest" name="testParameterizedReturnType"/>
  <testcase time="0" classname="org.jboss.jsr299.tck.tests.implementation.producer.method.definition.ProducerMethodDefinitionTest" name="testProducerOnNonBean"/>
  <testcase time="0" classname="org.jboss.jsr299.tck.tests.implementation.producer.method.definition.ProducerMethodDefinitionTest" name="testScopeType"/>
  <testcase time="0.001" classname="org.jboss.jsr299.tck.tests.implementation.producer.method.definition.ProducerMethodDefinitionTest" name="testStaticDisposerMethod"/>
  <testcase time="0" classname="org.jboss.jsr299.tck.tests.implementation.producer.method.definition.ProducerMethodDefinitionTest" name="testStaticMethod"/>
  <testcase time="0" classname="org.jboss.jsr299.tck.tests.implementation.producer.method.definition.ProducerMethodDefinitionTest" name="testStereotypeSpecifiesScope"/>
  <testcase time="0" classname="org.jboss.jsr299.tck.tests.implementation.producer.method.lifecycle.ProducerMethodLifecycleTest" name="testCreateFailsIfProducerReturnsNullAndNotDependent"/>
  <testcase time="0.001" classname="org.jboss.jsr299.tck.tests.implementation.producer.method.lifecycle.ProducerMethodLifecycleTest" name="testCreateRethrowsUncheckedException"/>
  <testcase time="0.001" classname="org.jboss.jsr299.tck.tests.implementation.producer.method.lifecycle.ProducerMethodLifecycleTest" name="testCreateReturnsNullIfProducerDoesAndDependent"/>
  <testcase time="0" classname="org.jboss.jsr299.tck.tests.implementation.producer.method.lifecycle.ProducerMethodLifecycleTest" name="testCreateWrapsCheckedExceptionAndRethrows"/>
  <testcase time="0.001" classname="org.jboss.jsr299.tck.tests.implementation.producer.method.lifecycle.ProducerMethodLifecycleTest" name="testProducerMethodBeanCreate"/>
  <testcase time="0.001" classname="org.jboss.jsr299.tck.tests.implementation.producer.method.lifecycle.ProducerMethodLifecycleTest" name="testProducerMethodBeanDestroy"/>
  <testcase time="0.001" classname="org.jboss.jsr299.tck.tests.implementation.producer.method.lifecycle.ProducerMethodLifecycleTest" name="testProducerMethodFromMostSpecializedBeanUsed"/>
  <testcase time="0" classname="org.jboss.jsr299.tck.tests.implementation.producer.method.lifecycle.ProducerMethodLifecycleTest" name="testProducerMethodInvokedOnCreate"/>
  <testcase time="0.001" classname="org.jboss.jsr299.tck.tests.implementation.producer.method.lifecycle.ProducerMethodLifecycleTest" name="testWhenApplicationInvokesProducerMethodParametersAreNotInjected"/>
  <testcase time="0" classname="org.jboss.jsr299.tck.tests.implementation.simple.definition.SimpleBeanDefinitionTest" name="testAbstractClassDeclaredInJavaNotDiscovered"/>
  <testcase time="0" classname="org.jboss.jsr299.tck.tests.implementation.simple.definition.SimpleBeanDefinitionTest" name="testDependentScopedBeanCanHavePublicField"/>
  <testcase time="0" classname="org.jboss.jsr299.tck.tests.implementation.simple.definition.SimpleBeanDefinitionTest" name="testEmptyConstructorUsed"/>
  <testcase time="0" classname="org.jboss.jsr299.tck.tests.implementation.simple.definition.SimpleBeanDefinitionTest" name="testInitializerAnnotatedConstructor"/>
  <testcase time="0" classname="org.jboss.jsr299.tck.tests.implementation.simple.definition.SimpleBeanDefinitionTest" name="testInitializerAnnotatedConstructorUsedOverEmptyConstuctor"/>
  <testcase time="0.001" classname="org.jboss.jsr299.tck.tests.implementation.simple.definition.SimpleBeanDefinitionTest" name="testInterfaceNotDiscoveredAsSimpleBean"/>
  <testcase time="0" classname="org.jboss.jsr299.tck.tests.implementation.simple.definition.SimpleBeanDefinitionTest" name="testNonStaticInnerClassDeclaredInJavaNotDiscovered"/>
  <testcase time="0" classname="org.jboss.jsr299.tck.tests.implementation.simple.definition.SimpleBeanDefinitionTest" name="testSimpleBeanOnlyIfConstructorIsInitializer"/>
  <testcase time="0" classname="org.jboss.jsr299.tck.tests.implementation.simple.definition.SimpleBeanDefinitionTest" name="testSimpleBeanOnlyIfConstructorParameterless"/>
  <testcase time="0" classname="org.jboss.jsr299.tck.tests.implementation.simple.definition.SimpleBeanDefinitionTest" name="testStaticInnerClassDeclaredInJavaAllowed"/>
  <testcase time="0" classname="org.jboss.jsr299.tck.tests.implementation.simple.definition.constructorHasDisposesParameter.ConstructorHasDisposesParameterTest" name="testConstructorHasDisposesParameter"/>
  <testcase time="0.001" classname="org.jboss.jsr299.tck.tests.implementation.simple.definition.constructorHasObservesParameter.ConstructorHasObservesParameterTest" name="testConstructorHasObservesParameter"/>
  <testcase time="0" classname="org.jboss.jsr299.tck.tests.implementation.simple.definition.dependentWithPublicField.DependentWithPublicFieldTest" name="testNonDependentScopedBeanCanNotHavePublicField"/>
  <testcase time="0" classname="org.jboss.jsr299.tck.tests.implementation.simple.definition.tooManyInitializerAnnotatedConstructors.TooManyInitializerAnnotatedConstructorsTest" name="testTooManyInitializerAnnotatedConstructor"/>
  <testcase time="0.005" classname="org.jboss.jsr299.tck.tests.implementation.simple.lifecycle.SimpleBeanLifecycleTest" name="testBeanCreateInjectsDependenciesAndInvokesInitializerToInstantiateInstance"/>
  <testcase time="0.003" classname="org.jboss.jsr299.tck.tests.implementation.simple.lifecycle.SimpleBeanLifecycleTest" name="testContextCreatesNewInstanceForInjection"/>
  <testcase time="0.003" classname="org.jboss.jsr299.tck.tests.implementation.simple.lifecycle.SimpleBeanLifecycleTest" name="testContextualDestroyCatchesException"/>
  <testcase time="0.001" classname="org.jboss.jsr299.tck.tests.implementation.simple.lifecycle.SimpleBeanLifecycleTest" name="testContextualDestroyDisposesWhenNecessary"/>
  <testcase time="0" classname="org.jboss.jsr299.tck.tests.implementation.simple.lifecycle.SimpleBeanLifecycleTest" name="testCreateInjectsFieldsDeclaredInJava"/>
  <testcase time="0" classname="org.jboss.jsr299.tck.tests.implementation.simple.lifecycle.SimpleBeanLifecycleTest" name="testCreateReturnsSameBeanPushed"/>
  <testcase time="0.001" classname="org.jboss.jsr299.tck.tests.implementation.simple.lifecycle.SimpleBeanLifecycleTest" name="testCreationExceptionWrapsCheckedExceptionThrownFromCreate"/>
  <testcase time="0" classname="org.jboss.jsr299.tck.tests.implementation.simple.lifecycle.SimpleBeanLifecycleTest" name="testDependentsDestroyedAfterPreDestroy"/>
  <testcase time="0" classname="org.jboss.jsr299.tck.tests.implementation.simple.lifecycle.SimpleBeanLifecycleTest" name="testIndirectSubClassInheritsPostConstructOnSuperclass"/>
  <testcase time="0.001" classname="org.jboss.jsr299.tck.tests.implementation.simple.lifecycle.SimpleBeanLifecycleTest" name="testIndirectSubClassInheritsPreDestroyOnSuperclass"/>
  <testcase time="0" classname="org.jboss.jsr299.tck.tests.implementation.simple.lifecycle.SimpleBeanLifecycleTest" name="testInjectionOfParametersIntoBeanConstructor"/>
  <testcase time="0.002" classname="org.jboss.jsr299.tck.tests.implementation.simple.lifecycle.SimpleBeanLifecycleTest" name="testManagedBean"/>
  <testcase time="0" classname="org.jboss.jsr299.tck.tests.implementation.simple.lifecycle.SimpleBeanLifecycleTest" name="testPostConstructPreDestroy"/>
  <testcase time="0.001" classname="org.jboss.jsr299.tck.tests.implementation.simple.lifecycle.SimpleBeanLifecycleTest" name="testQualifierTypeAnnotatedConstructor"/>
  <testcase time="0.001" classname="org.jboss.jsr299.tck.tests.implementation.simple.lifecycle.SimpleBeanLifecycleTest" name="testSerializeRequestScoped"/>
  <testcase time="0.003" classname="org.jboss.jsr299.tck.tests.implementation.simple.lifecycle.SimpleBeanLifecycleTest" name="testSerializeSessionScoped"/>
  <testcase time="0" classname="org.jboss.jsr299.tck.tests.implementation.simple.lifecycle.SimpleBeanLifecycleTest" name="testSpecializedBeanExtendsManagedBean"/>
  <testcase time="0.001" classname="org.jboss.jsr299.tck.tests.implementation.simple.lifecycle.SimpleBeanLifecycleTest" name="testSubClassDoesNotInheritPostConstructOnSuperclassBlockedByIntermediateClass"/>
  <testcase time="0" classname="org.jboss.jsr299.tck.tests.implementation.simple.lifecycle.SimpleBeanLifecycleTest" name="testSubClassDoesNotInheritPreDestroyConstructOnSuperclassBlockedByIntermediateClass"/>
  <testcase time="0" classname="org.jboss.jsr299.tck.tests.implementation.simple.lifecycle.SimpleBeanLifecycleTest" name="testSubClassInheritsPostConstructOnSuperclass"/>
  <testcase time="0.001" classname="org.jboss.jsr299.tck.tests.implementation.simple.lifecycle.SimpleBeanLifecycleTest" name="testSubClassInheritsPreDestroyOnSuperclass"/>
  <testcase time="0" classname="org.jboss.jsr299.tck.tests.implementation.simple.lifecycle.SimpleBeanLifecycleTest" name="testUncheckedExceptionThrownFromCreateNotWrapped"/>
  <testcase time="0" classname="org.jboss.jsr299.tck.tests.implementation.simple.lifecycle.unproxyable.UnproxyableManagedBeanTest" name="testNormalScopedUnproxyableBeanThrowsException"/>
  <testcase time="0.002" classname="org.jboss.jsr299.tck.tests.implementation.simple.newSimpleBean.NewSimpleBeanTest" name="testForEachSimpleBeanANewBeanExists"/>
  <testcase time="0" classname="org.jboss.jsr299.tck.tests.implementation.simple.newSimpleBean.NewSimpleBeanTest" name="testNewBeanCreatedForConstructorInjectioAnPoint"/>
  <testcase time="0.004" classname="org.jboss.jsr299.tck.tests.implementation.simple.newSimpleBean.NewSimpleBeanTest" name="testNewBeanCreatedForDisposerMethod"/>
  <testcase time="0.001" classname="org.jboss.jsr299.tck.tests.implementation.simple.newSimpleBean.NewSimpleBeanTest" name="testNewBeanCreatedForFieldInjectionPoint"/>
  <testcase time="0" classname="org.jboss.jsr299.tck.tests.implementation.simple.newSimpleBean.NewSimpleBeanTest" name="testNewBeanCreatedForInitializerInjectionPoint"/>
  <testcase time="0.001" classname="org.jboss.jsr299.tck.tests.implementation.simple.newSimpleBean.NewSimpleBeanTest" name="testNewBeanCreatedForObserverMethod"/>
  <testcase time="0" classname="org.jboss.jsr299.tck.tests.implementation.simple.newSimpleBean.NewSimpleBeanTest" name="testNewBeanCreatedForProducerMethod"/>
  <testcase time="0.003" classname="org.jboss.jsr299.tck.tests.implementation.simple.newSimpleBean.NewSimpleBeanTest" name="testNewBeanHasNoDisposerMethods"/>
  <testcase time="0" classname="org.jboss.jsr299.tck.tests.implementation.simple.newSimpleBean.NewSimpleBeanTest" name="testNewBeanHasNoObservers"/>
  <testcase time="0" classname="org.jboss.jsr299.tck.tests.implementation.simple.newSimpleBean.NewSimpleBeanTest" name="testNewBeanHasNoProducerFields"/>
  <testcase time="0.001" classname="org.jboss.jsr299.tck.tests.implementation.simple.newSimpleBean.NewSimpleBeanTest" name="testNewBeanHasNoProducerMethods"/>
  <testcase time="0" classname="org.jboss.jsr299.tck.tests.implementation.simple.newSimpleBean.NewSimpleBeanTest" name="testNewBeanHasNoStereotypes"/>
  <testcase time="0.005" classname="org.jboss.jsr299.tck.tests.implementation.simple.newSimpleBean.NewSimpleBeanTest" name="testNewBeanHasSameConstructor"/>
  <testcase time="0" classname="org.jboss.jsr299.tck.tests.implementation.simple.newSimpleBean.NewSimpleBeanTest" name="testNewBeanHasSameInitializers"/>
  <testcase time="0.001" classname="org.jboss.jsr299.tck.tests.implementation.simple.newSimpleBean.NewSimpleBeanTest" name="testNewBeanHasSameInjectedFields"/>
  <testcase time="0" classname="org.jboss.jsr299.tck.tests.implementation.simple.newSimpleBean.NewSimpleBeanTest" name="testNewBeanIsDependentScoped"/>
  <testcase time="0.001" classname="org.jboss.jsr299.tck.tests.implementation.simple.newSimpleBean.NewSimpleBeanTest" name="testNewBeanWithNoMemberValue"/>
  <testcase time="0" classname="org.jboss.jsr299.tck.tests.inheritance.specialization.enterprise.broken.directlyExtendsNothing.DirectlyExtendsNothingTest" name="testSpecializingClassDirectlyExtendsNothing"/>
  <testcase time="0" classname="org.jboss.jsr299.tck.tests.inheritance.specialization.enterprise.broken.directlyExtendsSimpleBean.DirectlyExtendsSimpleBeanTest" name="testSpecializingClassDirectlyExtendsSimpleBean"/>
  <testcase time="0" classname="org.jboss.jsr299.tck.tests.inheritance.specialization.enterprise.broken.implementInterfaceAndExtendsNothing.ImplementsInterfaceAndExtendsNothingTest" name="testSpecializingClassImplementsInterfaceAndExtendsNothing"/>
  <testcase time="0" classname="org.jboss.jsr299.tck.tests.inheritance.specialization.enterprise.broken.sameName.SameNameTest" name="testSpecializingAndSpecializedBeanHasName"/>
  <testcase time="0" classname="org.jboss.jsr299.tck.tests.inheritance.specialization.producer.method.ProducerMethodSpecializationTest" name="testSpecializingBeanHasBindingsOfSpecializedAndSpecializingBean"/>
  <testcase time="0" classname="org.jboss.jsr299.tck.tests.inheritance.specialization.producer.method.broken.indirectOverride.IndirectOverrideTest" name="testSpecializedMethodIndirectlyOverridesAnotherProducerMethod"/>
  <testcase time="0" classname="org.jboss.jsr299.tck.tests.inheritance.specialization.producer.method.broken.specializesStaticMethod.SpecializesStaticMethodTest" name="testSpecializedStaticMethod"/>
  <testcase time="0" classname="org.jboss.jsr299.tck.tests.inheritance.specialization.producer.method.broken.specializingAndSpecializedBeanHaveName.SpecializingAndSpecializedBeanHaveNameTest" name="testSpecializingAndSpecializedBeanHasName"/>
  <testcase time="0.001" classname="org.jboss.jsr299.tck.tests.inheritance.specialization.simple.SimpleBeanSpecializationTest" name="testSpecializingBeanHasNameOfSpecializedBean"/>
  <testcase time="0" classname="org.jboss.jsr299.tck.tests.inheritance.specialization.simple.SimpleBeanSpecializationTest" name="testSpecializingBeanHasQualifiersOfSpecializedAndSpecializingBean"/>
  <testcase time="0" classname="org.jboss.jsr299.tck.tests.inheritance.specialization.simple.broken.extendejb.SpecializingBeanExtendsEnterpriseBeanTest" name="testSpecializingClassDirectlyExtendsEnterpriseBean"/>
  <testcase time="0" classname="org.jboss.jsr299.tck.tests.inheritance.specialization.simple.broken.inconsistent.InconsistentSpecializationTest" name="testInconsistentSpecialization"/>
  <testcase time="0" classname="org.jboss.jsr299.tck.tests.inheritance.specialization.simple.broken.names.SpecializingAndSpecializedBeanHasNameTest" name="testSpecializingAndSpecializedBeanHasName"/>
  <testcase time="0" classname="org.jboss.jsr299.tck.tests.inheritance.specialization.simple.broken.noextend1.SpecializingBeanImplementsInterfaceOnly" name="testSpecializingClassImplementsInterfaceAndExtendsNothing"/>
  <testcase time="0" classname="org.jboss.jsr299.tck.tests.inheritance.specialization.simple.broken.noextend2.SpecializingBeanExtendsNothingTest" name="testSpecializingClassDirectlyExtendsNothing"/>
  <testcase time="0" classname="org.jboss.jsr299.tck.tests.inheritance.specialization.simple.broken.noextend3.SpecializingClassExtendsNonSimpleBeanTest" name="testSpecializingClassExtendsNonSimpleBean"/>
  <testcase time="0" classname="org.jboss.jsr299.tck.tests.interceptors.definition.InterceptorDefinitionTest" name="testInitializerMethodsNotIntercepted"/>
  <testcase time="0.001" classname="org.jboss.jsr299.tck.tests.interceptors.definition.InterceptorDefinitionTest" name="testInstanceOfInterceptorForEveryEnabledInterceptor"/>
  <testcase time="0.001" classname="org.jboss.jsr299.tck.tests.interceptors.definition.InterceptorDefinitionTest" name="testInterceptionType"/>
  <testcase time="0" classname="org.jboss.jsr299.tck.tests.interceptors.definition.InterceptorDefinitionTest" name="testInterceptorBindingAnnotation"/>
  <testcase time="0" classname="org.jboss.jsr299.tck.tests.interceptors.definition.InterceptorDefinitionTest" name="testInterceptorBindingTypes"/>
  <testcase time="0.001" classname="org.jboss.jsr299.tck.tests.interceptors.definition.InterceptorDefinitionTest" name="testInterceptorBindingsCanDeclareOtherInterceptorBindings"/>
  <testcase time="0.001" classname="org.jboss.jsr299.tck.tests.interceptors.definition.InterceptorDefinitionTest" name="testInterceptorsImplementInterceptorInterface"/>
  <testcase time="0" classname="org.jboss.jsr299.tck.tests.interceptors.definition.InterceptorDefinitionTest" name="testManagedBeanIsIntercepted"/>
  <testcase time="0" classname="org.jboss.jsr299.tck.tests.interceptors.definition.InterceptorDefinitionTest" name="testNoBindingTypesToResolveInterceptorsFails"/>
  <testcase time="0" classname="org.jboss.jsr299.tck.tests.interceptors.definition.InterceptorDefinitionTest" name="testNonBindingTypeToResolveInterceptorsFails"/>
  <testcase time="0.001" classname="org.jboss.jsr299.tck.tests.interceptors.definition.InterceptorDefinitionTest" name="testProducerMethodsAreIntercepted"/>
  <testcase time="0" classname="org.jboss.jsr299.tck.tests.interceptors.definition.InterceptorDefinitionTest" name="testResolveInterceptorsReturnsOrderedList"/>
  <testcase time="0" classname="org.jboss.jsr299.tck.tests.interceptors.definition.InterceptorDefinitionTest" name="testSameBindingTypesToResolveInterceptorsFails"/>
  <testcase time="0.001" classname="org.jboss.jsr299.tck.tests.interceptors.definition.InterceptorDefinitionTest" name="testStereotypeInterceptorBindings"/>
  <testcase time="0" classname="org.jboss.jsr299.tck.tests.interceptors.definition.broken.interceptorCanNotBeDecorator.InterceptorCanNotBeDecoratorTest" name="testInterceptorCanNotAlsoBeDecorator"/>
  <testcase time="0" classname="org.jboss.jsr299.tck.tests.interceptors.definition.broken.invalidBindingAnnotations.InvalidInterceptorBindingAnnotationsTest" name="testInterceptorBindingsWithConflictingAnnotationMembersNotOk"/>
  <testcase time="0" classname="org.jboss.jsr299.tck.tests.interceptors.definition.broken.nonExistantClassInBeansXml.NonExistantClassInBeansXmlTest" name="testNonExistantClassInBeansXmlNotOk"/>
  <testcase time="0" classname="org.jboss.jsr299.tck.tests.interceptors.definition.broken.nonInterceptorClassInBeansXml.NonInterceptorClassInBeansXmlTest" name="testNonInterceptorClassInBeansXmlNotOk"/>
  <testcase time="0" classname="org.jboss.jsr299.tck.tests.interceptors.definition.broken.sameClassListedTwiceInBeansXml.SameClassListedTwiceInBeansXmlTest" name="testSameInterceptorClassListedTwiceInBeansXmlNotOk"/>
  <testcase time="0.001" classname="org.jboss.jsr299.tck.tests.interceptors.definition.interceptorCalledBeforeDecorator.InterceptorCalledBeforeDecoratorTest" name="testInterceptorCalledBeforeDecorator"/>
  <testcase time="0" classname="org.jboss.jsr299.tck.tests.interceptors.definition.interceptorNotListedInBeansXml.InterceptorNotListedInBeansXmlNotEnabledTest" name="testInterceptorNotListedInBeansXmlNotInvoked"/>
  <testcase time="0.001" classname="org.jboss.jsr299.tck.tests.interceptors.definition.interceptorOrder.InterceptorOrderTest" name="testInterceptorsCalledInOrderDefinedByBeansXml"/>
  <testcase time="0" classname="org.jboss.jsr299.tck.tests.interceptors.definition.interceptorOrder.InterceptorOrderTest" name="testInterceptorsDeclaredUsingInterceptorsCalledBeforeInterceptorBinding"/>
  <testcase time="0" classname="org.jboss.jsr299.tck.tests.interceptors.definition.member.InterceptorBindingTypeWithMemberTest" name="testInterceptorBindingTypeWithMember"/>
  <testcase time="0" classname="org.jboss.jsr299.tck.tests.interceptors.definition.member.InterceptorBindingTypeWithMemberTest" name="testInterceptorBindingTypeWithNonBindingMember"/>
  <testcase time="0" classname="org.jboss.jsr299.tck.tests.interceptors.definition.multipleBindings.MultipleInterceptorBindingsTest" name="testInterceptorAppliedToBeanWithAllBindings"/>
  <testcase time="0" classname="org.jboss.jsr299.tck.tests.interceptors.definition.multipleBindings.MultipleInterceptorBindingsTest" name="testInterceptorNotAppliedToBeanWithSomeBindings"/>
  <testcase time="0" classname="org.jboss.jsr299.tck.tests.lookup.binding.members.annotation.BindingAnnotationWithMemberTest" name="testAnnotationMemberWithoutNonBinding"/>
  <testcase time="0" classname="org.jboss.jsr299.tck.tests.lookup.binding.members.array.BindingAnnotationWithMemberTest" name="testArrayMemberWithoutNonBinding"/>
  <testcase time="0.001" classname="org.jboss.jsr299.tck.tests.lookup.byname.ResolutionByNameTest" name="testAmbiguousELNamesResolved"/>
  <testcase time="0" classname="org.jboss.jsr299.tck.tests.lookup.byname.duplicateNameResolution.DuplicateNameResolutionTest" name="testDuplicateNamedBeans"/>
  <testcase time="0" classname="org.jboss.jsr299.tck.tests.lookup.byname.duplicatePrefixResolution.DuplicateNamePrefixResolutionTest" name="testDuplicateBeanNamePrefix"/>
  <testcase time="0.002" classname="org.jboss.jsr299.tck.tests.lookup.circular.CircularDependencyTest" name="testCircularInjectionOnOneNormalAndOneDependentBean"/>
  <testcase time="0.003" classname="org.jboss.jsr299.tck.tests.lookup.circular.CircularDependencyTest" name="testCircularInjectionOnTwoNormalBeans"/>
  <testcase time="0.001" classname="org.jboss.jsr299.tck.tests.lookup.circular.CircularDependencyTest" name="testDependentProducerMethodDeclaredOnNormalBeanWhichInjectsProducedBean"/>
  <testcase time="0.002" classname="org.jboss.jsr299.tck.tests.lookup.circular.CircularDependencyTest" name="testNormalAndDependentCircularConstructors"/>
  <testcase time="0.001" classname="org.jboss.jsr299.tck.tests.lookup.circular.CircularDependencyTest" name="testNormalCircularConstructors"/>
  <testcase time="0" classname="org.jboss.jsr299.tck.tests.lookup.circular.CircularDependencyTest" name="testNormalProducerMethodDeclaredOnDependentBeanWhichInjectsProducedBean"/>
  <testcase time="0.002" classname="org.jboss.jsr299.tck.tests.lookup.circular.CircularDependencyTest" name="testNormalProducerMethodDeclaredOnNormalBeanWhichInjectsProducedBean"/>
  <testcase time="0" classname="org.jboss.jsr299.tck.tests.lookup.circular.CircularDependencyTest" name="testNormalSelfConsumingProducer"/>
  <testcase time="0.001" classname="org.jboss.jsr299.tck.tests.lookup.circular.CircularDependencyTest" name="testSelfConsumingConstructorsOnNormalBean"/>
  <testcase time="0.002" classname="org.jboss.jsr299.tck.tests.lookup.clientProxy.ClientProxyTest" name="testClientProxyInvocation"/>
  <testcase time="0.001" classname="org.jboss.jsr299.tck.tests.lookup.clientProxy.ClientProxyTest" name="testClientProxyUsedForNormalScope"/>
  <testcase time="0.001" classname="org.jboss.jsr299.tck.tests.lookup.clientProxy.ClientProxyTest" name="testInactiveScope"/>
  <testcase time="0" classname="org.jboss.jsr299.tck.tests.lookup.clientProxy.ClientProxyTest" name="testSimpleBeanClientProxyIsSerializable"/>
  <testcase time="0" classname="org.jboss.jsr299.tck.tests.lookup.clientProxy.unproxyable.array.ArrayTest" name="testInjectionPointWithArrayType"/>
  <testcase time="0" classname="org.jboss.jsr299.tck.tests.lookup.clientProxy.unproxyable.finalClass.FinalClassTest" name="testInjectionPointWithUnproxyableTypeWhichResolvesToNormalScopedBean"/>
  <testcase time="0.001" classname="org.jboss.jsr299.tck.tests.lookup.clientProxy.unproxyable.finalMethod.FinalMethodTest" name="testClassWithFinalMethodCannotBeProxied"/>
  <testcase time="0" classname="org.jboss.jsr299.tck.tests.lookup.clientProxy.unproxyable.primitive.UnproxyableTest" name="testInjectionPointWithUnproxyableTypeWhichResolvesToNormalScopedBean"/>
  <testcase time="0" classname="org.jboss.jsr299.tck.tests.lookup.clientProxy.unproxyable.privateConstructor.PrivateConstructorTest" name="testClassWithPrivateConstructor"/>
  <testcase time="0" classname="org.jboss.jsr299.tck.tests.lookup.dependency.resolution.broken.ambiguous.AmbiguousDependencyTest" name="testAmbiguousDependency"/>
  <testcase time="0" classname="org.jboss.jsr299.tck.tests.lookup.dependency.resolution.broken.unsatisfied.UnsatisfiedDependencyTest" name="testUnsatisfiedDependency"/>
  <testcase time="0.001" classname="org.jboss.jsr299.tck.tests.lookup.dynamic.DynamicLookupTest" name="testAmbiguousDependencyThrowsException"/>
  <testcase time="0" classname="org.jboss.jsr299.tck.tests.lookup.dynamic.DynamicLookupTest" name="testDuplicateBindingsThrowsException"/>
  <testcase time="0.002" classname="org.jboss.jsr299.tck.tests.lookup.dynamic.DynamicLookupTest" name="testGetMethod"/>
  <testcase time="0" classname="org.jboss.jsr299.tck.tests.lookup.dynamic.DynamicLookupTest" name="testIsAmbiguous"/>
  <testcase time="0.001" classname="org.jboss.jsr299.tck.tests.lookup.dynamic.DynamicLookupTest" name="testIsUnsatisfied"/>
  <testcase time="0.007" classname="org.jboss.jsr299.tck.tests.lookup.dynamic.DynamicLookupTest" name="testIteratorMethod"/>
  <testcase time="0.001" classname="org.jboss.jsr299.tck.tests.lookup.dynamic.DynamicLookupTest" name="testNonBindingThrowsException"/>
  <testcase time="0" classname="org.jboss.jsr299.tck.tests.lookup.dynamic.DynamicLookupTest" name="testObtainsInjectsInstanceOfInstance"/>
  <testcase time="0.001" classname="org.jboss.jsr299.tck.tests.lookup.dynamic.DynamicLookupTest" name="testUnsatisfiedDependencyThrowsException"/>
  <testcase time="0.007" classname="org.jboss.jsr299.tck.tests.lookup.dynamic.builtin.BuiltinInstanceTest" name="testInstanceIsPassivationCapable"/>
  <testcase time="0.001" classname="org.jboss.jsr299.tck.tests.lookup.dynamic.builtin.BuiltinInstanceTest" name="testInstanceProvidedForEveryLegalBeanType"/>
  <testcase time="0" classname="org.jboss.jsr299.tck.tests.lookup.dynamic.builtin.BuiltinInstanceTest" name="testNameOfBuiltinInstance"/>
  <testcase time="0" classname="org.jboss.jsr299.tck.tests.lookup.dynamic.builtin.BuiltinInstanceTest" name="testScopeOfBuiltinInstance"/>
  <testcase time="0.002" classname="org.jboss.jsr299.tck.tests.lookup.el.ResolutionByNameTest" name="testContextCreatesNewInstanceForInjection"/>
  <testcase time="0.006" classname="org.jboss.jsr299.tck.tests.lookup.el.ResolutionByNameTest" name="testELResolverReturnsContextualInstance"/>
  <testcase time="0.004" classname="org.jboss.jsr299.tck.tests.lookup.el.ResolutionByNameTest" name="testQualifiedNameLookup"/>
  <testcase time="0.001" classname="org.jboss.jsr299.tck.tests.lookup.el.ResolutionByNameTest" name="testUnresolvedNameReturnsNull"/>
  <testcase time="0" classname="org.jboss.jsr299.tck.tests.lookup.injection.InjectionTest" name="testFieldDeclaredInIndirectSuperclassInjected"/>
  <testcase time="0" classname="org.jboss.jsr299.tck.tests.lookup.injection.InjectionTest" name="testFieldDeclaredInSuperclassInjected"/>
  <testcase time="0.001" classname="org.jboss.jsr299.tck.tests.lookup.injection.InjectionTest" name="testInjectionOfNamedBean"/>
  <testcase time="0" classname="org.jboss.jsr299.tck.tests.lookup.injection.InjectionTest" name="testInjectionPerformsBoxingIfNecessary"/>
  <testcase time="0.001" classname="org.jboss.jsr299.tck.tests.lookup.injection.any.AnyInjectionTest" name="testAnyInjectionIfExactlyOneBeanForType"/>
  <testcase time="0" classname="org.jboss.jsr299.tck.tests.lookup.injection.non.contextual.CreationalContextForNonContextualTest" name="testCreationalContext"/>
  <testcase time="0" classname="org.jboss.jsr299.tck.tests.lookup.injection.nullableBean.NullableBeanTest" name="testPrimitiveInjectionPointResolvesToNullableWebBean"/>
  <testcase time="0.002" classname="org.jboss.jsr299.tck.tests.lookup.injectionpoint.InjectableReferenceTest" name="testGetInjectableReferenceOnBeanManager"/>
  <testcase time="0.005" classname="org.jboss.jsr299.tck.tests.lookup.injectionpoint.InjectableReferenceTest" name="testGetInjectableReferenceReturnsDelegateForDelegateInjectionPoint"/>
  <testcase time="0.001" classname="org.jboss.jsr299.tck.tests.lookup.injectionpoint.InjectionPointTest" name="testApiTypeInjectionPoint"/>
  <testcase time="0" classname="org.jboss.jsr299.tck.tests.lookup.injectionpoint.InjectionPointTest" name="testCurrentBinding"/>
  <testcase time="0" classname="org.jboss.jsr299.tck.tests.lookup.injectionpoint.InjectionPointTest" name="testDependentScope"/>
  <testcase time="0.001" classname="org.jboss.jsr299.tck.tests.lookup.injectionpoint.InjectionPointTest" name="testGetAnnotatedField"/>
  <testcase time="0" classname="org.jboss.jsr299.tck.tests.lookup.injectionpoint.InjectionPointTest" name="testGetAnnotatedParameter"/>
  <testcase time="0" classname="org.jboss.jsr299.tck.tests.lookup.injectionpoint.InjectionPointTest" name="testGetBean"/>
  <testcase time="0" classname="org.jboss.jsr299.tck.tests.lookup.injectionpoint.InjectionPointTest" name="testGetBindingTypes"/>
  <testcase time="0" classname="org.jboss.jsr299.tck.tests.lookup.injectionpoint.InjectionPointTest" name="testGetMemberConstructor"/>
  <testcase time="0" classname="org.jboss.jsr299.tck.tests.lookup.injectionpoint.InjectionPointTest" name="testGetMemberField"/>
  <testcase time="0" classname="org.jboss.jsr299.tck.tests.lookup.injectionpoint.InjectionPointTest" name="testGetMemberMethod"/>
  <testcase time="0" classname="org.jboss.jsr299.tck.tests.lookup.injectionpoint.InjectionPointTest" name="testGetType"/>
  <testcase time="0.002" classname="org.jboss.jsr299.tck.tests.lookup.injectionpoint.InjectionPointTest" name="testIsTransient"/>
  <testcase time="0.003" classname="org.jboss.jsr299.tck.tests.lookup.injectionpoint.InjectionPointTest" name="testPassivationCapability"/>
  <testcase time="0" classname="org.jboss.jsr299.tck.tests.lookup.injectionpoint.broken.normal.scope.NormalScopedBeanWithInjectionPoint" name="testSessionScopedBeanWithInjectionPoint"/>
  <testcase time="0" classname="org.jboss.jsr299.tck.tests.lookup.injectionpoint.broken.reference.ambiguous.AmbiguousInjectableReferenceTest" name="testUnsatisfiedReference"/>
  <testcase time="0" classname="org.jboss.jsr299.tck.tests.lookup.injectionpoint.broken.reference.unresolved.UnsatisfiedInjectableReferenceTest" name="testUnsatisfiedReference"/>
  <testcase time="0.001" classname="org.jboss.jsr299.tck.tests.lookup.manager.ManagerTest" name="testContainerProvidesManagerBean"/>
  <testcase time="0" classname="org.jboss.jsr299.tck.tests.lookup.manager.ManagerTest" name="testGetReferenceReturnsContextualInstance"/>
  <testcase time="0" classname="org.jboss.jsr299.tck.tests.lookup.manager.ManagerTest" name="testInjectingManager"/>
  <testcase time="0" classname="org.jboss.jsr299.tck.tests.lookup.manager.ManagerTest" name="testManagerBeanHasCurrentBinding"/>
  <testcase time="0" classname="org.jboss.jsr299.tck.tests.lookup.manager.ManagerTest" name="testManagerBeanIsDependentScoped"/>
  <testcase time="0.001" classname="org.jboss.jsr299.tck.tests.lookup.manager.ManagerTest" name="testManagerBeanIsPassivationCapable"/>
  <testcase time="0" classname="org.jboss.jsr299.tck.tests.lookup.typesafe.resolution.EnterpriseResolutionByTypeTest" name="testBeanTypesOnSessionBean"/>
  <testcase time="0.001" classname="org.jboss.jsr299.tck.tests.lookup.typesafe.resolution.ResolutionByTypeTest" name="testAllQualifiersSpecifiedForResolutionMustAppearOnBean"/>
  <testcase time="0" classname="org.jboss.jsr299.tck.tests.lookup.typesafe.resolution.ResolutionByTypeTest" name="testBeanTypesOnManagedBean"/>
  <testcase time="0" classname="org.jboss.jsr299.tck.tests.lookup.typesafe.resolution.ResolutionByTypeTest" name="testBeanTypesOnProducerField"/>
  <testcase time="0" classname="org.jboss.jsr299.tck.tests.lookup.typesafe.resolution.ResolutionByTypeTest" name="testBeanTypesOnProducerMethod"/>
  <testcase time="0" classname="org.jboss.jsr299.tck.tests.lookup.typesafe.resolution.ResolutionByTypeTest" name="testDefaultBindingTypeAssumed"/>
  <testcase time="0" classname="org.jboss.jsr299.tck.tests.lookup.typesafe.resolution.ResolutionByTypeTest" name="testGenericBeanTypesOnManagedBean"/>
  <testcase time="0.001" classname="org.jboss.jsr299.tck.tests.lookup.typesafe.resolution.ResolutionByTypeTest" name="testGenericBeanTypesOnProducerField"/>
  <testcase time="0" classname="org.jboss.jsr299.tck.tests.lookup.typesafe.resolution.ResolutionByTypeTest" name="testGenericBeanTypesOnProducerMethod"/>
  <testcase time="0" classname="org.jboss.jsr299.tck.tests.lookup.typesafe.resolution.ResolutionByTypeTest" name="testPolicyNotAvailableInNonDeploymentArchive"/>
  <testcase time="0" classname="org.jboss.jsr299.tck.tests.lookup.typesafe.resolution.ResolutionByTypeTest" name="testResolveByType"/>
  <testcase time="0.001" classname="org.jboss.jsr299.tck.tests.lookup.typesafe.resolution.ResolutionByTypeTest" name="testResolveByTypeWithArray"/>
  <testcase time="0" classname="org.jboss.jsr299.tck.tests.lookup.typesafe.resolution.ResolutionByTypeTest" name="testResolveByTypeWithNonBindingMembers"/>
  <testcase time="0.001" classname="org.jboss.jsr299.tck.tests.lookup.typesafe.resolution.ResolutionByTypeTest" name="testResolveByTypeWithPrimitives"/>
  <testcase time="0.001" classname="org.jboss.jsr299.tck.tests.lookup.typesafe.resolution.ResolutionByTypeTest" name="testResolveByTypeWithTypeParameter"/>
  <testcase time="0" classname="org.jboss.jsr299.tck.tests.lookup.typesafe.resolution.broken.primitive.PrimitiveInjectionPointTest" name="testPrimitiveInjectionPointResolvedToNonPrimitiveProducerMethod"/>
  <testcase time="0" classname="org.jboss.jsr299.tck.tests.lookup.typesafe.resolution.broken.type.variable.TypeVariableInjectionPointTest" name="testTypeVariableInjectionPoint"/>
  <testcase time="0.001" classname="org.jboss.jsr299.tck.tests.lookup.typesafe.resolution.decorator.DecoratorNotInjectedTest" name="testDecoratorNotResolved"/>
  <testcase time="0" classname="org.jboss.jsr299.tck.tests.lookup.typesafe.resolution.interceptor.InterceptorNotResolvedTest" name="testInterceptorNotResolved"/>
  <testcase time="0.001" classname="org.jboss.jsr299.tck.tests.lookup.typesafe.resolution.parameterized.AssignabilityOfRawAndParameterizedTypesTest" name="testAssignabilityOfParameterizedTypeWithActualTypesToParameterizedTypeWithActualTypes"/>
  <testcase time="0" classname="org.jboss.jsr299.tck.tests.lookup.typesafe.resolution.parameterized.AssignabilityOfRawAndParameterizedTypesTest" name="testAssignabilityOfParameterizedTypeWithActualTypesToParameterizedTypeWithWildcards"/>
  <testcase time="0" classname="org.jboss.jsr299.tck.tests.lookup.typesafe.resolution.parameterized.AssignabilityOfRawAndParameterizedTypesTest" name="testAssignabilityOfParameterizedTypeWithActualTypesToParameterizedTypeWithWildcardsAtInjectionPoint"/>
  <testcase time="0" classname="org.jboss.jsr299.tck.tests.lookup.typesafe.resolution.parameterized.AssignabilityOfRawAndParameterizedTypesTest" name="testAssignabilityOfParameterizedTypeWithTypeVariablesToParameterizedTypeTypeVariable"/>
  <testcase time="0" classname="org.jboss.jsr299.tck.tests.lookup.typesafe.resolution.parameterized.AssignabilityOfRawAndParameterizedTypesTest" name="testAssignabilityOfParameterizedTypeWithTypeVariablesToParameterizedTypeWithActualTypes"/>
  <testcase time="0" classname="org.jboss.jsr299.tck.tests.lookup.typesafe.resolution.parameterized.AssignabilityOfRawAndParameterizedTypesTest" name="testAssignabilityOfParameterizedTypeWithTypeVariablesToParameterizedTypeWithWildcards"/>
  <testcase time="0" classname="org.jboss.jsr299.tck.tests.lookup.typesafe.resolution.parameterized.AssignabilityOfRawAndParameterizedTypesTest" name="testAssignabilityOfParameterizedTypeWithTypeVariablesToParameterizedTypeWithWildcards2"/>
  <testcase time="0.001" classname="org.jboss.jsr299.tck.tests.lookup.typesafe.resolution.parameterized.AssignabilityOfRawAndParameterizedTypesTest" name="testAssignabilityToRawType"/>
  <testcase time="0" classname="org.jboss.jsr299.tck.tests.policy.PolicyAvailabilityTest" name="testAnyEnabledPolicyStereotypeMakesPolicyEnabled"/>
  <testcase time="0.001" classname="org.jboss.jsr299.tck.tests.policy.PolicyAvailabilityTest" name="testIsAlternative"/>
  <testcase time="0" classname="org.jboss.jsr299.tck.tests.policy.PolicyAvailabilityTest" name="testPolicyAvailability"/>
  <testcase time="0" classname="org.jboss.jsr299.tck.tests.policy.PolicyAvailabilityTest" name="testProducerPoliciesOnClass"/>
  <testcase time="0.001" classname="org.jboss.jsr299.tck.tests.policy.PolicyAvailabilityTest" name="testProducerPoliciesOnMethodAndField"/>
  <testcase time="0" classname="org.jboss.jsr299.tck.tests.policy.broken.incorrect.name.NoClassWithSpecifiedNameTest" name="test"/>
  <testcase time="0" classname="org.jboss.jsr299.tck.tests.policy.broken.incorrect.name.stereotype.NoAnnotationWithSpecifiedNameTest" name="test"/>
  <testcase time="0" classname="org.jboss.jsr299.tck.tests.policy.broken.not.policy.ClassIsNotPolicyTest" name="test"/>
  <testcase time="0" classname="org.jboss.jsr299.tck.tests.policy.broken.not.policy.stereotype.ClassIsNotPolicyTest" name="test"/>
  <testcase time="0" classname="org.jboss.jsr299.tck.tests.policy.broken.same.type.twice.SameTypeListedTwiceTest" name="test"/>
</testsuite>