<?xml version="1.0" encoding="UTF-8" ?>
<testsuite failures="0" time="0.613" errors="0" skipped="0" tests="50" name="org.jboss.weld.atinject.tck.AtInjectTCK">
  <properties>
    <property name="java.runtime.name" value="Java(TM) SE Runtime Environment"/>
    <property name="sun.boot.library.path" value="/usr/lib/jvm/jdk1.6.0_33/jre/lib/amd64"/>
    <property name="java.vm.version" value="20.8-b03"/>
    <property name="java.vm.vendor" value="Sun Microsystems Inc."/>
    <property name="java.vendor.url" value="http://java.sun.com/"/>
    <property name="path.separator" value=":"/>
    <property name="java.vm.name" value="Java HotSpot(TM) 64-Bit Server VM"/>
    <property name="file.encoding.pkg" value="sun.io"/>
    <property name="user.country" value="US"/>
    <property name="sun.java.launcher" value="SUN_STANDARD"/>
    <property name="sun.os.patch.level" value="unknown"/>
    <property name="java.vm.specification.name" value="Java Virtual Machine Specification"/>
    <property name="user.dir" value="/software/weld/core/inject-tck-runner"/>
    <property name="java.runtime.version" value="1.6.0_33-b04"/>
    <property name="java.awt.graphicsenv" value="sun.awt.X11GraphicsEnvironment"/>
    <property name="basedir" value="/software/weld/core/inject-tck-runner"/>
    <property name="java.endorsed.dirs" value="/usr/lib/jvm/jdk1.6.0_33/jre/lib/endorsed"/>
    <property name="os.arch" value="amd64"/>
    <property name="surefire.real.class.path" value="/tmp/surefirebooter8435111761400579318.jar"/>
    <property name="java.io.tmpdir" value="/tmp"/>
    <property name="line.separator" value="
"/>
    <property name="java.vm.specification.vendor" value="Sun Microsystems Inc."/>
    <property name="os.name" value="Linux"/>
    <property name="sun.jnu.encoding" value="UTF-8"/>
    <property name="java.library.path" value="/usr/lib/jvm/jdk1.6.0_33/jre/lib/amd64/server:/usr/lib/jvm/jdk1.6.0_33/jre/lib/amd64:/usr/lib/jvm/jdk1.6.0_33/jre/../lib/amd64:/usr/java/packages/lib/amd64:/usr/lib64:/lib64:/lib:/usr/lib"/>
    <property name="surefire.test.class.path" value="/software/weld/core/inject-tck-runner/target/test-classes:/software/weld/core/inject-tck-runner/target/classes:/software/weld/core/impl/target/weld-core-1.1.9.Final.jar:/opt/apache-maven/repository/javax/enterprise/cdi-api/1.0-SP4/cdi-api-1.0-SP4.jar:/opt/apache-maven/repository/javax/inject/javax.inject/1/javax.inject-1.jar:/opt/apache-maven/repository/org/jboss/weld/weld-api/1.1.Final/weld-api-1.1.Final.jar:/opt/apache-maven/repository/org/jboss/weld/weld-spi/1.1.Final/weld-spi-1.1.Final.jar:/opt/apache-maven/repository/javax/annotation/jsr250-api/1.0/jsr250-api-1.0.jar:/opt/apache-maven/repository/org/javassist/javassist/3.14.0-GA/javassist-3.14.0-GA.jar:/opt/apache-maven/repository/com/google/guava/guava/11.0.2/guava-11.0.2.jar:/opt/apache-maven/repository/com/google/code/findbugs/jsr305/1.3.9/jsr305-1.3.9.jar:/opt/apache-maven/repository/org/jboss/spec/javax/interceptor/jboss-interceptors-api_1.1_spec/1.0.0.Beta1/jboss-interceptors-api_1.1_spec-1.0.0.Beta1.jar:/opt/apache-maven/repository/org/slf4j/slf4j-ext/1.6.1/slf4j-ext-1.6.1.jar:/opt/apache-maven/repository/ch/qos/cal10n/cal10n-api/0.7.2/cal10n-api-0.7.2.jar:/software/weld/core/tests/target/weld-core-test-1.1.9.Final.jar:/opt/apache-maven/repository/org/jboss/arquillian/container/arquillian-container-spi/1.0.0.CR7/arquillian-container-spi-1.0.0.CR7.jar:/opt/apache-maven/repository/org/jboss/arquillian/core/arquillian-core-spi/1.0.0.CR7/arquillian-core-spi-1.0.0.CR7.jar:/opt/apache-maven/repository/org/jboss/arquillian/config/arquillian-config-api/1.0.0.CR7/arquillian-config-api-1.0.0.CR7.jar:/opt/apache-maven/repository/org/jboss/arquillian/config/arquillian-config-impl-base/1.0.0.CR7/arquillian-config-impl-base-1.0.0.CR7.jar:/opt/apache-maven/repository/org/jboss/shrinkwrap/descriptors/shrinkwrap-descriptors-spi/1.1.0-beta-1/shrinkwrap-descriptors-spi-1.1.0-beta-1.jar:/opt/apache-maven/repository/org/jboss/shrinkwrap/shrinkwrap-api/1.0.0-cr-1/shrinkwrap-api-1.0.0-cr-1.jar:/opt/apache-maven/repository/org/jboss/shrinkwrap/descriptors/shrinkwrap-descriptors-api/1.1.0-beta-1/shrinkwrap-descriptors-api-1.1.0-beta-1.jar:/opt/apache-maven/repository/org/jboss/as/jboss-as-arquillian-common/7.1.1.Final/jboss-as-arquillian-common-7.1.1.Final.jar:/opt/apache-maven/repository/org/jboss/arquillian/container/arquillian-container-osgi/1.0.2.Final/arquillian-container-osgi-1.0.2.Final.jar:/opt/apache-maven/repository/org/jboss/arquillian/testenricher/arquillian-testenricher-ejb/1.0.0.CR7/arquillian-testenricher-ejb-1.0.0.CR7.jar:/opt/apache-maven/repository/org/jboss/arquillian/testenricher/arquillian-testenricher-initialcontext/1.0.0.CR7/arquillian-testenricher-initialcontext-1.0.0.CR7.jar:/opt/apache-maven/repository/org/jboss/arquillian/testenricher/arquillian-testenricher-osgi/1.0.2.Final/arquillian-testenricher-osgi-1.0.2.Final.jar:/opt/apache-maven/repository/org/jboss/arquillian/container/arquillian-container-test-api/1.0.0.CR7/arquillian-container-test-api-1.0.0.CR7.jar:/opt/apache-maven/repository/org/jboss/arquillian/testenricher/arquillian-testenricher-resource/1.0.0.CR7/arquillian-testenricher-resource-1.0.0.CR7.jar:/opt/apache-maven/repository/org/jboss/arquillian/container/arquillian-container-test-impl-base/1.0.0.CR7/arquillian-container-test-impl-base-1.0.0.CR7.jar:/opt/apache-maven/repository/org/jboss/arquillian/test/arquillian-test-api/1.0.0.CR7/arquillian-test-api-1.0.0.CR7.jar:/opt/apache-maven/repository/org/jboss/as/jboss-as-arquillian-testenricher-msc/7.1.1.Final/jboss-as-arquillian-testenricher-msc-7.1.1.Final.jar:/opt/apache-maven/repository/org/jboss/logging/jboss-logging/3.1.0.GA/jboss-logging-3.1.0.GA.jar:/opt/apache-maven/repository/org/jboss/msc/jboss-msc/1.0.2.GA/jboss-msc-1.0.2.GA.jar:/opt/apache-maven/repository/org/jboss/as/jboss-as-controller-client/7.1.1.Final/jboss-as-controller-client-7.1.1.Final.jar:/opt/apache-maven/repository/org/jboss/as/jboss-as-protocol/7.1.1.Final/jboss-as-protocol-7.1.1.Final.jar:/opt/apache-maven/repository/org/jboss/xnio/xnio-nio/3.0.3.GA/xnio-nio-3.0.3.GA.jar:/opt/apache-maven/repository/org/jboss/jboss-dmr/1.1.1.Final/jboss-dmr-1.1.1.Final.jar:/opt/apache-maven/repository/org/jboss/threads/jboss-threads/2.0.0.GA/jboss-threads-2.0.0.GA.jar:/opt/apache-maven/repository/org/jboss/as/jboss-as-jmx/7.1.1.Final/jboss-as-jmx-7.1.1.Final.jar:/opt/apache-maven/repository/org/jboss/jboss-common-core/2.2.17.GA/jboss-common-core-2.2.17.GA.jar:/opt/apache-maven/repository/org/jboss/as/jboss-as-server/7.1.1.Final/jboss-as-server-7.1.1.Final.jar:/opt/apache-maven/repository/org/jboss/as/jboss-as-controller/7.1.1.Final/jboss-as-controller-7.1.1.Final.jar:/opt/apache-maven/repository/org/jboss/staxmapper/1.1.0.Final/staxmapper-1.1.0.Final.jar:/opt/apache-maven/repository/org/jboss/as/jboss-as-domain-http-interface/7.1.1.Final/jboss-as-domain-http-interface-7.1.1.Final.jar:/opt/apache-maven/repository/org/jboss/as/jboss-as-domain-management/7.1.1.Final/jboss-as-domain-management-7.1.1.Final.jar:/opt/apache-maven/repository/org/jboss/com/sun/httpserver/httpserver/1.0.0.Final/httpserver-1.0.0.Final.jar:/opt/apache-maven/repository/org/jboss/as/jboss-as-deployment-repository/7.1.1.Final/jboss-as-deployment-repository-7.1.1.Final.jar:/opt/apache-maven/repository/org/jboss/as/jboss-as-embedded/7.1.1.Final/jboss-as-embedded-7.1.1.Final.jar:/opt/apache-maven/repository/org/jboss/as/jboss-as-platform-mbean/7.1.1.Final/jboss-as-platform-mbean-7.1.1.Final.jar:/opt/apache-maven/repository/org/jboss/as/jboss-as-process-controller/7.1.1.Final/jboss-as-process-controller-7.1.1.Final.jar:/usr/lib/jvm/jdk1.6.0_33/jre/../lib/tools.jar:/opt/apache-maven/repository/org/jboss/as/jboss-as-remoting/7.1.1.Final/jboss-as-remoting-7.1.1.Final.jar:/opt/apache-maven/repository/org/jboss/as/jboss-as-network/7.1.1.Final/jboss-as-network-7.1.1.Final.jar:/opt/apache-maven/repository/org/jboss/as/jboss-as-threads/7.1.1.Final/jboss-as-threads-7.1.1.Final.jar:/opt/apache-maven/repository/org/jboss/jandex/1.0.3.Final/jandex-1.0.3.Final.jar:/opt/apache-maven/repository/org/jboss/invocation/jboss-invocation/1.1.1.Final/jboss-invocation-1.1.1.Final.jar:/opt/apache-maven/repository/org/jboss/logmanager/jboss-logmanager-log4j/1.0.0.GA/jboss-logmanager-log4j-1.0.0.GA.jar:/opt/apache-maven/repository/org/jboss/modules/jboss-modules/1.1.1.GA/jboss-modules-1.1.1.GA.jar:/opt/apache-maven/repository/org/jboss/stdio/jboss-stdio/1.0.1.GA/jboss-stdio-1.0.1.GA.jar:/opt/apache-maven/repository/org/jboss/jboss-vfs/2.1.3.SP1/jboss-vfs-2.1.3.SP1.jar:/opt/apache-maven/repository/org/jboss/marshalling/jboss-marshalling/1.3.11.GA/jboss-marshalling-1.3.11.GA.jar:/opt/apache-maven/repository/org/jboss/marshalling/jboss-marshalling-river/1.3.11.GA/jboss-marshalling-river-1.3.11.GA.jar:/opt/apache-maven/repository/org/jboss/osgi/spi/jbosgi-spi/3.0.1.Final/jbosgi-spi-3.0.1.Final.jar:/opt/apache-maven/repository/org/jboss/osgi/vfs/jbosgi-vfs/1.0.7.Final/jbosgi-vfs-1.0.7.Final.jar:/opt/apache-maven/repository/org/jboss/shrinkwrap/shrinkwrap-impl-base/1.0.0-cr-1/shrinkwrap-impl-base-1.0.0-cr-1.jar:/opt/apache-maven/repository/org/jboss/shrinkwrap/shrinkwrap-spi/1.0.0-cr-1/shrinkwrap-spi-1.0.0-cr-1.jar:/opt/apache-maven/repository/org/jboss/shrinkwrap/resolver/shrinkwrap-resolver-impl-maven/1.0.0-beta-5/shrinkwrap-resolver-impl-maven-1.0.0-beta-5.jar:/opt/apache-maven/repository/org/jboss/shrinkwrap/resolver/shrinkwrap-resolver-api/1.0.0-beta-5/shrinkwrap-resolver-api-1.0.0-beta-5.jar:/opt/apache-maven/repository/org/jboss/shrinkwrap/resolver/shrinkwrap-resolver-api-maven/1.0.0-beta-5/shrinkwrap-resolver-api-maven-1.0.0-beta-5.jar:/opt/apache-maven/repository/org/sonatype/aether/aether-api/1.8/aether-api-1.8.jar:/opt/apache-maven/repository/org/sonatype/aether/aether-util/1.8/aether-util-1.8.jar:/opt/apache-maven/repository/org/sonatype/aether/aether-connector-wagon/1.8/aether-connector-wagon-1.8.jar:/opt/apache-maven/repository/org/sonatype/aether/aether-spi/1.8/aether-spi-1.8.jar:/opt/apache-maven/repository/org/codehaus/plexus/plexus-container-default/1.5.5/plexus-container-default-1.5.5.jar:/opt/apache-maven/repository/org/codehaus/plexus/plexus-classworlds/2.2.2/plexus-classworlds-2.2.2.jar:/opt/apache-maven/repository/org/apache/xbean/xbean-reflect/3.4/xbean-reflect-3.4.jar:/opt/apache-maven/repository/log4j/log4j/1.2.12/log4j-1.2.12.jar:/opt/apache-maven/repository/com/google/collections/google-collections/1.0/google-collections-1.0.jar:/opt/apache-maven/repository/org/apache/maven/maven-aether-provider/3.0.1/maven-aether-provider-3.0.1.jar:/opt/apache-maven/repository/org/apache/maven/maven-model/3.0.1/maven-model-3.0.1.jar:/opt/apache-maven/repository/org/apache/maven/maven-model-builder/3.0.1/maven-model-builder-3.0.1.jar:/opt/apache-maven/repository/org/apache/maven/maven-repository-metadata/3.0.1/maven-repository-metadata-3.0.1.jar:/opt/apache-maven/repository/org/sonatype/aether/aether-impl/1.8/aether-impl-1.8.jar:/opt/apache-maven/repository/org/codehaus/plexus/plexus-component-annotations/1.5.5/plexus-component-annotations-1.5.5.jar:/opt/apache-maven/repository/org/codehaus/plexus/plexus-utils/2.0.4/plexus-utils-2.0.4.jar:/opt/apache-maven/repository/org/apache/maven/maven-settings-builder/3.0.1/maven-settings-builder-3.0.1.jar:/opt/apache-maven/repository/org/codehaus/plexus/plexus-interpolation/1.14/plexus-interpolation-1.14.jar:/opt/apache-maven/repository/org/apache/maven/maven-settings/3.0.1/maven-settings-3.0.1.jar:/opt/apache-maven/repository/org/sonatype/plexus/plexus-sec-dispatcher/1.3/plexus-sec-dispatcher-1.3.jar:/opt/apache-maven/repository/org/sonatype/plexus/plexus-cipher/1.4/plexus-cipher-1.4.jar:/opt/apache-maven/repository/org/apache/maven/wagon/wagon-provider-api/1.0-beta-7/wagon-provider-api-1.0-beta-7.jar:/opt/apache-maven/repository/org/apache/maven/wagon/wagon-file/1.0-beta-7/wagon-file-1.0-beta-7.jar:/opt/apache-maven/repository/org/apache/maven/wagon/wagon-http-lightweight/1.0-beta-7/wagon-http-lightweight-1.0-beta-7.jar:/opt/apache-maven/repository/org/apache/maven/wagon/wagon-http-shared/1.0-beta-7/wagon-http-shared-1.0-beta-7.jar:/opt/apache-maven/repository/org/jboss/remotingjmx/remoting-jmx/1.0.2.Final/remoting-jmx-1.0.2.Final.jar:/opt/apache-maven/repository/org/jboss/logmanager/jboss-logmanager/1.2.2.GA/jboss-logmanager-1.2.2.GA.jar:/opt/apache-maven/repository/org/jboss/remoting3/jboss-remoting/3.2.2.GA/jboss-remoting-3.2.2.GA.jar:/opt/apache-maven/repository/org/jboss/xnio/xnio-api/3.0.3.GA/xnio-api-3.0.3.GA.jar:/opt/apache-maven/repository/org/jboss/sasl/jboss-sasl/1.0.0.Final/jboss-sasl-1.0.0.Final.jar:/opt/apache-maven/repository/org/osgi/org.osgi.core/4.2.0/org.osgi.core-4.2.0.jar:/opt/apache-maven/repository/org/jboss/arquillian/core/arquillian-core-api/1.0.0.CR7/arquillian-core-api-1.0.0.CR7.jar:/opt/apache-maven/repository/org/jboss/as/jboss-as-build-config/7.1.1.Final/jboss-as-build-config-7.1.1.Final.jar:/opt/apache-maven/repository/javax/el/el-api/2.2/el-api-2.2.jar:/opt/apache-maven/repository/org/glassfish/web/el-impl/2.1.2-b04/el-impl-2.1.2-b04.jar:/opt/apache-maven/repository/org/jboss/spec/javax/servlet/jboss-servlet-api_3.0_spec/1.0.0.Beta2/jboss-servlet-api_3.0_spec-1.0.0.Beta2.jar:/opt/apache-maven/repository/org/jboss/spec/javax/ejb/jboss-ejb-api_3.1_spec/1.0.0.CR2/jboss-ejb-api_3.1_spec-1.0.0.CR2.jar:/opt/apache-maven/repository/org/jboss/spec/javax/transaction/jboss-transaction-api_1.1_spec/1.0.0.Beta1/jboss-transaction-api_1.1_spec-1.0.0.Beta1.jar:/opt/apache-maven/repository/javax/xml/jaxrpc-api/1.1/jaxrpc-api-1.1.jar:/opt/apache-maven/repository/javax/jms/jms/1.1/jms-1.1.jar:/opt/apache-maven/repository/javax/transaction/jta/1.1/jta-1.1.jar:/opt/apache-maven/repository/javax/persistence/persistence-api/1.0/persistence-api-1.0.jar:/opt/apache-maven/repository/javax/validation/validation-api/1.0.0.GA/validation-api-1.0.0.GA.jar:/opt/apache-maven/repository/javax/faces/jsf-api/2.0/jsf-api-2.0.jar:/opt/apache-maven/repository/net/sourceforge/htmlunit/htmlunit/2.4/htmlunit-2.4.jar:/opt/apache-maven/repository/xalan/xalan/2.7.1/xalan-2.7.1.jar:/opt/apache-maven/repository/xalan/serializer/2.7.1/serializer-2.7.1.jar:/opt/apache-maven/repository/xml-apis/xml-apis/1.3.04/xml-apis-1.3.04.jar:/opt/apache-maven/repository/commons-collections/commons-collections/3.2.1/commons-collections-3.2.1.jar:/opt/apache-maven/repository/commons-lang/commons-lang/2.4/commons-lang-2.4.jar:/opt/apache-maven/repository/commons-httpclient/commons-httpclient/3.1/commons-httpclient-3.1.jar:/opt/apache-maven/repository/commons-codec/commons-codec/1.3/commons-codec-1.3.jar:/opt/apache-maven/repository/net/sourceforge/htmlunit/htmlunit-core-js/2.4/htmlunit-core-js-2.4.jar:/opt/apache-maven/repository/net/sourceforge/nekohtml/nekohtml/1.9.11/nekohtml-1.9.11.jar:/opt/apache-maven/repository/xerces/xercesImpl/2.8.1/xercesImpl-2.8.1.jar:/opt/apache-maven/repository/net/sourceforge/cssparser/cssparser/0.9.5/cssparser-0.9.5.jar:/opt/apache-maven/repository/org/w3c/css/sac/1.3/sac-1.3.jar:/opt/apache-maven/repository/commons-io/commons-io/1.4/commons-io-1.4.jar:/opt/apache-maven/repository/commons-logging/commons-logging/1.1.1/commons-logging-1.1.1.jar:/opt/apache-maven/repository/org/jboss/arquillian/container/arquillian-weld-ee-embedded-1.1/1.0.0.CR3/arquillian-weld-ee-embedded-1.1-1.0.0.CR3.jar:/opt/apache-maven/repository/org/jboss/arquillian/container/arquillian-container-test-spi/1.0.0.CR7/arquillian-container-test-spi-1.0.0.CR7.jar:/opt/apache-maven/repository/org/jboss/arquillian/test/arquillian-test-spi/1.0.0.CR7/arquillian-test-spi-1.0.0.CR7.jar:/opt/apache-maven/repository/org/jboss/arquillian/testenricher/arquillian-testenricher-cdi/1.0.0.CR6/arquillian-testenricher-cdi-1.0.0.CR6.jar:/opt/apache-maven/repository/org/atinject/inject-tck/1.0.0-PFD-3/inject-tck-1.0.0-PFD-3.jar:/opt/apache-maven/repository/junit/junit/4.8.1/junit-4.8.1.jar:/opt/apache-maven/repository/org/slf4j/slf4j-api/1.6.1/slf4j-api-1.6.1.jar:/opt/apache-maven/repository/org/slf4j/slf4j-simple/1.6.1/slf4j-simple-1.6.1.jar:"/>
    <property name="java.specification.name" value="Java Platform API Specification"/>
    <property name="java.class.version" value="50.0"/>
    <property name="sun.management.compiler" value="HotSpot 64-Bit Tiered Compilers"/>
    <property name="os.version" value="3.0.0-17-generic"/>
    <property name="user.home" value="/home/jsnyder"/>
    <property name="user.timezone" value=""/>
    <property name="java.awt.printerjob" value="sun.print.PSPrinterJob"/>
    <property name="file.encoding" value="UTF-8"/>
    <property name="java.specification.version" value="1.6"/>
    <property name="user.name" value="jsnyder"/>
    <property name="java.class.path" value="/software/weld/core/inject-tck-runner/target/test-classes:/software/weld/core/inject-tck-runner/target/classes:/software/weld/core/impl/target/weld-core-1.1.9.Final.jar:/opt/apache-maven/repository/javax/enterprise/cdi-api/1.0-SP4/cdi-api-1.0-SP4.jar:/opt/apache-maven/repository/javax/inject/javax.inject/1/javax.inject-1.jar:/opt/apache-maven/repository/org/jboss/weld/weld-api/1.1.Final/weld-api-1.1.Final.jar:/opt/apache-maven/repository/org/jboss/weld/weld-spi/1.1.Final/weld-spi-1.1.Final.jar:/opt/apache-maven/repository/javax/annotation/jsr250-api/1.0/jsr250-api-1.0.jar:/opt/apache-maven/repository/org/javassist/javassist/3.14.0-GA/javassist-3.14.0-GA.jar:/opt/apache-maven/repository/com/google/guava/guava/11.0.2/guava-11.0.2.jar:/opt/apache-maven/repository/com/google/code/findbugs/jsr305/1.3.9/jsr305-1.3.9.jar:/opt/apache-maven/repository/org/jboss/spec/javax/interceptor/jboss-interceptors-api_1.1_spec/1.0.0.Beta1/jboss-interceptors-api_1.1_spec-1.0.0.Beta1.jar:/opt/apache-maven/repository/org/slf4j/slf4j-ext/1.6.1/slf4j-ext-1.6.1.jar:/opt/apache-maven/repository/ch/qos/cal10n/cal10n-api/0.7.2/cal10n-api-0.7.2.jar:/software/weld/core/tests/target/weld-core-test-1.1.9.Final.jar:/opt/apache-maven/repository/org/jboss/arquillian/container/arquillian-container-spi/1.0.0.CR7/arquillian-container-spi-1.0.0.CR7.jar:/opt/apache-maven/repository/org/jboss/arquillian/core/arquillian-core-spi/1.0.0.CR7/arquillian-core-spi-1.0.0.CR7.jar:/opt/apache-maven/repository/org/jboss/arquillian/config/arquillian-config-api/1.0.0.CR7/arquillian-config-api-1.0.0.CR7.jar:/opt/apache-maven/repository/org/jboss/arquillian/config/arquillian-config-impl-base/1.0.0.CR7/arquillian-config-impl-base-1.0.0.CR7.jar:/opt/apache-maven/repository/org/jboss/shrinkwrap/descriptors/shrinkwrap-descriptors-spi/1.1.0-beta-1/shrinkwrap-descriptors-spi-1.1.0-beta-1.jar:/opt/apache-maven/repository/org/jboss/shrinkwrap/shrinkwrap-api/1.0.0-cr-1/shrinkwrap-api-1.0.0-cr-1.jar:/opt/apache-maven/repository/org/jboss/shrinkwrap/descriptors/shrinkwrap-descriptors-api/1.1.0-beta-1/shrinkwrap-descriptors-api-1.1.0-beta-1.jar:/opt/apache-maven/repository/org/jboss/as/jboss-as-arquillian-common/7.1.1.Final/jboss-as-arquillian-common-7.1.1.Final.jar:/opt/apache-maven/repository/org/jboss/arquillian/container/arquillian-container-osgi/1.0.2.Final/arquillian-container-osgi-1.0.2.Final.jar:/opt/apache-maven/repository/org/jboss/arquillian/testenricher/arquillian-testenricher-ejb/1.0.0.CR7/arquillian-testenricher-ejb-1.0.0.CR7.jar:/opt/apache-maven/repository/org/jboss/arquillian/testenricher/arquillian-testenricher-initialcontext/1.0.0.CR7/arquillian-testenricher-initialcontext-1.0.0.CR7.jar:/opt/apache-maven/repository/org/jboss/arquillian/testenricher/arquillian-testenricher-osgi/1.0.2.Final/arquillian-testenricher-osgi-1.0.2.Final.jar:/opt/apache-maven/repository/org/jboss/arquillian/container/arquillian-container-test-api/1.0.0.CR7/arquillian-container-test-api-1.0.0.CR7.jar:/opt/apache-maven/repository/org/jboss/arquillian/testenricher/arquillian-testenricher-resource/1.0.0.CR7/arquillian-testenricher-resource-1.0.0.CR7.jar:/opt/apache-maven/repository/org/jboss/arquillian/container/arquillian-container-test-impl-base/1.0.0.CR7/arquillian-container-test-impl-base-1.0.0.CR7.jar:/opt/apache-maven/repository/org/jboss/arquillian/test/arquillian-test-api/1.0.0.CR7/arquillian-test-api-1.0.0.CR7.jar:/opt/apache-maven/repository/org/jboss/as/jboss-as-arquillian-testenricher-msc/7.1.1.Final/jboss-as-arquillian-testenricher-msc-7.1.1.Final.jar:/opt/apache-maven/repository/org/jboss/logging/jboss-logging/3.1.0.GA/jboss-logging-3.1.0.GA.jar:/opt/apache-maven/repository/org/jboss/msc/jboss-msc/1.0.2.GA/jboss-msc-1.0.2.GA.jar:/opt/apache-maven/repository/org/jboss/as/jboss-as-controller-client/7.1.1.Final/jboss-as-controller-client-7.1.1.Final.jar:/opt/apache-maven/repository/org/jboss/as/jboss-as-protocol/7.1.1.Final/jboss-as-protocol-7.1.1.Final.jar:/opt/apache-maven/repository/org/jboss/xnio/xnio-nio/3.0.3.GA/xnio-nio-3.0.3.GA.jar:/opt/apache-maven/repository/org/jboss/jboss-dmr/1.1.1.Final/jboss-dmr-1.1.1.Final.jar:/opt/apache-maven/repository/org/jboss/threads/jboss-threads/2.0.0.GA/jboss-threads-2.0.0.GA.jar:/opt/apache-maven/repository/org/jboss/as/jboss-as-jmx/7.1.1.Final/jboss-as-jmx-7.1.1.Final.jar:/opt/apache-maven/repository/org/jboss/jboss-common-core/2.2.17.GA/jboss-common-core-2.2.17.GA.jar:/opt/apache-maven/repository/org/jboss/as/jboss-as-server/7.1.1.Final/jboss-as-server-7.1.1.Final.jar:/opt/apache-maven/repository/org/jboss/as/jboss-as-controller/7.1.1.Final/jboss-as-controller-7.1.1.Final.jar:/opt/apache-maven/repository/org/jboss/staxmapper/1.1.0.Final/staxmapper-1.1.0.Final.jar:/opt/apache-maven/repository/org/jboss/as/jboss-as-domain-http-interface/7.1.1.Final/jboss-as-domain-http-interface-7.1.1.Final.jar:/opt/apache-maven/repository/org/jboss/as/jboss-as-domain-management/7.1.1.Final/jboss-as-domain-management-7.1.1.Final.jar:/opt/apache-maven/repository/org/jboss/com/sun/httpserver/httpserver/1.0.0.Final/httpserver-1.0.0.Final.jar:/opt/apache-maven/repository/org/jboss/as/jboss-as-deployment-repository/7.1.1.Final/jboss-as-deployment-repository-7.1.1.Final.jar:/opt/apache-maven/repository/org/jboss/as/jboss-as-embedded/7.1.1.Final/jboss-as-embedded-7.1.1.Final.jar:/opt/apache-maven/repository/org/jboss/as/jboss-as-platform-mbean/7.1.1.Final/jboss-as-platform-mbean-7.1.1.Final.jar:/opt/apache-maven/repository/org/jboss/as/jboss-as-process-controller/7.1.1.Final/jboss-as-process-controller-7.1.1.Final.jar:/usr/lib/jvm/jdk1.6.0_33/jre/../lib/tools.jar:/opt/apache-maven/repository/org/jboss/as/jboss-as-remoting/7.1.1.Final/jboss-as-remoting-7.1.1.Final.jar:/opt/apache-maven/repository/org/jboss/as/jboss-as-network/7.1.1.Final/jboss-as-network-7.1.1.Final.jar:/opt/apache-maven/repository/org/jboss/as/jboss-as-threads/7.1.1.Final/jboss-as-threads-7.1.1.Final.jar:/opt/apache-maven/repository/org/jboss/jandex/1.0.3.Final/jandex-1.0.3.Final.jar:/opt/apache-maven/repository/org/jboss/invocation/jboss-invocation/1.1.1.Final/jboss-invocation-1.1.1.Final.jar:/opt/apache-maven/repository/org/jboss/logmanager/jboss-logmanager-log4j/1.0.0.GA/jboss-logmanager-log4j-1.0.0.GA.jar:/opt/apache-maven/repository/org/jboss/modules/jboss-modules/1.1.1.GA/jboss-modules-1.1.1.GA.jar:/opt/apache-maven/repository/org/jboss/stdio/jboss-stdio/1.0.1.GA/jboss-stdio-1.0.1.GA.jar:/opt/apache-maven/repository/org/jboss/jboss-vfs/2.1.3.SP1/jboss-vfs-2.1.3.SP1.jar:/opt/apache-maven/repository/org/jboss/marshalling/jboss-marshalling/1.3.11.GA/jboss-marshalling-1.3.11.GA.jar:/opt/apache-maven/repository/org/jboss/marshalling/jboss-marshalling-river/1.3.11.GA/jboss-marshalling-river-1.3.11.GA.jar:/opt/apache-maven/repository/org/jboss/osgi/spi/jbosgi-spi/3.0.1.Final/jbosgi-spi-3.0.1.Final.jar:/opt/apache-maven/repository/org/jboss/osgi/vfs/jbosgi-vfs/1.0.7.Final/jbosgi-vfs-1.0.7.Final.jar:/opt/apache-maven/repository/org/jboss/shrinkwrap/shrinkwrap-impl-base/1.0.0-cr-1/shrinkwrap-impl-base-1.0.0-cr-1.jar:/opt/apache-maven/repository/org/jboss/shrinkwrap/shrinkwrap-spi/1.0.0-cr-1/shrinkwrap-spi-1.0.0-cr-1.jar:/opt/apache-maven/repository/org/jboss/shrinkwrap/resolver/shrinkwrap-resolver-impl-maven/1.0.0-beta-5/shrinkwrap-resolver-impl-maven-1.0.0-beta-5.jar:/opt/apache-maven/repository/org/jboss/shrinkwrap/resolver/shrinkwrap-resolver-api/1.0.0-beta-5/shrinkwrap-resolver-api-1.0.0-beta-5.jar:/opt/apache-maven/repository/org/jboss/shrinkwrap/resolver/shrinkwrap-resolver-api-maven/1.0.0-beta-5/shrinkwrap-resolver-api-maven-1.0.0-beta-5.jar:/opt/apache-maven/repository/org/sonatype/aether/aether-api/1.8/aether-api-1.8.jar:/opt/apache-maven/repository/org/sonatype/aether/aether-util/1.8/aether-util-1.8.jar:/opt/apache-maven/repository/org/sonatype/aether/aether-connector-wagon/1.8/aether-connector-wagon-1.8.jar:/opt/apache-maven/repository/org/sonatype/aether/aether-spi/1.8/aether-spi-1.8.jar:/opt/apache-maven/repository/org/codehaus/plexus/plexus-container-default/1.5.5/plexus-container-default-1.5.5.jar:/opt/apache-maven/repository/org/codehaus/plexus/plexus-classworlds/2.2.2/plexus-classworlds-2.2.2.jar:/opt/apache-maven/repository/org/apache/xbean/xbean-reflect/3.4/xbean-reflect-3.4.jar:/opt/apache-maven/repository/log4j/log4j/1.2.12/log4j-1.2.12.jar:/opt/apache-maven/repository/com/google/collections/google-collections/1.0/google-collections-1.0.jar:/opt/apache-maven/repository/org/apache/maven/maven-aether-provider/3.0.1/maven-aether-provider-3.0.1.jar:/opt/apache-maven/repository/org/apache/maven/maven-model/3.0.1/maven-model-3.0.1.jar:/opt/apache-maven/repository/org/apache/maven/maven-model-builder/3.0.1/maven-model-builder-3.0.1.jar:/opt/apache-maven/repository/org/apache/maven/maven-repository-metadata/3.0.1/maven-repository-metadata-3.0.1.jar:/opt/apache-maven/repository/org/sonatype/aether/aether-impl/1.8/aether-impl-1.8.jar:/opt/apache-maven/repository/org/codehaus/plexus/plexus-component-annotations/1.5.5/plexus-component-annotations-1.5.5.jar:/opt/apache-maven/repository/org/codehaus/plexus/plexus-utils/2.0.4/plexus-utils-2.0.4.jar:/opt/apache-maven/repository/org/apache/maven/maven-settings-builder/3.0.1/maven-settings-builder-3.0.1.jar:/opt/apache-maven/repository/org/codehaus/plexus/plexus-interpolation/1.14/plexus-interpolation-1.14.jar:/opt/apache-maven/repository/org/apache/maven/maven-settings/3.0.1/maven-settings-3.0.1.jar:/opt/apache-maven/repository/org/sonatype/plexus/plexus-sec-dispatcher/1.3/plexus-sec-dispatcher-1.3.jar:/opt/apache-maven/repository/org/sonatype/plexus/plexus-cipher/1.4/plexus-cipher-1.4.jar:/opt/apache-maven/repository/org/apache/maven/wagon/wagon-provider-api/1.0-beta-7/wagon-provider-api-1.0-beta-7.jar:/opt/apache-maven/repository/org/apache/maven/wagon/wagon-file/1.0-beta-7/wagon-file-1.0-beta-7.jar:/opt/apache-maven/repository/org/apache/maven/wagon/wagon-http-lightweight/1.0-beta-7/wagon-http-lightweight-1.0-beta-7.jar:/opt/apache-maven/repository/org/apache/maven/wagon/wagon-http-shared/1.0-beta-7/wagon-http-shared-1.0-beta-7.jar:/opt/apache-maven/repository/org/jboss/remotingjmx/remoting-jmx/1.0.2.Final/remoting-jmx-1.0.2.Final.jar:/opt/apache-maven/repository/org/jboss/logmanager/jboss-logmanager/1.2.2.GA/jboss-logmanager-1.2.2.GA.jar:/opt/apache-maven/repository/org/jboss/remoting3/jboss-remoting/3.2.2.GA/jboss-remoting-3.2.2.GA.jar:/opt/apache-maven/repository/org/jboss/xnio/xnio-api/3.0.3.GA/xnio-api-3.0.3.GA.jar:/opt/apache-maven/repository/org/jboss/sasl/jboss-sasl/1.0.0.Final/jboss-sasl-1.0.0.Final.jar:/opt/apache-maven/repository/org/osgi/org.osgi.core/4.2.0/org.osgi.core-4.2.0.jar:/opt/apache-maven/repository/org/jboss/arquillian/core/arquillian-core-api/1.0.0.CR7/arquillian-core-api-1.0.0.CR7.jar:/opt/apache-maven/repository/org/jboss/as/jboss-as-build-config/7.1.1.Final/jboss-as-build-config-7.1.1.Final.jar:/opt/apache-maven/repository/javax/el/el-api/2.2/el-api-2.2.jar:/opt/apache-maven/repository/org/glassfish/web/el-impl/2.1.2-b04/el-impl-2.1.2-b04.jar:/opt/apache-maven/repository/org/jboss/spec/javax/servlet/jboss-servlet-api_3.0_spec/1.0.0.Beta2/jboss-servlet-api_3.0_spec-1.0.0.Beta2.jar:/opt/apache-maven/repository/org/jboss/spec/javax/ejb/jboss-ejb-api_3.1_spec/1.0.0.CR2/jboss-ejb-api_3.1_spec-1.0.0.CR2.jar:/opt/apache-maven/repository/org/jboss/spec/javax/transaction/jboss-transaction-api_1.1_spec/1.0.0.Beta1/jboss-transaction-api_1.1_spec-1.0.0.Beta1.jar:/opt/apache-maven/repository/javax/xml/jaxrpc-api/1.1/jaxrpc-api-1.1.jar:/opt/apache-maven/repository/javax/jms/jms/1.1/jms-1.1.jar:/opt/apache-maven/repository/javax/transaction/jta/1.1/jta-1.1.jar:/opt/apache-maven/repository/javax/persistence/persistence-api/1.0/persistence-api-1.0.jar:/opt/apache-maven/repository/javax/validation/validation-api/1.0.0.GA/validation-api-1.0.0.GA.jar:/opt/apache-maven/repository/javax/faces/jsf-api/2.0/jsf-api-2.0.jar:/opt/apache-maven/repository/net/sourceforge/htmlunit/htmlunit/2.4/htmlunit-2.4.jar:/opt/apache-maven/repository/xalan/xalan/2.7.1/xalan-2.7.1.jar:/opt/apache-maven/repository/xalan/serializer/2.7.1/serializer-2.7.1.jar:/opt/apache-maven/repository/xml-apis/xml-apis/1.3.04/xml-apis-1.3.04.jar:/opt/apache-maven/repository/commons-collections/commons-collections/3.2.1/commons-collections-3.2.1.jar:/opt/apache-maven/repository/commons-lang/commons-lang/2.4/commons-lang-2.4.jar:/opt/apache-maven/repository/commons-httpclient/commons-httpclient/3.1/commons-httpclient-3.1.jar:/opt/apache-maven/repository/commons-codec/commons-codec/1.3/commons-codec-1.3.jar:/opt/apache-maven/repository/net/sourceforge/htmlunit/htmlunit-core-js/2.4/htmlunit-core-js-2.4.jar:/opt/apache-maven/repository/net/sourceforge/nekohtml/nekohtml/1.9.11/nekohtml-1.9.11.jar:/opt/apache-maven/repository/xerces/xercesImpl/2.8.1/xercesImpl-2.8.1.jar:/opt/apache-maven/repository/net/sourceforge/cssparser/cssparser/0.9.5/cssparser-0.9.5.jar:/opt/apache-maven/repository/org/w3c/css/sac/1.3/sac-1.3.jar:/opt/apache-maven/repository/commons-io/commons-io/1.4/commons-io-1.4.jar:/opt/apache-maven/repository/commons-logging/commons-logging/1.1.1/commons-logging-1.1.1.jar:/opt/apache-maven/repository/org/jboss/arquillian/container/arquillian-weld-ee-embedded-1.1/1.0.0.CR3/arquillian-weld-ee-embedded-1.1-1.0.0.CR3.jar:/opt/apache-maven/repository/org/jboss/arquillian/container/arquillian-container-test-spi/1.0.0.CR7/arquillian-container-test-spi-1.0.0.CR7.jar:/opt/apache-maven/repository/org/jboss/arquillian/test/arquillian-test-spi/1.0.0.CR7/arquillian-test-spi-1.0.0.CR7.jar:/opt/apache-maven/repository/org/jboss/arquillian/testenricher/arquillian-testenricher-cdi/1.0.0.CR6/arquillian-testenricher-cdi-1.0.0.CR6.jar:/opt/apache-maven/repository/org/atinject/inject-tck/1.0.0-PFD-3/inject-tck-1.0.0-PFD-3.jar:/opt/apache-maven/repository/junit/junit/4.8.1/junit-4.8.1.jar:/opt/apache-maven/repository/org/slf4j/slf4j-api/1.6.1/slf4j-api-1.6.1.jar:/opt/apache-maven/repository/org/slf4j/slf4j-simple/1.6.1/slf4j-simple-1.6.1.jar:"/>
    <property name="java.vm.specification.version" value="1.0"/>
    <property name="sun.arch.data.model" value="64"/>
    <property name="java.home" value="/usr/lib/jvm/jdk1.6.0_33/jre"/>
    <property name="sun.java.command" value="/tmp/surefirebooter8435111761400579318.jar /tmp/surefire2414736599922103205tmp /tmp/surefire4261376788106629486tmp"/>
    <property name="java.specification.vendor" value="Sun Microsystems Inc."/>
    <property name="user.language" value="en"/>
    <property name="java.vm.info" value="mixed mode"/>
    <property name="java.version" value="1.6.0_33"/>
    <property name="java.ext.dirs" value="/usr/lib/jvm/jdk1.6.0_33/jre/lib/ext:/usr/java/packages/lib/ext"/>
    <property name="sun.boot.class.path" value="/usr/lib/jvm/jdk1.6.0_33/jre/lib/resources.jar:/usr/lib/jvm/jdk1.6.0_33/jre/lib/rt.jar:/usr/lib/jvm/jdk1.6.0_33/jre/lib/sunrsasign.jar:/usr/lib/jvm/jdk1.6.0_33/jre/lib/jsse.jar:/usr/lib/jvm/jdk1.6.0_33/jre/lib/jce.jar:/usr/lib/jvm/jdk1.6.0_33/jre/lib/charsets.jar:/usr/lib/jvm/jdk1.6.0_33/jre/lib/modules/jdk.boot.jar:/usr/lib/jvm/jdk1.6.0_33/jre/classes"/>
    <property name="java.vendor" value="Sun Microsystems Inc."/>
    <property name="localRepository" value="/opt/apache-maven/repository"/>
    <property name="file.separator" value="/"/>
    <property name="java.vendor.url.bug" value="http://java.sun.com/cgi-bin/bugreport.cgi"/>
    <property name="sun.cpu.endian" value="little"/>
    <property name="sun.io.unicode.encoding" value="UnicodeLittle"/>
    <property name="sun.desktop" value="gnome"/>
    <property name="sun.cpu.isalist" value=""/>
  </properties>
  <testcase time="0.001" classname="org.atinject.tck.auto.Convertible$Tests" name="testFieldsInjected"/>
  <testcase time="0" classname="org.atinject.tck.auto.Convertible$Tests" name="testProviderReturnedValues"/>
  <testcase time="0.001" classname="org.atinject.tck.auto.Convertible$Tests" name="testMethodWithZeroParametersInjected"/>
  <testcase time="0" classname="org.atinject.tck.auto.Convertible$Tests" name="testMethodWithMultipleParametersInjected"/>
  <testcase time="0" classname="org.atinject.tck.auto.Convertible$Tests" name="testNonVoidMethodInjected"/>
  <testcase time="0.001" classname="org.atinject.tck.auto.Convertible$Tests" name="testPublicNoArgsConstructorInjected"/>
  <testcase time="0" classname="org.atinject.tck.auto.Convertible$Tests" name="testSubtypeFieldsInjected"/>
  <testcase time="0" classname="org.atinject.tck.auto.Convertible$Tests" name="testSubtypeMethodsInjected"/>
  <testcase time="0.001" classname="org.atinject.tck.auto.Convertible$Tests" name="testSupertypeFieldsInjected"/>
  <testcase time="0" classname="org.atinject.tck.auto.Convertible$Tests" name="testSupertypeMethodsInjected"/>
  <testcase time="0" classname="org.atinject.tck.auto.Convertible$Tests" name="testTwiceOverriddenMethodInjectedWhenMiddleLacksAnnotation"/>
  <testcase time="0" classname="org.atinject.tck.auto.Convertible$Tests" name="testQualifiersNotInheritedFromOverriddenMethod"/>
  <testcase time="0" classname="org.atinject.tck.auto.Convertible$Tests" name="testConstructorInjectionWithValues"/>
  <testcase time="0" classname="org.atinject.tck.auto.Convertible$Tests" name="testFieldInjectionWithValues"/>
  <testcase time="0" classname="org.atinject.tck.auto.Convertible$Tests" name="testMethodInjectionWithValues"/>
  <testcase time="0.002" classname="org.atinject.tck.auto.Convertible$Tests" name="testConstructorInjectionWithProviders"/>
  <testcase time="0.002" classname="org.atinject.tck.auto.Convertible$Tests" name="testFieldInjectionWithProviders"/>
  <testcase time="0.001" classname="org.atinject.tck.auto.Convertible$Tests" name="testMethodInjectionWithProviders"/>
  <testcase time="0" classname="org.atinject.tck.auto.Convertible$Tests" name="testConstructorInjectedProviderYieldsSingleton"/>
  <testcase time="0.001" classname="org.atinject.tck.auto.Convertible$Tests" name="testFieldInjectedProviderYieldsSingleton"/>
  <testcase time="0" classname="org.atinject.tck.auto.Convertible$Tests" name="testMethodInjectedProviderYieldsSingleton"/>
  <testcase time="0.001" classname="org.atinject.tck.auto.Convertible$Tests" name="testCircularlyDependentSingletons"/>
  <testcase time="0" classname="org.atinject.tck.auto.Convertible$Tests" name="testSingletonAnnotationNotInheritedFromSupertype"/>
  <testcase time="0.01" classname="org.atinject.tck.auto.Convertible$Tests" name="testConstructorInjectedProviderYieldsDistinctValues"/>
  <testcase time="0.005" classname="org.atinject.tck.auto.Convertible$Tests" name="testFieldInjectedProviderYieldsDistinctValues"/>
  <testcase time="0.004" classname="org.atinject.tck.auto.Convertible$Tests" name="testMethodInjectedProviderYieldsDistinctValues"/>
  <testcase time="0" classname="org.atinject.tck.auto.Convertible$Tests" name="testPackagePrivateMethodInjectedDifferentPackages"/>
  <testcase time="0" classname="org.atinject.tck.auto.Convertible$Tests" name="testOverriddenProtectedMethodInjection"/>
  <testcase time="0.001" classname="org.atinject.tck.auto.Convertible$Tests" name="testOverriddenPublicMethodNotInjected"/>
  <testcase time="0" classname="org.atinject.tck.auto.Convertible$Tests" name="testFieldsInjectedBeforeMethods"/>
  <testcase time="0" classname="org.atinject.tck.auto.Convertible$Tests" name="testSupertypeMethodsInjectedBeforeSubtypeFields"/>
  <testcase time="0" classname="org.atinject.tck.auto.Convertible$Tests" name="testSupertypeMethodInjectedBeforeSubtypeMethods"/>
  <testcase time="0" classname="org.atinject.tck.auto.Convertible$Tests" name="testPackagePrivateMethodInjectedEvenWhenSimilarMethodLacksAnnotation"/>
  <testcase time="0" classname="org.atinject.tck.auto.Convertible$Tests" name="testPrivateMethodNotInjectedWhenSupertypeHasAnnotatedSimilarMethod"/>
  <testcase time="0" classname="org.atinject.tck.auto.Convertible$Tests" name="testPackagePrivateMethodNotInjectedWhenOverrideLacksAnnotation"/>
  <testcase time="0" classname="org.atinject.tck.auto.Convertible$Tests" name="testPackagePrivateMethodNotInjectedWhenSupertypeHasAnnotatedSimilarMethod"/>
  <testcase time="0" classname="org.atinject.tck.auto.Convertible$Tests" name="testProtectedMethodNotInjectedWhenOverrideNotAnnotated"/>
  <testcase time="0" classname="org.atinject.tck.auto.Convertible$Tests" name="testPublicMethodNotInjectedWhenOverrideNotAnnotated"/>
  <testcase time="0.001" classname="org.atinject.tck.auto.Convertible$Tests" name="testTwiceOverriddenMethodNotInjectedWhenOverrideLacksAnnotation"/>
  <testcase time="0" classname="org.atinject.tck.auto.Convertible$Tests" name="testOverriddingMixedWithPackagePrivate2"/>
  <testcase time="0.001" classname="org.atinject.tck.auto.Convertible$Tests" name="testOverriddingMixedWithPackagePrivate3"/>
  <testcase time="0" classname="org.atinject.tck.auto.Convertible$Tests" name="testOverriddingMixedWithPackagePrivate4"/>
  <testcase time="0" classname="org.atinject.tck.auto.Convertible$Tests" name="testOverriddenPackagePrivateMethodInjectedOnlyOnce"/>
  <testcase time="0.001" classname="org.atinject.tck.auto.Convertible$Tests" name="testSimilarPackagePrivateMethodInjectedOnlyOnce"/>
  <testcase time="0" classname="org.atinject.tck.auto.Convertible$Tests" name="testOverriddenProtectedMethodInjectedOnlyOnce"/>
  <testcase time="0" classname="org.atinject.tck.auto.Convertible$Tests" name="testOverriddenPublicMethodInjectedOnlyOnce"/>
  <testcase time="0" classname="org.atinject.tck.auto.Convertible$PrivateTests" name="testSupertypePrivateMethodInjected"/>
  <testcase time="0.001" classname="org.atinject.tck.auto.Convertible$PrivateTests" name="testPackagePrivateMethodInjectedSamePackage"/>
  <testcase time="0" classname="org.atinject.tck.auto.Convertible$PrivateTests" name="testPrivateMethodInjectedEvenWhenSimilarMethodLacksAnnotation"/>
  <testcase time="0" classname="org.atinject.tck.auto.Convertible$PrivateTests" name="testSimilarPrivateMethodInjectedOnlyOnce"/>
</testsuite>