<?xml version="1.0" encoding="UTF-8" ?>
<testsuite failures="0" time="0.004" errors="0" skipped="0" tests="1" name="org.jboss.weld.tests.unit.VersionTest">
  <properties>
    <property name="java.runtime.name" value="Java(TM) SE Runtime Environment"/>
    <property name="sun.boot.library.path" value="/usr/lib/jvm/jdk1.6.0_33/jre/lib/amd64"/>
    <property name="java.vm.version" value="20.8-b03"/>
    <property name="java.vm.vendor" value="Sun Microsystems Inc."/>
    <property name="java.vendor.url" value="http://java.sun.com/"/>
    <property name="path.separator" value=":"/>
    <property name="java.vm.name" value="Java HotSpot(TM) 64-Bit Server VM"/>
    <property name="file.encoding.pkg" value="sun.io"/>
    <property name="user.country" value="US"/>
    <property name="sun.java.launcher" value="SUN_STANDARD"/>
    <property name="sun.os.patch.level" value="unknown"/>
    <property name="java.vm.specification.name" value="Java Virtual Machine Specification"/>
    <property name="user.dir" value="/software/weld/core/impl"/>
    <property name="java.runtime.version" value="1.6.0_33-b04"/>
    <property name="java.awt.graphicsenv" value="sun.awt.X11GraphicsEnvironment"/>
    <property name="basedir" value="/software/weld/core/impl"/>
    <property name="java.endorsed.dirs" value="/usr/lib/jvm/jdk1.6.0_33/jre/lib/endorsed"/>
    <property name="os.arch" value="amd64"/>
    <property name="surefire.real.class.path" value="/tmp/surefirebooter6009078665155604843.jar"/>
    <property name="java.io.tmpdir" value="/tmp"/>
    <property name="line.separator" value="
"/>
    <property name="java.vm.specification.vendor" value="Sun Microsystems Inc."/>
    <property name="os.name" value="Linux"/>
    <property name="sun.jnu.encoding" value="UTF-8"/>
    <property name="java.library.path" value="/usr/lib/jvm/jdk1.6.0_33/jre/lib/amd64/server:/usr/lib/jvm/jdk1.6.0_33/jre/lib/amd64:/usr/lib/jvm/jdk1.6.0_33/jre/../lib/amd64:/usr/java/packages/lib/amd64:/usr/lib64:/lib64:/lib:/usr/lib"/>
    <property name="surefire.test.class.path" value="/software/weld/core/impl/target/test-classes:/software/weld/core/impl/target/classes:/opt/apache-maven/repository/javax/enterprise/cdi-api/1.0-SP4/cdi-api-1.0-SP4.jar:/opt/apache-maven/repository/javax/inject/javax.inject/1/javax.inject-1.jar:/opt/apache-maven/repository/org/jboss/weld/weld-api/1.1.Final/weld-api-1.1.Final.jar:/opt/apache-maven/repository/org/jboss/weld/weld-spi/1.1.Final/weld-spi-1.1.Final.jar:/opt/apache-maven/repository/org/jboss/spec/javax/ejb/jboss-ejb-api_3.1_spec/1.0.0.CR2/jboss-ejb-api_3.1_spec-1.0.0.CR2.jar:/opt/apache-maven/repository/org/jboss/spec/javax/transaction/jboss-transaction-api_1.1_spec/1.0.0.Beta1/jboss-transaction-api_1.1_spec-1.0.0.Beta1.jar:/opt/apache-maven/repository/javax/xml/jaxrpc-api/1.1/jaxrpc-api-1.1.jar:/opt/apache-maven/repository/javax/servlet/servlet-api/2.5/servlet-api-2.5.jar:/opt/apache-maven/repository/javax/servlet/jsp/jsp-api/2.1/jsp-api-2.1.jar:/opt/apache-maven/repository/javax/transaction/jta/1.1/jta-1.1.jar:/opt/apache-maven/repository/javax/annotation/jsr250-api/1.0/jsr250-api-1.0.jar:/opt/apache-maven/repository/javax/validation/validation-api/1.0.0.GA/validation-api-1.0.0.GA.jar:/opt/apache-maven/repository/javax/persistence/persistence-api/1.0/persistence-api-1.0.jar:/opt/apache-maven/repository/org/javassist/javassist/3.14.0-GA/javassist-3.14.0-GA.jar:/opt/apache-maven/repository/com/google/guava/guava/11.0.2/guava-11.0.2.jar:/opt/apache-maven/repository/com/google/code/findbugs/jsr305/1.3.9/jsr305-1.3.9.jar:/opt/apache-maven/repository/javax/el/el-api/2.2/el-api-2.2.jar:/opt/apache-maven/repository/javax/faces/jsf-api/2.0/jsf-api-2.0.jar:/opt/apache-maven/repository/org/jboss/spec/javax/interceptor/jboss-interceptors-api_1.1_spec/1.0.0.Beta1/jboss-interceptors-api_1.1_spec-1.0.0.Beta1.jar:/opt/apache-maven/repository/org/slf4j/slf4j-ext/1.6.1/slf4j-ext-1.6.1.jar:/opt/apache-maven/repository/ch/qos/cal10n/cal10n-api/0.7.2/cal10n-api-0.7.2.jar:/opt/apache-maven/repository/org/slf4j/slf4j-api/1.6.1/slf4j-api-1.6.1.jar:/opt/apache-maven/repository/net/sourceforge/findbugs/annotations/1.3.2/annotations-1.3.2.jar:/opt/apache-maven/repository/junit/junit/4.8.1/junit-4.8.1.jar:/opt/apache-maven/repository/org/slf4j/slf4j-simple/1.6.1/slf4j-simple-1.6.1.jar:"/>
    <property name="java.specification.name" value="Java Platform API Specification"/>
    <property name="java.class.version" value="50.0"/>
    <property name="sun.management.compiler" value="HotSpot 64-Bit Tiered Compilers"/>
    <property name="os.version" value="3.0.0-17-generic"/>
    <property name="user.home" value="/home/jsnyder"/>
    <property name="user.timezone" value=""/>
    <property name="java.awt.printerjob" value="sun.print.PSPrinterJob"/>
    <property name="file.encoding" value="UTF-8"/>
    <property name="java.specification.version" value="1.6"/>
    <property name="user.name" value="jsnyder"/>
    <property name="java.class.path" value="/software/weld/core/impl/target/test-classes:/software/weld/core/impl/target/classes:/opt/apache-maven/repository/javax/enterprise/cdi-api/1.0-SP4/cdi-api-1.0-SP4.jar:/opt/apache-maven/repository/javax/inject/javax.inject/1/javax.inject-1.jar:/opt/apache-maven/repository/org/jboss/weld/weld-api/1.1.Final/weld-api-1.1.Final.jar:/opt/apache-maven/repository/org/jboss/weld/weld-spi/1.1.Final/weld-spi-1.1.Final.jar:/opt/apache-maven/repository/org/jboss/spec/javax/ejb/jboss-ejb-api_3.1_spec/1.0.0.CR2/jboss-ejb-api_3.1_spec-1.0.0.CR2.jar:/opt/apache-maven/repository/org/jboss/spec/javax/transaction/jboss-transaction-api_1.1_spec/1.0.0.Beta1/jboss-transaction-api_1.1_spec-1.0.0.Beta1.jar:/opt/apache-maven/repository/javax/xml/jaxrpc-api/1.1/jaxrpc-api-1.1.jar:/opt/apache-maven/repository/javax/servlet/servlet-api/2.5/servlet-api-2.5.jar:/opt/apache-maven/repository/javax/servlet/jsp/jsp-api/2.1/jsp-api-2.1.jar:/opt/apache-maven/repository/javax/transaction/jta/1.1/jta-1.1.jar:/opt/apache-maven/repository/javax/annotation/jsr250-api/1.0/jsr250-api-1.0.jar:/opt/apache-maven/repository/javax/validation/validation-api/1.0.0.GA/validation-api-1.0.0.GA.jar:/opt/apache-maven/repository/javax/persistence/persistence-api/1.0/persistence-api-1.0.jar:/opt/apache-maven/repository/org/javassist/javassist/3.14.0-GA/javassist-3.14.0-GA.jar:/opt/apache-maven/repository/com/google/guava/guava/11.0.2/guava-11.0.2.jar:/opt/apache-maven/repository/com/google/code/findbugs/jsr305/1.3.9/jsr305-1.3.9.jar:/opt/apache-maven/repository/javax/el/el-api/2.2/el-api-2.2.jar:/opt/apache-maven/repository/javax/faces/jsf-api/2.0/jsf-api-2.0.jar:/opt/apache-maven/repository/org/jboss/spec/javax/interceptor/jboss-interceptors-api_1.1_spec/1.0.0.Beta1/jboss-interceptors-api_1.1_spec-1.0.0.Beta1.jar:/opt/apache-maven/repository/org/slf4j/slf4j-ext/1.6.1/slf4j-ext-1.6.1.jar:/opt/apache-maven/repository/ch/qos/cal10n/cal10n-api/0.7.2/cal10n-api-0.7.2.jar:/opt/apache-maven/repository/org/slf4j/slf4j-api/1.6.1/slf4j-api-1.6.1.jar:/opt/apache-maven/repository/net/sourceforge/findbugs/annotations/1.3.2/annotations-1.3.2.jar:/opt/apache-maven/repository/junit/junit/4.8.1/junit-4.8.1.jar:/opt/apache-maven/repository/org/slf4j/slf4j-simple/1.6.1/slf4j-simple-1.6.1.jar:"/>
    <property name="java.vm.specification.version" value="1.0"/>
    <property name="sun.arch.data.model" value="64"/>
    <property name="java.home" value="/usr/lib/jvm/jdk1.6.0_33/jre"/>
    <property name="sun.java.command" value="/tmp/surefirebooter6009078665155604843.jar /tmp/surefire9159374151435561353tmp /tmp/surefire2414276942940017003tmp"/>
    <property name="java.specification.vendor" value="Sun Microsystems Inc."/>
    <property name="user.language" value="en"/>
    <property name="java.vm.info" value="mixed mode"/>
    <property name="java.version" value="1.6.0_33"/>
    <property name="java.ext.dirs" value="/usr/lib/jvm/jdk1.6.0_33/jre/lib/ext:/usr/java/packages/lib/ext"/>
    <property name="sun.boot.class.path" value="/usr/lib/jvm/jdk1.6.0_33/jre/lib/resources.jar:/usr/lib/jvm/jdk1.6.0_33/jre/lib/rt.jar:/usr/lib/jvm/jdk1.6.0_33/jre/lib/sunrsasign.jar:/usr/lib/jvm/jdk1.6.0_33/jre/lib/jsse.jar:/usr/lib/jvm/jdk1.6.0_33/jre/lib/jce.jar:/usr/lib/jvm/jdk1.6.0_33/jre/lib/charsets.jar:/usr/lib/jvm/jdk1.6.0_33/jre/lib/modules/jdk.boot.jar:/usr/lib/jvm/jdk1.6.0_33/jre/classes"/>
    <property name="java.vendor" value="Sun Microsystems Inc."/>
    <property name="localRepository" value="/opt/apache-maven/repository"/>
    <property name="file.separator" value="/"/>
    <property name="java.vendor.url.bug" value="http://java.sun.com/cgi-bin/bugreport.cgi"/>
    <property name="sun.cpu.endian" value="little"/>
    <property name="sun.io.unicode.encoding" value="UnicodeLittle"/>
    <property name="sun.desktop" value="gnome"/>
    <property name="sun.cpu.isalist" value=""/>
  </properties>
  <testcase time="0.003" classname="org.jboss.weld.tests.unit.VersionTest" name="testVersionParser"/>
</testsuite>