<Beans xmlns="urn:java:ee"
       xmlns:test="urn:java:org.jboss.webbeans.test.unit.bootstrap"> 
   <Deploy>
      <Standard />
      <Production />
      <test:AnotherDeploymentType />
   </Deploy>
</Beans>
