<beans> 
   <deploy>
      <type>javax.enterprise.inject.deployment.Standard</type>
      <type>javax.enterprise.inject.deployment.Production</type>
      <type>org.jboss.webbeans.test.unit.bootstrap.AnotherDeploymentType</type>
   </deploy>
</beans>
